<?xml version="1.0" encoding="utf-8"?>
<CoverageSession xmlns:xsd="http://www.w3.org/2001/XMLSchema" xmlns:xsi="http://www.w3.org/2001/XMLSchema-instance" Version="0.0.0.0">
  <Summary numSequencePoints="319" visitedSequencePoints="319" numBranchPoints="0" visitedBranchPoints="0" sequenceCoverage="100.0" branchCoverage="0.0" maxCyclomaticComplexity="0" minCyclomaticComplexity="0" maxCrapScore="0" minCrapScore="0" visitedClasses="13" numClasses="13" visitedMethods="72" numMethods="72" />
  <Modules>
    <Module>
      <Summary numSequencePoints="319" visitedSequencePoints="319" numBranchPoints="0" visitedBranchPoints="0" sequenceCoverage="100.0" branchCoverage="0.0" maxCyclomaticComplexity="0" minCyclomaticComplexity="0" maxCrapScore="0" minCrapScore="0" visitedClasses="13" numClasses="13" visitedMethods="72" numMethods="72" />
      <ModuleTime>0001-01-01T00:00:00</ModuleTime>
      <ModuleName>Scripts</ModuleName>
      <Files>
        <File uid="1" fullPath="C:/ImageCampus/TopicosAvanzadosEnProgramacion/TrabajoPractico2/Assets/Scripts/Map/MapData.cs" />
        <File uid="2" fullPath="C:/ImageCampus/TopicosAvanzadosEnProgramacion/TrabajoPractico2/Assets/Scripts/Player/PlayerModel.cs" />
        <File uid="3" fullPath="C:/ImageCampus/TopicosAvanzadosEnProgramacion/TrabajoPractico2/Assets/Scripts/Player/PlayerPresenter.cs" />
        <File uid="4" fullPath="C:/ImageCampus/TopicosAvanzadosEnProgramacion/TrabajoPractico2/Assets/Scripts/Ship/ShipModel.cs" />
        <File uid="5" fullPath="C:/ImageCampus/TopicosAvanzadosEnProgramacion/TrabajoPractico2/Assets/Scripts/Ship/ShipPresenter.cs" />
        <File uid="6" fullPath="C:/ImageCampus/TopicosAvanzadosEnProgramacion/TrabajoPractico2/Assets/Scripts/ShipManager/ShipManagerModel.cs" />
        <File uid="7" fullPath="C:/ImageCampus/TopicosAvanzadosEnProgramacion/TrabajoPractico2/Assets/Scripts/ShipManager/ShipManagerPresenter.cs" />
        <File uid="8" fullPath="C:/ImageCampus/TopicosAvanzadosEnProgramacion/TrabajoPractico2/Assets/Scripts/Sound/ClipsData.cs" />
        <File uid="9" fullPath="C:/ImageCampus/TopicosAvanzadosEnProgramacion/TrabajoPractico2/Assets/Scripts/UI/EndMenu/EndMenuPresenter.cs" />
        <File uid="10" fullPath="C:/ImageCampus/TopicosAvanzadosEnProgramacion/TrabajoPractico2/Assets/Scripts/UI/MainMenu/MainMenuPresenter.cs" />
        <File uid="11" fullPath="C:/ImageCampus/TopicosAvanzadosEnProgramacion/TrabajoPractico2/Assets/Scripts/Utils/ServiceProvider/ServiceProvider.cs" />
        <File uid="12" fullPath="C:/ImageCampus/TopicosAvanzadosEnProgramacion/TrabajoPractico2/Assets/Scripts/Utils/TaskScheduler/TaskScheduler.cs" />
      </Files>
      <Classes>
        <Class>
          <Summary numSequencePoints="12" visitedSequencePoints="12" numBranchPoints="0" visitedBranchPoints="0" sequenceCoverage="100.0" branchCoverage="0.0" maxCyclomaticComplexity="0" minCyclomaticComplexity="0" maxCrapScore="0" minCrapScore="0" visitedClasses="1" numClasses="1" visitedMethods="6" numMethods="6" />
          <FullName>MapData</FullName>
          <Methods>
            <Method visited="true" cyclomaticComplexity="0" nPathComplexity="0" sequenceCoverage="100.0" branchCoverage="0" crapScore="0" isConstructor="false" isStatic="false" isGetter="true" isSetter="false">
              <Summary numSequencePoints="1" visitedSequencePoints="1" numBranchPoints="0" visitedBranchPoints="0" sequenceCoverage="100.0" branchCoverage="0" maxCyclomaticComplexity="0" minCyclomaticComplexity="0" maxCrapScore="0" minCrapScore="0" visitedClasses="0" numClasses="0" visitedMethods="1" numMethods="1" />
              <MetadataToken>100663300</MetadataToken>
              <Name>System.Boolean MapData::get_IsPersistance()</Name>
              <FileRef uid="1" />
              <SequencePoints>
                <SequencePoint vc="1" uspid="346" ordinal="0" offset="0" sl="3" sc="34" el="3" ec="34" bec="0" bev="0" fileid="1" />
              </SequencePoints>
              <BranchPoints />
            </Method>
            <Method visited="true" cyclomaticComplexity="0" nPathComplexity="0" sequenceCoverage="100.0" branchCoverage="0" crapScore="0" isConstructor="false" isStatic="false" isGetter="true" isSetter="false">
              <Summary numSequencePoints="1" visitedSequencePoints="1" numBranchPoints="0" visitedBranchPoints="0" sequenceCoverage="100.0" branchCoverage="0" maxCyclomaticComplexity="0" minCyclomaticComplexity="0" maxCrapScore="0" minCrapScore="0" visitedClasses="0" numClasses="0" visitedMethods="1" numMethods="1" />
              <MetadataToken>100663301</MetadataToken>
              <Name>System.Int32 MapData::get_LaneCount()</Name>
              <FileRef uid="1" />
              <SequencePoints>
                <SequencePoint vc="30" uspid="347" ordinal="0" offset="0" sl="4" sc="28" el="4" ec="28" bec="0" bev="0" fileid="1" />
              </SequencePoints>
              <BranchPoints />
            </Method>
            <Method visited="true" cyclomaticComplexity="0" nPathComplexity="0" sequenceCoverage="100.0" branchCoverage="0" crapScore="0" isConstructor="false" isStatic="false" isGetter="false" isSetter="true">
              <Summary numSequencePoints="1" visitedSequencePoints="1" numBranchPoints="0" visitedBranchPoints="0" sequenceCoverage="100.0" branchCoverage="0" maxCyclomaticComplexity="0" minCyclomaticComplexity="0" maxCrapScore="0" minCrapScore="0" visitedClasses="0" numClasses="0" visitedMethods="1" numMethods="1" />
              <MetadataToken>100663302</MetadataToken>
              <Name>System.Void MapData::set_LaneCount(System.Int32)</Name>
              <FileRef uid="1" />
              <SequencePoints>
                <SequencePoint vc="3" uspid="348" ordinal="0" offset="0" sl="4" sc="33" el="4" ec="33" bec="0" bev="0" fileid="1" />
              </SequencePoints>
              <BranchPoints />
            </Method>
            <Method visited="true" cyclomaticComplexity="0" nPathComplexity="0" sequenceCoverage="100.0" branchCoverage="0" crapScore="0" isConstructor="false" isStatic="false" isGetter="true" isSetter="false">
              <Summary numSequencePoints="1" visitedSequencePoints="1" numBranchPoints="0" visitedBranchPoints="0" sequenceCoverage="100.0" branchCoverage="0" maxCyclomaticComplexity="0" minCyclomaticComplexity="0" maxCrapScore="0" minCrapScore="0" visitedClasses="0" numClasses="0" visitedMethods="1" numMethods="1" />
              <MetadataToken>100663303</MetadataToken>
              <Name>System.Single MapData::get_LaneSize()</Name>
              <FileRef uid="1" />
              <SequencePoints>
                <SequencePoint vc="65" uspid="349" ordinal="0" offset="0" sl="5" sc="29" el="5" ec="29" bec="0" bev="0" fileid="1" />
              </SequencePoints>
              <BranchPoints />
            </Method>
            <Method visited="true" cyclomaticComplexity="0" nPathComplexity="0" sequenceCoverage="100.0" branchCoverage="0" crapScore="0" isConstructor="false" isStatic="false" isGetter="false" isSetter="true">
              <Summary numSequencePoints="1" visitedSequencePoints="1" numBranchPoints="0" visitedBranchPoints="0" sequenceCoverage="100.0" branchCoverage="0" maxCyclomaticComplexity="0" minCyclomaticComplexity="0" maxCrapScore="0" minCrapScore="0" visitedClasses="0" numClasses="0" visitedMethods="1" numMethods="1" />
              <MetadataToken>100663304</MetadataToken>
              <Name>System.Void MapData::set_LaneSize(System.Single)</Name>
              <FileRef uid="1" />
              <SequencePoints>
                <SequencePoint vc="3" uspid="350" ordinal="0" offset="0" sl="5" sc="34" el="5" ec="34" bec="0" bev="0" fileid="1" />
              </SequencePoints>
              <BranchPoints />
            </Method>
            <Method visited="true" cyclomaticComplexity="0" nPathComplexity="0" sequenceCoverage="100.0" branchCoverage="0" crapScore="0" isConstructor="true" isStatic="false" isGetter="false" isSetter="false">
              <Summary numSequencePoints="7" visitedSequencePoints="7" numBranchPoints="0" visitedBranchPoints="0" sequenceCoverage="100.0" branchCoverage="0" maxCyclomaticComplexity="0" minCyclomaticComplexity="0" maxCrapScore="0" minCrapScore="0" visitedClasses="0" numClasses="0" visitedMethods="1" numMethods="1" />
              <MetadataToken>100663305</MetadataToken>
              <Name>MapData::MapData(System.Int32, System.Single)</Name>
              <FileRef uid="1" />
              <SequencePoints>
                <SequencePoint vc="3" uspid="351" ordinal="0" offset="0" sl="4" sc="50" el="4" ec="50" bec="0" bev="0" fileid="1" />
                <SequencePoint vc="3" uspid="352" ordinal="0" offset="7" sl="5" sc="51" el="5" ec="51" bec="0" bev="0" fileid="1" />
                <SequencePoint vc="3" uspid="353" ordinal="0" offset="18" sl="6" sc="5" el="6" ec="5" bec="0" bev="0" fileid="1" />
                <SequencePoint vc="3" uspid="354" ordinal="0" offset="25" sl="7" sc="5" el="7" ec="5" bec="0" bev="0" fileid="1" />
                <SequencePoint vc="3" uspid="355" ordinal="0" offset="26" sl="8" sc="9" el="8" ec="9" bec="0" bev="0" fileid="1" />
                <SequencePoint vc="3" uspid="356" ordinal="0" offset="34" sl="9" sc="9" el="9" ec="9" bec="0" bev="0" fileid="1" />
                <SequencePoint vc="3" uspid="357" ordinal="0" offset="42" sl="10" sc="5" el="10" ec="5" bec="0" bev="0" fileid="1" />
              </SequencePoints>
              <BranchPoints />
            </Method>
          </Methods>
        </Class>
        <Class>
          <Summary numSequencePoints="8" visitedSequencePoints="8" numBranchPoints="0" visitedBranchPoints="0" sequenceCoverage="100.0" branchCoverage="0.0" maxCyclomaticComplexity="0" minCyclomaticComplexity="0" maxCrapScore="0" minCrapScore="0" visitedClasses="1" numClasses="1" visitedMethods="6" numMethods="6" />
          <FullName>PlayerModel</FullName>
          <Methods>
            <Method visited="true" cyclomaticComplexity="0" nPathComplexity="0" sequenceCoverage="100.0" branchCoverage="0" crapScore="0" isConstructor="false" isStatic="false" isGetter="true" isSetter="false">
              <Summary numSequencePoints="1" visitedSequencePoints="1" numBranchPoints="0" visitedBranchPoints="0" sequenceCoverage="100.0" branchCoverage="0" maxCyclomaticComplexity="0" minCyclomaticComplexity="0" maxCrapScore="0" minCrapScore="0" visitedClasses="0" numClasses="0" visitedMethods="1" numMethods="1" />
              <MetadataToken>100663330</MetadataToken>
              <Name>System.Boolean PlayerModel::get_IsMoving()</Name>
              <FileRef uid="2" />
              <SequencePoints>
                <SequencePoint vc="4" uspid="360" ordinal="0" offset="0" sl="5" sc="28" el="5" ec="28" bec="0" bev="0" fileid="2" />
              </SequencePoints>
              <BranchPoints />
            </Method>
            <Method visited="true" cyclomaticComplexity="0" nPathComplexity="0" sequenceCoverage="100.0" branchCoverage="0" crapScore="0" isConstructor="false" isStatic="false" isGetter="false" isSetter="true">
              <Summary numSequencePoints="1" visitedSequencePoints="1" numBranchPoints="0" visitedBranchPoints="0" sequenceCoverage="100.0" branchCoverage="0" maxCyclomaticComplexity="0" minCyclomaticComplexity="0" maxCrapScore="0" minCrapScore="0" visitedClasses="0" numClasses="0" visitedMethods="1" numMethods="1" />
              <MetadataToken>100663331</MetadataToken>
              <Name>System.Void PlayerModel::set_IsMoving(System.Boolean)</Name>
              <FileRef uid="2" />
              <SequencePoints>
                <SequencePoint vc="4" uspid="361" ordinal="0" offset="0" sl="5" sc="33" el="5" ec="33" bec="0" bev="0" fileid="2" />
              </SequencePoints>
              <BranchPoints />
            </Method>
            <Method visited="true" cyclomaticComplexity="0" nPathComplexity="0" sequenceCoverage="100.0" branchCoverage="0" crapScore="0" isConstructor="false" isStatic="false" isGetter="true" isSetter="false">
              <Summary numSequencePoints="1" visitedSequencePoints="1" numBranchPoints="0" visitedBranchPoints="0" sequenceCoverage="100.0" branchCoverage="0" maxCyclomaticComplexity="0" minCyclomaticComplexity="0" maxCrapScore="0" minCrapScore="0" visitedClasses="0" numClasses="0" visitedMethods="1" numMethods="1" />
              <MetadataToken>100663332</MetadataToken>
              <Name>System.Boolean PlayerModel::get_IsFinish()</Name>
              <FileRef uid="2" />
              <SequencePoints>
                <SequencePoint vc="2" uspid="362" ordinal="0" offset="0" sl="6" sc="28" el="6" ec="28" bec="0" bev="0" fileid="2" />
              </SequencePoints>
              <BranchPoints />
            </Method>
            <Method visited="true" cyclomaticComplexity="0" nPathComplexity="0" sequenceCoverage="100.0" branchCoverage="0" crapScore="0" isConstructor="false" isStatic="false" isGetter="false" isSetter="true">
              <Summary numSequencePoints="1" visitedSequencePoints="1" numBranchPoints="0" visitedBranchPoints="0" sequenceCoverage="100.0" branchCoverage="0" maxCyclomaticComplexity="0" minCyclomaticComplexity="0" maxCrapScore="0" minCrapScore="0" visitedClasses="0" numClasses="0" visitedMethods="1" numMethods="1" />
              <MetadataToken>100663333</MetadataToken>
              <Name>System.Void PlayerModel::set_IsFinish(System.Boolean)</Name>
              <FileRef uid="2" />
              <SequencePoints>
                <SequencePoint vc="4" uspid="363" ordinal="0" offset="0" sl="6" sc="33" el="6" ec="33" bec="0" bev="0" fileid="2" />
              </SequencePoints>
              <BranchPoints />
            </Method>
            <Method visited="true" cyclomaticComplexity="0" nPathComplexity="0" sequenceCoverage="100.0" branchCoverage="0" crapScore="0" isConstructor="false" isStatic="false" isGetter="true" isSetter="false">
              <Summary numSequencePoints="1" visitedSequencePoints="1" numBranchPoints="0" visitedBranchPoints="0" sequenceCoverage="100.0" branchCoverage="0" maxCyclomaticComplexity="0" minCyclomaticComplexity="0" maxCrapScore="0" minCrapScore="0" visitedClasses="0" numClasses="0" visitedMethods="1" numMethods="1" />
              <MetadataToken>100663334</MetadataToken>
              <Name>System.Boolean PlayerModel::get_CanNotMove()</Name>
              <FileRef uid="2" />
              <SequencePoints>
                <SequencePoint vc="4" uspid="364" ordinal="0" offset="0" sl="7" sc="31" el="7" ec="31" bec="0" bev="0" fileid="2" />
              </SequencePoints>
              <BranchPoints />
            </Method>
            <Method visited="true" cyclomaticComplexity="0" nPathComplexity="0" sequenceCoverage="100.0" branchCoverage="0" crapScore="0" isConstructor="true" isStatic="false" isGetter="false" isSetter="false">
              <Summary numSequencePoints="3" visitedSequencePoints="3" numBranchPoints="0" visitedBranchPoints="0" sequenceCoverage="100.0" branchCoverage="0" maxCyclomaticComplexity="0" minCyclomaticComplexity="0" maxCrapScore="0" minCrapScore="0" visitedClasses="0" numClasses="0" visitedMethods="1" numMethods="1" />
              <MetadataToken>100663335</MetadataToken>
              <Name>PlayerModel::PlayerModel()</Name>
              <FileRef uid="2" />
              <SequencePoints>
                <SequencePoint vc="4" uspid="365" ordinal="0" offset="0" sl="4" sc="44" el="4" ec="44" bec="0" bev="0" fileid="2" />
                <SequencePoint vc="4" uspid="366" ordinal="0" offset="7" sl="5" sc="42" el="5" ec="42" bec="0" bev="0" fileid="2" />
                <SequencePoint vc="4" uspid="367" ordinal="0" offset="14" sl="6" sc="42" el="6" ec="42" bec="0" bev="0" fileid="2" />
              </SequencePoints>
              <BranchPoints />
            </Method>
          </Methods>
        </Class>
        <Class>
          <Summary numSequencePoints="69" visitedSequencePoints="69" numBranchPoints="0" visitedBranchPoints="0" sequenceCoverage="100.0" branchCoverage="0.0" maxCyclomaticComplexity="0" minCyclomaticComplexity="0" maxCrapScore="0" minCrapScore="0" visitedClasses="1" numClasses="1" visitedMethods="12" numMethods="12" />
          <FullName>PlayerPresenter</FullName>
          <Methods>
            <Method visited="true" cyclomaticComplexity="0" nPathComplexity="0" sequenceCoverage="100.0" branchCoverage="0" crapScore="0" isConstructor="false" isStatic="false" isGetter="true" isSetter="false">
              <Summary numSequencePoints="1" visitedSequencePoints="1" numBranchPoints="0" visitedBranchPoints="0" sequenceCoverage="100.0" branchCoverage="0" maxCyclomaticComplexity="0" minCyclomaticComplexity="0" maxCrapScore="0" minCrapScore="0" visitedClasses="0" numClasses="0" visitedMethods="1" numMethods="1" />
              <MetadataToken>100663336</MetadataToken>
              <Name>MapData PlayerPresenter::get_MapData()</Name>
              <FileRef uid="3" />
              <SequencePoints>
                <SequencePoint vc="77" uspid="368" ordinal="0" offset="0" sl="8" sc="32" el="8" ec="32" bec="0" bev="0" fileid="3" />
              </SequencePoints>
              <BranchPoints />
            </Method>
            <Method visited="true" cyclomaticComplexity="0" nPathComplexity="0" sequenceCoverage="100.0" branchCoverage="0" crapScore="0" isConstructor="false" isStatic="false" isGetter="true" isSetter="false">
              <Summary numSequencePoints="1" visitedSequencePoints="1" numBranchPoints="0" visitedBranchPoints="0" sequenceCoverage="100.0" branchCoverage="0" maxCyclomaticComplexity="0" minCyclomaticComplexity="0" maxCrapScore="0" minCrapScore="0" visitedClasses="0" numClasses="0" visitedMethods="1" numMethods="1" />
              <MetadataToken>100663337</MetadataToken>
              <Name>ClipsData PlayerPresenter::get_ClipsData()</Name>
              <FileRef uid="3" />
              <SequencePoints>
                <SequencePoint vc="48" uspid="369" ordinal="0" offset="0" sl="9" sc="36" el="9" ec="36" bec="0" bev="0" fileid="3" />
              </SequencePoints>
              <BranchPoints />
            </Method>
            <Method visited="true" cyclomaticComplexity="0" nPathComplexity="0" sequenceCoverage="100.0" branchCoverage="0" crapScore="0" isConstructor="false" isStatic="false" isGetter="true" isSetter="false">
              <Summary numSequencePoints="1" visitedSequencePoints="1" numBranchPoints="0" visitedBranchPoints="0" sequenceCoverage="100.0" branchCoverage="0" maxCyclomaticComplexity="0" minCyclomaticComplexity="0" maxCrapScore="0" minCrapScore="0" visitedClasses="0" numClasses="0" visitedMethods="1" numMethods="1" />
              <MetadataToken>100663338</MetadataToken>
              <Name>System.Object PlayerPresenter::get_AnimationCoroutine()</Name>
              <FileRef uid="3" />
              <SequencePoints>
                <SequencePoint vc="84" uspid="370" ordinal="0" offset="0" sl="13" sc="40" el="13" ec="40" bec="0" bev="0" fileid="3" />
              </SequencePoints>
              <BranchPoints />
            </Method>
            <Method visited="true" cyclomaticComplexity="0" nPathComplexity="0" sequenceCoverage="100.0" branchCoverage="0" crapScore="0" isConstructor="false" isStatic="false" isGetter="false" isSetter="true">
              <Summary numSequencePoints="1" visitedSequencePoints="1" numBranchPoints="0" visitedBranchPoints="0" sequenceCoverage="100.0" branchCoverage="0" maxCyclomaticComplexity="0" minCyclomaticComplexity="0" maxCrapScore="0" minCrapScore="0" visitedClasses="0" numClasses="0" visitedMethods="1" numMethods="1" />
              <MetadataToken>100663339</MetadataToken>
              <Name>System.Void PlayerPresenter::set_AnimationCoroutine(System.Object)</Name>
              <FileRef uid="3" />
              <SequencePoints>
                <SequencePoint vc="53" uspid="371" ordinal="0" offset="0" sl="13" sc="45" el="13" ec="45" bec="0" bev="0" fileid="3" />
              </SequencePoints>
              <BranchPoints />
            </Method>
            <Method visited="true" cyclomaticComplexity="0" nPathComplexity="0" sequenceCoverage="100.0" branchCoverage="0" crapScore="0" isConstructor="false" isStatic="false" isGetter="false" isSetter="false">
              <Summary numSequencePoints="3" visitedSequencePoints="3" numBranchPoints="0" visitedBranchPoints="0" sequenceCoverage="100.0" branchCoverage="0" maxCyclomaticComplexity="0" minCyclomaticComplexity="0" maxCrapScore="0" minCrapScore="0" visitedClasses="0" numClasses="0" visitedMethods="1" numMethods="1" />
              <MetadataToken>100663341</MetadataToken>
              <Name>System.Void PlayerPresenter::OnStart()</Name>
              <FileRef uid="3" />
              <SequencePoints>
                <SequencePoint vc="1" uspid="372" ordinal="0" offset="0" sl="28" sc="5" el="28" ec="5" bec="0" bev="0" fileid="3" />
                <SequencePoint vc="1" uspid="373" ordinal="0" offset="1" sl="29" sc="9" el="29" ec="9" bec="0" bev="0" fileid="3" />
                <SequencePoint vc="1" uspid="374" ordinal="0" offset="19" sl="30" sc="5" el="30" ec="5" bec="0" bev="0" fileid="3" />
              </SequencePoints>
              <BranchPoints />
            </Method>
            <Method visited="true" cyclomaticComplexity="0" nPathComplexity="0" sequenceCoverage="100.0" branchCoverage="0" crapScore="0" isConstructor="false" isStatic="false" isGetter="false" isSetter="false">
              <Summary numSequencePoints="7" visitedSequencePoints="7" numBranchPoints="0" visitedBranchPoints="0" sequenceCoverage="100.0" branchCoverage="0" maxCyclomaticComplexity="0" minCyclomaticComplexity="0" maxCrapScore="0" minCrapScore="0" visitedClasses="0" numClasses="0" visitedMethods="1" numMethods="1" />
              <MetadataToken>100663342</MetadataToken>
              <Name>System.Void PlayerPresenter::OnTerminate()</Name>
              <FileRef uid="3" />
              <SequencePoints>
                <SequencePoint vc="1" uspid="375" ordinal="0" offset="0" sl="33" sc="5" el="33" ec="5" bec="0" bev="0" fileid="3" />
                <SequencePoint vc="1" uspid="376" ordinal="0" offset="1" sl="34" sc="9" el="34" ec="9" bec="0" bev="0" fileid="3" />
                <SequencePoint vc="1" uspid="377" ordinal="0" offset="41" sl="35" sc="9" el="35" ec="9" bec="0" bev="0" fileid="3" />
                <SequencePoint vc="1" uspid="378" ordinal="0" offset="81" sl="36" sc="9" el="36" ec="9" bec="0" bev="0" fileid="3" />
                <SequencePoint vc="1" uspid="379" ordinal="0" offset="121" sl="37" sc="9" el="37" ec="9" bec="0" bev="0" fileid="3" />
                <SequencePoint vc="1" uspid="380" ordinal="0" offset="161" sl="38" sc="9" el="38" ec="9" bec="0" bev="0" fileid="3" />
                <SequencePoint vc="1" uspid="381" ordinal="0" offset="201" sl="39" sc="5" el="39" ec="5" bec="0" bev="0" fileid="3" />
              </SequencePoints>
              <BranchPoints />
            </Method>
            <Method visited="true" cyclomaticComplexity="0" nPathComplexity="0" sequenceCoverage="100.0" branchCoverage="0" crapScore="0" isConstructor="false" isStatic="false" isGetter="false" isSetter="false">
              <Summary numSequencePoints="8" visitedSequencePoints="8" numBranchPoints="0" visitedBranchPoints="0" sequenceCoverage="100.0" branchCoverage="0" maxCyclomaticComplexity="0" minCyclomaticComplexity="0" maxCrapScore="0" minCrapScore="0" visitedClasses="0" numClasses="0" visitedMethods="1" numMethods="1" />
              <MetadataToken>100663343</MetadataToken>
              <Name>System.Void PlayerPresenter::OnMoveUp()</Name>
              <FileRef uid="3" />
              <SequencePoints>
                <SequencePoint vc="32" uspid="382" ordinal="0" offset="0" sl="42" sc="5" el="42" ec="5" bec="0" bev="0" fileid="3" />
                <SequencePoint vc="32" uspid="383" ordinal="0" offset="1" sl="43" sc="9" el="43" ec="9" bec="0" bev="0" fileid="3" />
                <SequencePoint vc="6" uspid="384" ordinal="0" offset="16" sl="44" sc="13" el="44" ec="13" bec="0" bev="0" fileid="3" />
                <SequencePoint vc="26" uspid="385" ordinal="0" offset="18" sl="45" sc="9" el="45" ec="9" bec="0" bev="0" fileid="3" />
                <SequencePoint vc="26" uspid="386" ordinal="0" offset="43" sl="46" sc="9" el="46" ec="9" bec="0" bev="0" fileid="3" />
                <SequencePoint vc="26" uspid="387" ordinal="0" offset="56" sl="47" sc="9" el="47" ec="9" bec="0" bev="0" fileid="3" />
                <SequencePoint vc="26" uspid="388" ordinal="0" offset="99" sl="48" sc="9" el="48" ec="9" bec="0" bev="0" fileid="3" />
                <SequencePoint vc="32" uspid="389" ordinal="0" offset="140" sl="49" sc="5" el="49" ec="5" bec="0" bev="0" fileid="3" />
              </SequencePoints>
              <BranchPoints />
            </Method>
            <Method visited="true" cyclomaticComplexity="0" nPathComplexity="0" sequenceCoverage="100.0" branchCoverage="0" crapScore="0" isConstructor="false" isStatic="false" isGetter="false" isSetter="false">
              <Summary numSequencePoints="8" visitedSequencePoints="8" numBranchPoints="0" visitedBranchPoints="0" sequenceCoverage="100.0" branchCoverage="0" maxCyclomaticComplexity="0" minCyclomaticComplexity="0" maxCrapScore="0" minCrapScore="0" visitedClasses="0" numClasses="0" visitedMethods="1" numMethods="1" />
              <MetadataToken>100663344</MetadataToken>
              <Name>System.Void PlayerPresenter::OnMoveDown()</Name>
              <FileRef uid="3" />
              <SequencePoints>
                <SequencePoint vc="22" uspid="390" ordinal="0" offset="0" sl="52" sc="5" el="52" ec="5" bec="0" bev="0" fileid="3" />
                <SequencePoint vc="22" uspid="391" ordinal="0" offset="1" sl="53" sc="9" el="53" ec="9" bec="0" bev="0" fileid="3" />
                <SequencePoint vc="6" uspid="392" ordinal="0" offset="16" sl="54" sc="13" el="54" ec="13" bec="0" bev="0" fileid="3" />
                <SequencePoint vc="16" uspid="393" ordinal="0" offset="18" sl="55" sc="9" el="55" ec="9" bec="0" bev="0" fileid="3" />
                <SequencePoint vc="16" uspid="394" ordinal="0" offset="43" sl="56" sc="9" el="56" ec="9" bec="0" bev="0" fileid="3" />
                <SequencePoint vc="16" uspid="395" ordinal="0" offset="56" sl="57" sc="9" el="57" ec="9" bec="0" bev="0" fileid="3" />
                <SequencePoint vc="16" uspid="396" ordinal="0" offset="87" sl="58" sc="9" el="58" ec="9" bec="0" bev="0" fileid="3" />
                <SequencePoint vc="22" uspid="397" ordinal="0" offset="128" sl="59" sc="5" el="59" ec="5" bec="0" bev="0" fileid="3" />
              </SequencePoints>
              <BranchPoints />
            </Method>
            <Method visited="true" cyclomaticComplexity="0" nPathComplexity="0" sequenceCoverage="100.0" branchCoverage="0" crapScore="0" isConstructor="false" isStatic="false" isGetter="false" isSetter="false">
              <Summary numSequencePoints="11" visitedSequencePoints="11" numBranchPoints="0" visitedBranchPoints="0" sequenceCoverage="100.0" branchCoverage="0" maxCyclomaticComplexity="0" minCyclomaticComplexity="0" maxCrapScore="0" minCrapScore="0" visitedClasses="0" numClasses="0" visitedMethods="1" numMethods="1" />
              <MetadataToken>100663345</MetadataToken>
              <Name>System.Void PlayerPresenter::OnCollision()</Name>
              <FileRef uid="3" />
              <SequencePoints>
                <SequencePoint vc="6" uspid="398" ordinal="0" offset="0" sl="62" sc="5" el="62" ec="5" bec="0" bev="0" fileid="3" />
                <SequencePoint vc="6" uspid="399" ordinal="0" offset="1" sl="63" sc="9" el="63" ec="9" bec="0" bev="0" fileid="3" />
                <SequencePoint vc="6" uspid="400" ordinal="0" offset="26" sl="64" sc="9" el="64" ec="9" bec="0" bev="0" fileid="3" />
                <SequencePoint vc="3" uspid="401" ordinal="0" offset="39" sl="65" sc="9" el="65" ec="9" bec="0" bev="0" fileid="3" />
                <SequencePoint vc="3" uspid="402" ordinal="0" offset="40" sl="66" sc="13" el="66" ec="13" bec="0" bev="0" fileid="3" />
                <SequencePoint vc="3" uspid="403" ordinal="0" offset="58" sl="67" sc="13" el="67" ec="13" bec="0" bev="0" fileid="3" />
                <SequencePoint vc="3" uspid="404" ordinal="0" offset="66" sl="68" sc="13" el="68" ec="13" bec="0" bev="0" fileid="3" />
                <SequencePoint vc="3" uspid="405" ordinal="0" offset="73" sl="69" sc="9" el="69" ec="9" bec="0" bev="0" fileid="3" />
                <SequencePoint vc="6" uspid="406" ordinal="0" offset="74" sl="70" sc="9" el="70" ec="9" bec="0" bev="0" fileid="3" />
                <SequencePoint vc="6" uspid="407" ordinal="0" offset="87" sl="71" sc="9" el="71" ec="9" bec="0" bev="0" fileid="3" />
                <SequencePoint vc="6" uspid="408" ordinal="0" offset="133" sl="72" sc="5" el="72" ec="5" bec="0" bev="0" fileid="3" />
              </SequencePoints>
              <BranchPoints />
            </Method>
            <Method visited="true" cyclomaticComplexity="0" nPathComplexity="0" sequenceCoverage="100.0" branchCoverage="0" crapScore="0" isConstructor="false" isStatic="false" isGetter="false" isSetter="false">
              <Summary numSequencePoints="8" visitedSequencePoints="8" numBranchPoints="0" visitedBranchPoints="0" sequenceCoverage="100.0" branchCoverage="0" maxCyclomaticComplexity="0" minCyclomaticComplexity="0" maxCrapScore="0" minCrapScore="0" visitedClasses="0" numClasses="0" visitedMethods="1" numMethods="1" />
              <MetadataToken>100663346</MetadataToken>
              <Name>System.Void PlayerPresenter::MoveFinish()</Name>
              <FileRef uid="3" />
              <SequencePoints>
                <SequencePoint vc="3" uspid="409" ordinal="0" offset="0" sl="75" sc="5" el="75" ec="5" bec="0" bev="0" fileid="3" />
                <SequencePoint vc="3" uspid="410" ordinal="0" offset="1" sl="76" sc="9" el="76" ec="9" bec="0" bev="0" fileid="3" />
                <SequencePoint vc="3" uspid="411" ordinal="0" offset="14" sl="77" sc="9" el="77" ec="9" bec="0" bev="0" fileid="3" />
                <SequencePoint vc="1" uspid="412" ordinal="0" offset="44" sl="78" sc="9" el="78" ec="9" bec="0" bev="0" fileid="3" />
                <SequencePoint vc="1" uspid="413" ordinal="0" offset="45" sl="79" sc="13" el="79" ec="13" bec="0" bev="0" fileid="3" />
                <SequencePoint vc="1" uspid="414" ordinal="0" offset="58" sl="80" sc="13" el="80" ec="13" bec="0" bev="0" fileid="3" />
                <SequencePoint vc="1" uspid="415" ordinal="0" offset="76" sl="81" sc="9" el="81" ec="9" bec="0" bev="0" fileid="3" />
                <SequencePoint vc="3" uspid="416" ordinal="0" offset="77" sl="82" sc="5" el="82" ec="5" bec="0" bev="0" fileid="3" />
              </SequencePoints>
              <BranchPoints />
            </Method>
            <Method visited="true" cyclomaticComplexity="0" nPathComplexity="0" sequenceCoverage="100.0" branchCoverage="0" crapScore="0" isConstructor="false" isStatic="false" isGetter="false" isSetter="false">
              <Summary numSequencePoints="7" visitedSequencePoints="7" numBranchPoints="0" visitedBranchPoints="0" sequenceCoverage="100.0" branchCoverage="0" maxCyclomaticComplexity="0" minCyclomaticComplexity="0" maxCrapScore="0" minCrapScore="0" visitedClasses="0" numClasses="0" visitedMethods="1" numMethods="1" />
              <MetadataToken>100663347</MetadataToken>
              <Name>System.Void PlayerPresenter::UpdatePosition(UnityEngine.Vector2)</Name>
              <FileRef uid="3" />
              <SequencePoints>
                <SequencePoint vc="42" uspid="417" ordinal="0" offset="0" sl="85" sc="5" el="85" ec="5" bec="0" bev="0" fileid="3" />
                <SequencePoint vc="42" uspid="418" ordinal="0" offset="1" sl="86" sc="9" el="86" ec="9" bec="0" bev="0" fileid="3" />
                <SequencePoint vc="26" uspid="419" ordinal="0" offset="14" sl="87" sc="9" el="87" ec="9" bec="0" bev="0" fileid="3" />
                <SequencePoint vc="26" uspid="420" ordinal="0" offset="15" sl="88" sc="13" el="88" ec="13" bec="0" bev="0" fileid="3" />
                <SequencePoint vc="26" uspid="421" ordinal="0" offset="33" sl="89" sc="9" el="89" ec="9" bec="0" bev="0" fileid="3" />
                <SequencePoint vc="42" uspid="422" ordinal="0" offset="34" sl="90" sc="9" el="90" ec="9" bec="0" bev="0" fileid="3" />
                <SequencePoint vc="42" uspid="423" ordinal="0" offset="59" sl="91" sc="5" el="91" ec="5" bec="0" bev="0" fileid="3" />
              </SequencePoints>
              <BranchPoints />
            </Method>
            <Method visited="true" cyclomaticComplexity="0" nPathComplexity="0" sequenceCoverage="100.0" branchCoverage="0" crapScore="0" isConstructor="true" isStatic="false" isGetter="false" isSetter="false">
              <Summary numSequencePoints="13" visitedSequencePoints="13" numBranchPoints="0" visitedBranchPoints="0" sequenceCoverage="100.0" branchCoverage="0" maxCyclomaticComplexity="0" minCyclomaticComplexity="0" maxCrapScore="0" minCrapScore="0" visitedClasses="0" numClasses="0" visitedMethods="1" numMethods="1" />
              <MetadataToken>100663340</MetadataToken>
              <Name>PlayerPresenter::PlayerPresenter(IPlayerModel, IPlayerView)</Name>
              <FileRef uid="3" />
              <SequencePoints>
                <SequencePoint vc="39" uspid="424" ordinal="0" offset="0" sl="11" sc="5" el="11" ec="5" bec="0" bev="0" fileid="3" />
                <SequencePoint vc="39" uspid="425" ordinal="0" offset="7" sl="12" sc="5" el="12" ec="5" bec="0" bev="0" fileid="3" />
                <SequencePoint vc="39" uspid="426" ordinal="0" offset="14" sl="13" sc="54" el="13" ec="54" bec="0" bev="0" fileid="3" />
                <SequencePoint vc="39" uspid="427" ordinal="0" offset="21" sl="15" sc="5" el="15" ec="5" bec="0" bev="0" fileid="3" />
                <SequencePoint vc="39" uspid="428" ordinal="0" offset="28" sl="16" sc="5" el="16" ec="5" bec="0" bev="0" fileid="3" />
                <SequencePoint vc="39" uspid="429" ordinal="0" offset="29" sl="17" sc="9" el="17" ec="9" bec="0" bev="0" fileid="3" />
                <SequencePoint vc="39" uspid="430" ordinal="0" offset="36" sl="18" sc="9" el="18" ec="9" bec="0" bev="0" fileid="3" />
                <SequencePoint vc="39" uspid="431" ordinal="0" offset="43" sl="20" sc="9" el="20" ec="9" bec="0" bev="0" fileid="3" />
                <SequencePoint vc="39" uspid="432" ordinal="0" offset="78" sl="21" sc="9" el="21" ec="9" bec="0" bev="0" fileid="3" />
                <SequencePoint vc="39" uspid="433" ordinal="0" offset="113" sl="22" sc="9" el="22" ec="9" bec="0" bev="0" fileid="3" />
                <SequencePoint vc="39" uspid="434" ordinal="0" offset="148" sl="23" sc="9" el="23" ec="9" bec="0" bev="0" fileid="3" />
                <SequencePoint vc="39" uspid="435" ordinal="0" offset="183" sl="24" sc="9" el="24" ec="9" bec="0" bev="0" fileid="3" />
                <SequencePoint vc="39" uspid="436" ordinal="0" offset="218" sl="25" sc="5" el="25" ec="5" bec="0" bev="0" fileid="3" />
              </SequencePoints>
              <BranchPoints />
            </Method>
          </Methods>
        </Class>
        <Class>
          <Summary numSequencePoints="11" visitedSequencePoints="11" numBranchPoints="0" visitedBranchPoints="0" sequenceCoverage="100.0" branchCoverage="0.0" maxCyclomaticComplexity="0" minCyclomaticComplexity="0" maxCrapScore="0" minCrapScore="0" visitedClasses="1" numClasses="1" visitedMethods="5" numMethods="5" />
          <FullName>ShipModel</FullName>
          <Methods>
            <Method visited="true" cyclomaticComplexity="0" nPathComplexity="0" sequenceCoverage="100.0" branchCoverage="0" crapScore="0" isConstructor="false" isStatic="false" isGetter="true" isSetter="false">
              <Summary numSequencePoints="1" visitedSequencePoints="1" numBranchPoints="0" visitedBranchPoints="0" sequenceCoverage="100.0" branchCoverage="0" maxCyclomaticComplexity="0" minCyclomaticComplexity="0" maxCrapScore="0" minCrapScore="0" visitedClasses="0" numClasses="0" visitedMethods="1" numMethods="1" />
              <MetadataToken>100663380</MetadataToken>
              <Name>System.Single ShipModel::get_Speed()</Name>
              <FileRef uid="4" />
              <SequencePoints>
                <SequencePoint vc="1" uspid="437" ordinal="0" offset="0" sl="5" sc="26" el="5" ec="26" bec="0" bev="0" fileid="4" />
              </SequencePoints>
              <BranchPoints />
            </Method>
            <Method visited="true" cyclomaticComplexity="0" nPathComplexity="0" sequenceCoverage="100.0" branchCoverage="0" crapScore="0" isConstructor="false" isStatic="false" isGetter="false" isSetter="true">
              <Summary numSequencePoints="1" visitedSequencePoints="1" numBranchPoints="0" visitedBranchPoints="0" sequenceCoverage="100.0" branchCoverage="0" maxCyclomaticComplexity="0" minCyclomaticComplexity="0" maxCrapScore="0" minCrapScore="0" visitedClasses="0" numClasses="0" visitedMethods="1" numMethods="1" />
              <MetadataToken>100663381</MetadataToken>
              <Name>System.Void ShipModel::set_Speed(System.Single)</Name>
              <FileRef uid="4" />
              <SequencePoints>
                <SequencePoint vc="18" uspid="438" ordinal="0" offset="0" sl="5" sc="31" el="5" ec="31" bec="0" bev="0" fileid="4" />
              </SequencePoints>
              <BranchPoints />
            </Method>
            <Method visited="true" cyclomaticComplexity="0" nPathComplexity="0" sequenceCoverage="100.0" branchCoverage="0" crapScore="0" isConstructor="false" isStatic="false" isGetter="true" isSetter="false">
              <Summary numSequencePoints="1" visitedSequencePoints="1" numBranchPoints="0" visitedBranchPoints="0" sequenceCoverage="100.0" branchCoverage="0" maxCyclomaticComplexity="0" minCyclomaticComplexity="0" maxCrapScore="0" minCrapScore="0" visitedClasses="0" numClasses="0" visitedMethods="1" numMethods="1" />
              <MetadataToken>100663382</MetadataToken>
              <Name>UnityEngine.Vector2 ShipModel::get_Direction()</Name>
              <FileRef uid="4" />
              <SequencePoints>
                <SequencePoint vc="1" uspid="439" ordinal="0" offset="0" sl="6" sc="32" el="6" ec="32" bec="0" bev="0" fileid="4" />
              </SequencePoints>
              <BranchPoints />
            </Method>
            <Method visited="true" cyclomaticComplexity="0" nPathComplexity="0" sequenceCoverage="100.0" branchCoverage="0" crapScore="0" isConstructor="false" isStatic="false" isGetter="false" isSetter="true">
              <Summary numSequencePoints="1" visitedSequencePoints="1" numBranchPoints="0" visitedBranchPoints="0" sequenceCoverage="100.0" branchCoverage="0" maxCyclomaticComplexity="0" minCyclomaticComplexity="0" maxCrapScore="0" minCrapScore="0" visitedClasses="0" numClasses="0" visitedMethods="1" numMethods="1" />
              <MetadataToken>100663383</MetadataToken>
              <Name>System.Void ShipModel::set_Direction(UnityEngine.Vector2)</Name>
              <FileRef uid="4" />
              <SequencePoints>
                <SequencePoint vc="18" uspid="440" ordinal="0" offset="0" sl="6" sc="37" el="6" ec="37" bec="0" bev="0" fileid="4" />
              </SequencePoints>
              <BranchPoints />
            </Method>
            <Method visited="true" cyclomaticComplexity="0" nPathComplexity="0" sequenceCoverage="100.0" branchCoverage="0" crapScore="0" isConstructor="true" isStatic="false" isGetter="false" isSetter="false">
              <Summary numSequencePoints="7" visitedSequencePoints="7" numBranchPoints="0" visitedBranchPoints="0" sequenceCoverage="100.0" branchCoverage="0" maxCyclomaticComplexity="0" minCyclomaticComplexity="0" maxCrapScore="0" minCrapScore="0" visitedClasses="0" numClasses="0" visitedMethods="1" numMethods="1" />
              <MetadataToken>100663384</MetadataToken>
              <Name>ShipModel::ShipModel(System.Single, UnityEngine.Vector2)</Name>
              <FileRef uid="4" />
              <SequencePoints>
                <SequencePoint vc="18" uspid="441" ordinal="0" offset="0" sl="5" sc="48" el="5" ec="48" bec="0" bev="0" fileid="4" />
                <SequencePoint vc="18" uspid="442" ordinal="0" offset="11" sl="6" sc="54" el="6" ec="54" bec="0" bev="0" fileid="4" />
                <SequencePoint vc="18" uspid="443" ordinal="0" offset="22" sl="8" sc="5" el="8" ec="5" bec="0" bev="0" fileid="4" />
                <SequencePoint vc="18" uspid="444" ordinal="0" offset="29" sl="9" sc="5" el="9" ec="5" bec="0" bev="0" fileid="4" />
                <SequencePoint vc="18" uspid="445" ordinal="0" offset="30" sl="10" sc="9" el="10" ec="9" bec="0" bev="0" fileid="4" />
                <SequencePoint vc="18" uspid="446" ordinal="0" offset="38" sl="11" sc="9" el="11" ec="9" bec="0" bev="0" fileid="4" />
                <SequencePoint vc="18" uspid="447" ordinal="0" offset="46" sl="12" sc="5" el="12" ec="5" bec="0" bev="0" fileid="4" />
              </SequencePoints>
              <BranchPoints />
            </Method>
          </Methods>
        </Class>
        <Class>
          <Summary numSequencePoints="22" visitedSequencePoints="22" numBranchPoints="0" visitedBranchPoints="0" sequenceCoverage="100.0" branchCoverage="0.0" maxCyclomaticComplexity="0" minCyclomaticComplexity="0" maxCrapScore="0" minCrapScore="0" visitedClasses="1" numClasses="1" visitedMethods="5" numMethods="5" />
          <FullName>ShipPresenter</FullName>
          <Methods>
            <Method visited="true" cyclomaticComplexity="0" nPathComplexity="0" sequenceCoverage="100.0" branchCoverage="0" crapScore="0" isConstructor="false" isStatic="false" isGetter="true" isSetter="false">
              <Summary numSequencePoints="1" visitedSequencePoints="1" numBranchPoints="0" visitedBranchPoints="0" sequenceCoverage="100.0" branchCoverage="0" maxCyclomaticComplexity="0" minCyclomaticComplexity="0" maxCrapScore="0" minCrapScore="0" visitedClasses="0" numClasses="0" visitedMethods="1" numMethods="1" />
              <MetadataToken>100663385</MetadataToken>
              <Name>UnityEngine.Vector2 ShipPresenter::get_Position()</Name>
              <FileRef uid="5" />
              <SequencePoints>
                <SequencePoint vc="126" uspid="448" ordinal="0" offset="0" sl="8" sc="32" el="8" ec="32" bec="0" bev="0" fileid="5" />
              </SequencePoints>
              <BranchPoints />
            </Method>
            <Method visited="true" cyclomaticComplexity="0" nPathComplexity="0" sequenceCoverage="100.0" branchCoverage="0" crapScore="0" isConstructor="false" isStatic="false" isGetter="false" isSetter="false">
              <Summary numSequencePoints="4" visitedSequencePoints="4" numBranchPoints="0" visitedBranchPoints="0" sequenceCoverage="100.0" branchCoverage="0" maxCyclomaticComplexity="0" minCyclomaticComplexity="0" maxCrapScore="0" minCrapScore="0" visitedClasses="0" numClasses="0" visitedMethods="1" numMethods="1" />
              <MetadataToken>100663387</MetadataToken>
              <Name>System.Void ShipPresenter::OnTerminate()</Name>
              <FileRef uid="5" />
              <SequencePoints>
                <SequencePoint vc="1" uspid="449" ordinal="0" offset="0" sl="19" sc="5" el="19" ec="5" bec="0" bev="0" fileid="5" />
                <SequencePoint vc="1" uspid="450" ordinal="0" offset="1" sl="20" sc="9" el="20" ec="9" bec="0" bev="0" fileid="5" />
                <SequencePoint vc="1" uspid="451" ordinal="0" offset="41" sl="21" sc="9" el="21" ec="9" bec="0" bev="0" fileid="5" />
                <SequencePoint vc="1" uspid="452" ordinal="0" offset="81" sl="22" sc="5" el="22" ec="5" bec="0" bev="0" fileid="5" />
              </SequencePoints>
              <BranchPoints />
            </Method>
            <Method visited="true" cyclomaticComplexity="0" nPathComplexity="0" sequenceCoverage="100.0" branchCoverage="0" crapScore="0" isConstructor="false" isStatic="false" isGetter="false" isSetter="false">
              <Summary numSequencePoints="5" visitedSequencePoints="5" numBranchPoints="0" visitedBranchPoints="0" sequenceCoverage="100.0" branchCoverage="0" maxCyclomaticComplexity="0" minCyclomaticComplexity="0" maxCrapScore="0" minCrapScore="0" visitedClasses="0" numClasses="0" visitedMethods="1" numMethods="1" />
              <MetadataToken>100663388</MetadataToken>
              <Name>System.Void ShipPresenter::OnUpdate(System.Single)</Name>
              <FileRef uid="5" />
              <SequencePoints>
                <SequencePoint vc="1" uspid="453" ordinal="0" offset="0" sl="25" sc="5" el="25" ec="5" bec="0" bev="0" fileid="5" />
                <SequencePoint vc="1" uspid="454" ordinal="0" offset="1" sl="26" sc="9" el="26" ec="9" bec="0" bev="0" fileid="5" />
                <SequencePoint vc="1" uspid="455" ordinal="0" offset="13" sl="27" sc="9" el="27" ec="9" bec="0" bev="0" fileid="5" />
                <SequencePoint vc="1" uspid="456" ordinal="0" offset="49" sl="28" sc="9" el="28" ec="9" bec="0" bev="0" fileid="5" />
                <SequencePoint vc="1" uspid="457" ordinal="0" offset="62" sl="29" sc="5" el="29" ec="5" bec="0" bev="0" fileid="5" />
              </SequencePoints>
              <BranchPoints />
            </Method>
            <Method visited="true" cyclomaticComplexity="0" nPathComplexity="0" sequenceCoverage="100.0" branchCoverage="0" crapScore="0" isConstructor="false" isStatic="false" isGetter="false" isSetter="false">
              <Summary numSequencePoints="3" visitedSequencePoints="3" numBranchPoints="0" visitedBranchPoints="0" sequenceCoverage="100.0" branchCoverage="0" maxCyclomaticComplexity="0" minCyclomaticComplexity="0" maxCrapScore="0" minCrapScore="0" visitedClasses="0" numClasses="0" visitedMethods="1" numMethods="1" />
              <MetadataToken>100663389</MetadataToken>
              <Name>System.Void ShipPresenter::Terminate()</Name>
              <FileRef uid="5" />
              <SequencePoints>
                <SequencePoint vc="3" uspid="458" ordinal="0" offset="0" sl="32" sc="5" el="32" ec="5" bec="0" bev="0" fileid="5" />
                <SequencePoint vc="3" uspid="459" ordinal="0" offset="1" sl="33" sc="9" el="33" ec="9" bec="0" bev="0" fileid="5" />
                <SequencePoint vc="3" uspid="460" ordinal="0" offset="13" sl="34" sc="5" el="34" ec="5" bec="0" bev="0" fileid="5" />
              </SequencePoints>
              <BranchPoints />
            </Method>
            <Method visited="true" cyclomaticComplexity="0" nPathComplexity="0" sequenceCoverage="100.0" branchCoverage="0" crapScore="0" isConstructor="true" isStatic="false" isGetter="false" isSetter="false">
              <Summary numSequencePoints="9" visitedSequencePoints="9" numBranchPoints="0" visitedBranchPoints="0" sequenceCoverage="100.0" branchCoverage="0" maxCyclomaticComplexity="0" minCyclomaticComplexity="0" maxCrapScore="0" minCrapScore="0" visitedClasses="0" numClasses="0" visitedMethods="1" numMethods="1" />
              <MetadataToken>100663386</MetadataToken>
              <Name>ShipPresenter::ShipPresenter(IShipModel, IShipView)</Name>
              <FileRef uid="5" />
              <SequencePoints>
                <SequencePoint vc="26" uspid="461" ordinal="0" offset="0" sl="5" sc="5" el="5" ec="5" bec="0" bev="0" fileid="5" />
                <SequencePoint vc="26" uspid="462" ordinal="0" offset="7" sl="6" sc="5" el="6" ec="5" bec="0" bev="0" fileid="5" />
                <SequencePoint vc="26" uspid="463" ordinal="0" offset="14" sl="9" sc="5" el="9" ec="5" bec="0" bev="0" fileid="5" />
                <SequencePoint vc="26" uspid="464" ordinal="0" offset="21" sl="10" sc="5" el="10" ec="5" bec="0" bev="0" fileid="5" />
                <SequencePoint vc="26" uspid="465" ordinal="0" offset="22" sl="11" sc="9" el="11" ec="9" bec="0" bev="0" fileid="5" />
                <SequencePoint vc="26" uspid="466" ordinal="0" offset="29" sl="12" sc="9" el="12" ec="9" bec="0" bev="0" fileid="5" />
                <SequencePoint vc="26" uspid="467" ordinal="0" offset="36" sl="14" sc="9" el="14" ec="9" bec="0" bev="0" fileid="5" />
                <SequencePoint vc="26" uspid="468" ordinal="0" offset="71" sl="15" sc="9" el="15" ec="9" bec="0" bev="0" fileid="5" />
                <SequencePoint vc="26" uspid="469" ordinal="0" offset="106" sl="16" sc="5" el="16" ec="5" bec="0" bev="0" fileid="5" />
              </SequencePoints>
              <BranchPoints />
            </Method>
          </Methods>
        </Class>
        <Class>
          <Summary numSequencePoints="16" visitedSequencePoints="16" numBranchPoints="0" visitedBranchPoints="0" sequenceCoverage="100.0" branchCoverage="0.0" maxCyclomaticComplexity="0" minCyclomaticComplexity="0" maxCrapScore="0" minCrapScore="0" visitedClasses="1" numClasses="1" visitedMethods="7" numMethods="7" />
          <FullName>ShipManagerModel</FullName>
          <Methods>
            <Method visited="true" cyclomaticComplexity="0" nPathComplexity="0" sequenceCoverage="100.0" branchCoverage="0" crapScore="0" isConstructor="false" isStatic="false" isGetter="true" isSetter="false">
              <Summary numSequencePoints="1" visitedSequencePoints="1" numBranchPoints="0" visitedBranchPoints="0" sequenceCoverage="100.0" branchCoverage="0" maxCyclomaticComplexity="0" minCyclomaticComplexity="0" maxCrapScore="0" minCrapScore="0" visitedClasses="0" numClasses="0" visitedMethods="1" numMethods="1" />
              <MetadataToken>100663411</MetadataToken>
              <Name>Lane ShipManagerModel::get_Lane()</Name>
              <FileRef uid="6" />
              <SequencePoints>
                <SequencePoint vc="1" uspid="470" ordinal="0" offset="0" sl="5" sc="24" el="5" ec="24" bec="0" bev="0" fileid="6" />
              </SequencePoints>
              <BranchPoints />
            </Method>
            <Method visited="true" cyclomaticComplexity="0" nPathComplexity="0" sequenceCoverage="100.0" branchCoverage="0" crapScore="0" isConstructor="false" isStatic="false" isGetter="false" isSetter="true">
              <Summary numSequencePoints="1" visitedSequencePoints="1" numBranchPoints="0" visitedBranchPoints="0" sequenceCoverage="100.0" branchCoverage="0" maxCyclomaticComplexity="0" minCyclomaticComplexity="0" maxCrapScore="0" minCrapScore="0" visitedClasses="0" numClasses="0" visitedMethods="1" numMethods="1" />
              <MetadataToken>100663412</MetadataToken>
              <Name>System.Void ShipManagerModel::set_Lane(Lane)</Name>
              <FileRef uid="6" />
              <SequencePoints>
                <SequencePoint vc="3" uspid="471" ordinal="0" offset="0" sl="5" sc="29" el="5" ec="29" bec="0" bev="0" fileid="6" />
              </SequencePoints>
              <BranchPoints />
            </Method>
            <Method visited="true" cyclomaticComplexity="0" nPathComplexity="0" sequenceCoverage="100.0" branchCoverage="0" crapScore="0" isConstructor="false" isStatic="false" isGetter="true" isSetter="false">
              <Summary numSequencePoints="1" visitedSequencePoints="1" numBranchPoints="0" visitedBranchPoints="0" sequenceCoverage="100.0" branchCoverage="0" maxCyclomaticComplexity="0" minCyclomaticComplexity="0" maxCrapScore="0" minCrapScore="0" visitedClasses="0" numClasses="0" visitedMethods="1" numMethods="1" />
              <MetadataToken>100663413</MetadataToken>
              <Name>System.Collections.Generic.List[ShipPresenter] ShipManagerModel::get_SpawnedShips()</Name>
              <FileRef uid="6" />
              <SequencePoints>
                <SequencePoint vc="8" uspid="472" ordinal="0" offset="0" sl="6" sc="47" el="6" ec="47" bec="0" bev="0" fileid="6" />
              </SequencePoints>
              <BranchPoints />
            </Method>
            <Method visited="true" cyclomaticComplexity="0" nPathComplexity="0" sequenceCoverage="100.0" branchCoverage="0" crapScore="0" isConstructor="false" isStatic="false" isGetter="false" isSetter="true">
              <Summary numSequencePoints="1" visitedSequencePoints="1" numBranchPoints="0" visitedBranchPoints="0" sequenceCoverage="100.0" branchCoverage="0" maxCyclomaticComplexity="0" minCyclomaticComplexity="0" maxCrapScore="0" minCrapScore="0" visitedClasses="0" numClasses="0" visitedMethods="1" numMethods="1" />
              <MetadataToken>100663414</MetadataToken>
              <Name>System.Void ShipManagerModel::set_SpawnedShips(System.Collections.Generic.List[ShipPresenter])</Name>
              <FileRef uid="6" />
              <SequencePoints>
                <SequencePoint vc="3" uspid="473" ordinal="0" offset="0" sl="6" sc="52" el="6" ec="52" bec="0" bev="0" fileid="6" />
              </SequencePoints>
              <BranchPoints />
            </Method>
            <Method visited="true" cyclomaticComplexity="0" nPathComplexity="0" sequenceCoverage="100.0" branchCoverage="0" crapScore="0" isConstructor="false" isStatic="false" isGetter="false" isSetter="false">
              <Summary numSequencePoints="3" visitedSequencePoints="3" numBranchPoints="0" visitedBranchPoints="0" sequenceCoverage="100.0" branchCoverage="0" maxCyclomaticComplexity="0" minCyclomaticComplexity="0" maxCrapScore="0" minCrapScore="0" visitedClasses="0" numClasses="0" visitedMethods="1" numMethods="1" />
              <MetadataToken>100663416</MetadataToken>
              <Name>System.Void ShipManagerModel::AddShip(ShipPresenter)</Name>
              <FileRef uid="6" />
              <SequencePoints>
                <SequencePoint vc="2" uspid="474" ordinal="0" offset="0" sl="15" sc="5" el="15" ec="5" bec="0" bev="0" fileid="6" />
                <SequencePoint vc="2" uspid="475" ordinal="0" offset="1" sl="16" sc="9" el="16" ec="9" bec="0" bev="0" fileid="6" />
                <SequencePoint vc="2" uspid="476" ordinal="0" offset="14" sl="17" sc="5" el="17" ec="5" bec="0" bev="0" fileid="6" />
              </SequencePoints>
              <BranchPoints />
            </Method>
            <Method visited="true" cyclomaticComplexity="0" nPathComplexity="0" sequenceCoverage="100.0" branchCoverage="0" crapScore="0" isConstructor="false" isStatic="false" isGetter="false" isSetter="false">
              <Summary numSequencePoints="3" visitedSequencePoints="3" numBranchPoints="0" visitedBranchPoints="0" sequenceCoverage="100.0" branchCoverage="0" maxCyclomaticComplexity="0" minCyclomaticComplexity="0" maxCrapScore="0" minCrapScore="0" visitedClasses="0" numClasses="0" visitedMethods="1" numMethods="1" />
              <MetadataToken>100663417</MetadataToken>
              <Name>System.Void ShipManagerModel::RemoveShip(ShipPresenter)</Name>
              <FileRef uid="6" />
              <SequencePoints>
                <SequencePoint vc="1" uspid="477" ordinal="0" offset="0" sl="20" sc="5" el="20" ec="5" bec="0" bev="0" fileid="6" />
                <SequencePoint vc="1" uspid="478" ordinal="0" offset="1" sl="21" sc="9" el="21" ec="9" bec="0" bev="0" fileid="6" />
                <SequencePoint vc="1" uspid="479" ordinal="0" offset="14" sl="22" sc="5" el="22" ec="5" bec="0" bev="0" fileid="6" />
              </SequencePoints>
              <BranchPoints />
            </Method>
            <Method visited="true" cyclomaticComplexity="0" nPathComplexity="0" sequenceCoverage="100.0" branchCoverage="0" crapScore="0" isConstructor="true" isStatic="false" isGetter="false" isSetter="false">
              <Summary numSequencePoints="6" visitedSequencePoints="6" numBranchPoints="0" visitedBranchPoints="0" sequenceCoverage="100.0" branchCoverage="0" maxCyclomaticComplexity="0" minCyclomaticComplexity="0" maxCrapScore="0" minCrapScore="0" visitedClasses="0" numClasses="0" visitedMethods="1" numMethods="1" />
              <MetadataToken>100663415</MetadataToken>
              <Name>ShipManagerModel::ShipManagerModel(Lane)</Name>
              <FileRef uid="6" />
              <SequencePoints>
                <SequencePoint vc="3" uspid="480" ordinal="0" offset="0" sl="6" sc="61" el="6" ec="61" bec="0" bev="0" fileid="6" />
                <SequencePoint vc="3" uspid="481" ordinal="0" offset="7" sl="8" sc="5" el="8" ec="5" bec="0" bev="0" fileid="6" />
                <SequencePoint vc="3" uspid="482" ordinal="0" offset="14" sl="9" sc="5" el="9" ec="5" bec="0" bev="0" fileid="6" />
                <SequencePoint vc="3" uspid="483" ordinal="0" offset="15" sl="10" sc="9" el="10" ec="9" bec="0" bev="0" fileid="6" />
                <SequencePoint vc="3" uspid="484" ordinal="0" offset="23" sl="11" sc="9" el="11" ec="9" bec="0" bev="0" fileid="6" />
                <SequencePoint vc="3" uspid="485" ordinal="0" offset="35" sl="12" sc="5" el="12" ec="5" bec="0" bev="0" fileid="6" />
              </SequencePoints>
              <BranchPoints />
            </Method>
          </Methods>
        </Class>
        <Class>
          <Summary numSequencePoints="56" visitedSequencePoints="56" numBranchPoints="0" visitedBranchPoints="0" sequenceCoverage="100.0" branchCoverage="0.0" maxCyclomaticComplexity="0" minCyclomaticComplexity="0" maxCrapScore="0" minCrapScore="0" visitedClasses="1" numClasses="1" visitedMethods="7" numMethods="7" />
          <FullName>ShipManagerPresenter</FullName>
          <Methods>
            <Method visited="true" cyclomaticComplexity="0" nPathComplexity="0" sequenceCoverage="100.0" branchCoverage="0" crapScore="0" isConstructor="false" isStatic="false" isGetter="true" isSetter="false">
              <Summary numSequencePoints="1" visitedSequencePoints="1" numBranchPoints="0" visitedBranchPoints="0" sequenceCoverage="100.0" branchCoverage="0" maxCyclomaticComplexity="0" minCyclomaticComplexity="0" maxCrapScore="0" minCrapScore="0" visitedClasses="0" numClasses="0" visitedMethods="1" numMethods="1" />
              <MetadataToken>100663418</MetadataToken>
              <Name>MapData ShipManagerPresenter::get_MapData()</Name>
              <FileRef uid="7" />
              <SequencePoints>
                <SequencePoint vc="14" uspid="486" ordinal="0" offset="0" sl="6" sc="32" el="6" ec="32" bec="0" bev="0" fileid="7" />
              </SequencePoints>
              <BranchPoints />
            </Method>
            <Method visited="true" cyclomaticComplexity="0" nPathComplexity="0" sequenceCoverage="100.0" branchCoverage="0" crapScore="0" isConstructor="false" isStatic="false" isGetter="false" isSetter="false">
              <Summary numSequencePoints="6" visitedSequencePoints="6" numBranchPoints="0" visitedBranchPoints="0" sequenceCoverage="100.0" branchCoverage="0" maxCyclomaticComplexity="0" minCyclomaticComplexity="0" maxCrapScore="0" minCrapScore="0" visitedClasses="0" numClasses="0" visitedMethods="1" numMethods="1" />
              <MetadataToken>100663420</MetadataToken>
              <Name>System.Void ShipManagerPresenter::OnTerminate()</Name>
              <FileRef uid="7" />
              <SequencePoints>
                <SequencePoint vc="3" uspid="487" ordinal="0" offset="0" sl="25" sc="5" el="25" ec="5" bec="0" bev="0" fileid="7" />
                <SequencePoint vc="3" uspid="488" ordinal="0" offset="1" sl="26" sc="9" el="26" ec="9" bec="0" bev="0" fileid="7" />
                <SequencePoint vc="3" uspid="489" ordinal="0" offset="41" sl="27" sc="9" el="27" ec="9" bec="0" bev="0" fileid="7" />
                <SequencePoint vc="3" uspid="490" ordinal="0" offset="81" sl="28" sc="9" el="28" ec="9" bec="0" bev="0" fileid="7" />
                <SequencePoint vc="3" uspid="491" ordinal="0" offset="93" sl="29" sc="9" el="29" ec="9" bec="0" bev="0" fileid="7" />
                <SequencePoint vc="3" uspid="492" ordinal="0" offset="110" sl="30" sc="5" el="30" ec="5" bec="0" bev="0" fileid="7" />
              </SequencePoints>
              <BranchPoints />
            </Method>
            <Method visited="true" cyclomaticComplexity="0" nPathComplexity="0" sequenceCoverage="100.0" branchCoverage="0" crapScore="0" isConstructor="false" isStatic="false" isGetter="true" isSetter="false">
              <Summary numSequencePoints="1" visitedSequencePoints="1" numBranchPoints="0" visitedBranchPoints="0" sequenceCoverage="100.0" branchCoverage="0" maxCyclomaticComplexity="0" minCyclomaticComplexity="0" maxCrapScore="0" minCrapScore="0" visitedClasses="0" numClasses="0" visitedMethods="1" numMethods="1" />
              <MetadataToken>100663421</MetadataToken>
              <Name>System.String ShipManagerPresenter::get_OnUpdateMethodName()</Name>
              <FileRef uid="7" />
              <SequencePoints>
                <SequencePoint vc="10" uspid="493" ordinal="0" offset="0" sl="32" sc="41" el="32" ec="41" bec="0" bev="0" fileid="7" />
              </SequencePoints>
              <BranchPoints />
            </Method>
            <Method visited="true" cyclomaticComplexity="0" nPathComplexity="0" sequenceCoverage="100.0" branchCoverage="0" crapScore="0" isConstructor="false" isStatic="false" isGetter="false" isSetter="false">
              <Summary numSequencePoints="4" visitedSequencePoints="4" numBranchPoints="0" visitedBranchPoints="0" sequenceCoverage="100.0" branchCoverage="0" maxCyclomaticComplexity="0" minCyclomaticComplexity="0" maxCrapScore="0" minCrapScore="0" visitedClasses="0" numClasses="0" visitedMethods="1" numMethods="1" />
              <MetadataToken>100663422</MetadataToken>
              <Name>System.Void ShipManagerPresenter::OnUpdate(System.Single)</Name>
              <FileRef uid="7" />
              <SequencePoints>
                <SequencePoint vc="16" uspid="494" ordinal="0" offset="0" sl="34" sc="5" el="34" ec="5" bec="0" bev="0" fileid="7" />
                <SequencePoint vc="16" uspid="495" ordinal="0" offset="1" sl="35" sc="9" el="35" ec="9" bec="0" bev="0" fileid="7" />
                <SequencePoint vc="16" uspid="496" ordinal="0" offset="14" sl="36" sc="9" el="36" ec="9" bec="0" bev="0" fileid="7" />
                <SequencePoint vc="16" uspid="497" ordinal="0" offset="21" sl="37" sc="5" el="37" ec="5" bec="0" bev="0" fileid="7" />
              </SequencePoints>
              <BranchPoints />
            </Method>
            <Method visited="true" cyclomaticComplexity="0" nPathComplexity="0" sequenceCoverage="100.0" branchCoverage="0" crapScore="0" isConstructor="false" isStatic="false" isGetter="false" isSetter="false">
              <Summary numSequencePoints="8" visitedSequencePoints="8" numBranchPoints="0" visitedBranchPoints="0" sequenceCoverage="100.0" branchCoverage="0" maxCyclomaticComplexity="0" minCyclomaticComplexity="0" maxCrapScore="0" minCrapScore="0" visitedClasses="0" numClasses="0" visitedMethods="1" numMethods="1" />
              <MetadataToken>100663423</MetadataToken>
              <Name>System.Void ShipManagerPresenter::OnSpawnShip()</Name>
              <FileRef uid="7" />
              <SequencePoints>
                <SequencePoint vc="14" uspid="498" ordinal="0" offset="0" sl="40" sc="5" el="40" ec="5" bec="0" bev="0" fileid="7" />
                <SequencePoint vc="14" uspid="499" ordinal="0" offset="1" sl="41" sc="9" el="41" ec="9" bec="0" bev="0" fileid="7" />
                <SequencePoint vc="14" uspid="500" ordinal="0" offset="9" sl="42" sc="9" el="42" ec="9" bec="0" bev="0" fileid="7" />
                <SequencePoint vc="14" uspid="501" ordinal="0" offset="40" sl="43" sc="9" el="43" ec="9" bec="0" bev="0" fileid="7" />
                <SequencePoint vc="14" uspid="502" ordinal="0" offset="67" sl="44" sc="9" el="44" ec="9" bec="0" bev="0" fileid="7" />
                <SequencePoint vc="14" uspid="503" ordinal="0" offset="103" sl="45" sc="9" el="45" ec="9" bec="0" bev="0" fileid="7" />
                <SequencePoint vc="14" uspid="504" ordinal="0" offset="170" sl="46" sc="9" el="46" ec="9" bec="0" bev="0" fileid="7" />
                <SequencePoint vc="14" uspid="505" ordinal="0" offset="210" sl="47" sc="5" el="47" ec="5" bec="0" bev="0" fileid="7" />
              </SequencePoints>
              <BranchPoints />
            </Method>
            <Method visited="true" cyclomaticComplexity="0" nPathComplexity="0" sequenceCoverage="100.0" branchCoverage="0" crapScore="0" isConstructor="false" isStatic="false" isGetter="false" isSetter="false">
              <Summary numSequencePoints="22" visitedSequencePoints="22" numBranchPoints="0" visitedBranchPoints="0" sequenceCoverage="100.0" branchCoverage="0" maxCyclomaticComplexity="0" minCyclomaticComplexity="0" maxCrapScore="0" minCrapScore="0" visitedClasses="0" numClasses="0" visitedMethods="1" numMethods="1" />
              <MetadataToken>100663424</MetadataToken>
              <Name>System.Void ShipManagerPresenter::RemoveOutOfBoundShips()</Name>
              <FileRef uid="7" />
              <SequencePoints>
                <SequencePoint vc="16" uspid="506" ordinal="0" offset="0" sl="50" sc="5" el="50" ec="5" bec="0" bev="0" fileid="7" />
                <SequencePoint vc="16" uspid="507" ordinal="0" offset="1" sl="51" sc="9" el="51" ec="9" bec="0" bev="0" fileid="7" />
                <SequencePoint vc="16" uspid="508" ordinal="0" offset="7" sl="52" sc="9" el="52" ec="9" bec="0" bev="0" fileid="7" />
                <SequencePoint vc="16" uspid="509" ordinal="0" offset="8" sl="52" sc="49" el="52" ec="49" bec="0" bev="0" fileid="7" />
                <SequencePoint vc="63" uspid="510" ordinal="0" offset="27" sl="52" sc="18" el="52" ec="18" bec="0" bev="0" fileid="7" />
                <SequencePoint vc="63" uspid="511" ordinal="0" offset="35" sl="53" sc="9" el="53" ec="9" bec="0" bev="0" fileid="7" />
                <SequencePoint vc="63" uspid="512" ordinal="0" offset="36" sl="54" sc="13" el="54" ec="13" bec="0" bev="0" fileid="7" />
                <SequencePoint vc="2" uspid="513" ordinal="0" offset="94" sl="55" sc="13" el="55" ec="13" bec="0" bev="0" fileid="7" />
                <SequencePoint vc="2" uspid="514" ordinal="0" offset="95" sl="56" sc="17" el="56" ec="17" bec="0" bev="0" fileid="7" />
                <SequencePoint vc="2" uspid="515" ordinal="0" offset="103" sl="57" sc="13" el="57" ec="13" bec="0" bev="0" fileid="7" />
                <SequencePoint vc="63" uspid="516" ordinal="0" offset="104" sl="58" sc="9" el="58" ec="9" bec="0" bev="0" fileid="7" />
                <SequencePoint vc="79" uspid="517" ordinal="0" offset="105" sl="52" sc="46" el="52" ec="46" bec="0" bev="0" fileid="7" />
                <SequencePoint vc="16" uspid="518" ordinal="0" offset="131" sl="59" sc="9" el="59" ec="9" bec="0" bev="0" fileid="7" />
                <SequencePoint vc="16" uspid="519" ordinal="0" offset="132" sl="59" sc="49" el="59" ec="49" bec="0" bev="0" fileid="7" />
                <SequencePoint vc="2" uspid="520" ordinal="0" offset="142" sl="59" sc="18" el="59" ec="18" bec="0" bev="0" fileid="7" />
                <SequencePoint vc="2" uspid="521" ordinal="0" offset="151" sl="60" sc="9" el="60" ec="9" bec="0" bev="0" fileid="7" />
                <SequencePoint vc="2" uspid="522" ordinal="0" offset="152" sl="62" sc="13" el="62" ec="13" bec="0" bev="0" fileid="7" />
                <SequencePoint vc="2" uspid="523" ordinal="0" offset="160" sl="63" sc="13" el="63" ec="13" bec="0" bev="0" fileid="7" />
                <SequencePoint vc="2" uspid="524" ordinal="0" offset="174" sl="65" sc="9" el="65" ec="9" bec="0" bev="0" fileid="7" />
                <SequencePoint vc="18" uspid="525" ordinal="0" offset="175" sl="59" sc="46" el="59" ec="46" bec="0" bev="0" fileid="7" />
                <SequencePoint vc="16" uspid="526" ordinal="0" offset="201" sl="66" sc="9" el="66" ec="9" bec="0" bev="0" fileid="7" />
                <SequencePoint vc="16" uspid="527" ordinal="0" offset="208" sl="67" sc="5" el="67" ec="5" bec="0" bev="0" fileid="7" />
              </SequencePoints>
              <BranchPoints />
            </Method>
            <Method visited="true" cyclomaticComplexity="0" nPathComplexity="0" sequenceCoverage="100.0" branchCoverage="0" crapScore="0" isConstructor="true" isStatic="false" isGetter="false" isSetter="false">
              <Summary numSequencePoints="14" visitedSequencePoints="14" numBranchPoints="0" visitedBranchPoints="0" sequenceCoverage="100.0" branchCoverage="0" maxCyclomaticComplexity="0" minCyclomaticComplexity="0" maxCrapScore="0" minCrapScore="0" visitedClasses="0" numClasses="0" visitedMethods="1" numMethods="1" />
              <MetadataToken>100663419</MetadataToken>
              <Name>ShipManagerPresenter::ShipManagerPresenter(IShipManagerModel, IShipManagerView, System.Single)</Name>
              <FileRef uid="7" />
              <SequencePoints>
                <SequencePoint vc="10" uspid="528" ordinal="0" offset="0" sl="8" sc="5" el="8" ec="5" bec="0" bev="0" fileid="7" />
                <SequencePoint vc="10" uspid="529" ordinal="0" offset="7" sl="9" sc="5" el="9" ec="5" bec="0" bev="0" fileid="7" />
                <SequencePoint vc="10" uspid="530" ordinal="0" offset="14" sl="10" sc="5" el="10" ec="5" bec="0" bev="0" fileid="7" />
                <SequencePoint vc="10" uspid="531" ordinal="0" offset="21" sl="11" sc="5" el="11" ec="5" bec="0" bev="0" fileid="7" />
                <SequencePoint vc="10" uspid="532" ordinal="0" offset="32" sl="13" sc="5" el="13" ec="5" bec="0" bev="0" fileid="7" />
                <SequencePoint vc="10" uspid="533" ordinal="0" offset="39" sl="14" sc="5" el="14" ec="5" bec="0" bev="0" fileid="7" />
                <SequencePoint vc="10" uspid="534" ordinal="0" offset="40" sl="15" sc="9" el="15" ec="9" bec="0" bev="0" fileid="7" />
                <SequencePoint vc="10" uspid="535" ordinal="0" offset="47" sl="16" sc="9" el="16" ec="9" bec="0" bev="0" fileid="7" />
                <SequencePoint vc="10" uspid="536" ordinal="0" offset="54" sl="17" sc="9" el="17" ec="9" bec="0" bev="0" fileid="7" />
                <SequencePoint vc="10" uspid="537" ordinal="0" offset="65" sl="18" sc="9" el="18" ec="9" bec="0" bev="0" fileid="7" />
                <SequencePoint vc="10" uspid="538" ordinal="0" offset="100" sl="19" sc="9" el="19" ec="9" bec="0" bev="0" fileid="7" />
                <SequencePoint vc="10" uspid="539" ordinal="0" offset="107" sl="20" sc="9" el="20" ec="9" bec="0" bev="0" fileid="7" />
                <SequencePoint vc="10" uspid="540" ordinal="0" offset="142" sl="21" sc="9" el="21" ec="9" bec="0" bev="0" fileid="7" />
                <SequencePoint vc="10" uspid="541" ordinal="0" offset="177" sl="22" sc="5" el="22" ec="5" bec="0" bev="0" fileid="7" />
              </SequencePoints>
              <BranchPoints />
            </Method>
          </Methods>
        </Class>
        <Class>
          <Summary numSequencePoints="8" visitedSequencePoints="8" numBranchPoints="0" visitedBranchPoints="0" sequenceCoverage="100.0" branchCoverage="0.0" maxCyclomaticComplexity="0" minCyclomaticComplexity="0" maxCrapScore="0" minCrapScore="0" visitedClasses="1" numClasses="1" visitedMethods="4" numMethods="4" />
          <FullName>ClipsData</FullName>
          <Methods>
            <Method visited="true" cyclomaticComplexity="0" nPathComplexity="0" sequenceCoverage="100.0" branchCoverage="0" crapScore="0" isConstructor="false" isStatic="false" isGetter="true" isSetter="false">
              <Summary numSequencePoints="1" visitedSequencePoints="1" numBranchPoints="0" visitedBranchPoints="0" sequenceCoverage="100.0" branchCoverage="0" maxCyclomaticComplexity="0" minCyclomaticComplexity="0" maxCrapScore="0" minCrapScore="0" visitedClasses="0" numClasses="0" visitedMethods="1" numMethods="1" />
              <MetadataToken>100663433</MetadataToken>
              <Name>System.Boolean ClipsData::get_IsPersistance()</Name>
              <FileRef uid="8" />
              <SequencePoints>
                <SequencePoint vc="1" uspid="542" ordinal="0" offset="0" sl="5" sc="34" el="5" ec="34" bec="0" bev="0" fileid="8" />
              </SequencePoints>
              <BranchPoints />
            </Method>
            <Method visited="true" cyclomaticComplexity="0" nPathComplexity="0" sequenceCoverage="100.0" branchCoverage="0" crapScore="0" isConstructor="false" isStatic="false" isGetter="true" isSetter="false">
              <Summary numSequencePoints="1" visitedSequencePoints="1" numBranchPoints="0" visitedBranchPoints="0" sequenceCoverage="100.0" branchCoverage="0" maxCyclomaticComplexity="0" minCyclomaticComplexity="0" maxCrapScore="0" minCrapScore="0" visitedClasses="0" numClasses="0" visitedMethods="1" numMethods="1" />
              <MetadataToken>100663434</MetadataToken>
              <Name>UnityEngine.AudioClip[] ClipsData::get_Clips()</Name>
              <FileRef uid="8" />
              <SequencePoints>
                <SequencePoint vc="49" uspid="543" ordinal="0" offset="0" sl="7" sc="32" el="7" ec="32" bec="0" bev="0" fileid="8" />
              </SequencePoints>
              <BranchPoints />
            </Method>
            <Method visited="true" cyclomaticComplexity="0" nPathComplexity="0" sequenceCoverage="100.0" branchCoverage="0" crapScore="0" isConstructor="false" isStatic="false" isGetter="false" isSetter="true">
              <Summary numSequencePoints="1" visitedSequencePoints="1" numBranchPoints="0" visitedBranchPoints="0" sequenceCoverage="100.0" branchCoverage="0" maxCyclomaticComplexity="0" minCyclomaticComplexity="0" maxCrapScore="0" minCrapScore="0" visitedClasses="0" numClasses="0" visitedMethods="1" numMethods="1" />
              <MetadataToken>100663435</MetadataToken>
              <Name>System.Void ClipsData::set_Clips(UnityEngine.AudioClip[])</Name>
              <FileRef uid="8" />
              <SequencePoints>
                <SequencePoint vc="2" uspid="544" ordinal="0" offset="0" sl="7" sc="37" el="7" ec="37" bec="0" bev="0" fileid="8" />
              </SequencePoints>
              <BranchPoints />
            </Method>
            <Method visited="true" cyclomaticComplexity="0" nPathComplexity="0" sequenceCoverage="100.0" branchCoverage="0" crapScore="0" isConstructor="true" isStatic="false" isGetter="false" isSetter="false">
              <Summary numSequencePoints="5" visitedSequencePoints="5" numBranchPoints="0" visitedBranchPoints="0" sequenceCoverage="100.0" branchCoverage="0" maxCyclomaticComplexity="0" minCyclomaticComplexity="0" maxCrapScore="0" minCrapScore="0" visitedClasses="0" numClasses="0" visitedMethods="1" numMethods="1" />
              <MetadataToken>100663436</MetadataToken>
              <Name>ClipsData::ClipsData(UnityEngine.AudioClip[])</Name>
              <FileRef uid="8" />
              <SequencePoints>
                <SequencePoint vc="2" uspid="545" ordinal="0" offset="0" sl="7" sc="54" el="7" ec="54" bec="0" bev="0" fileid="8" />
                <SequencePoint vc="2" uspid="546" ordinal="0" offset="7" sl="9" sc="5" el="9" ec="5" bec="0" bev="0" fileid="8" />
                <SequencePoint vc="2" uspid="547" ordinal="0" offset="14" sl="10" sc="5" el="10" ec="5" bec="0" bev="0" fileid="8" />
                <SequencePoint vc="2" uspid="548" ordinal="0" offset="15" sl="11" sc="9" el="11" ec="9" bec="0" bev="0" fileid="8" />
                <SequencePoint vc="2" uspid="549" ordinal="0" offset="23" sl="12" sc="5" el="12" ec="5" bec="0" bev="0" fileid="8" />
              </SequencePoints>
              <BranchPoints />
            </Method>
          </Methods>
        </Class>
        <Class>
          <Summary numSequencePoints="16" visitedSequencePoints="16" numBranchPoints="0" visitedBranchPoints="0" sequenceCoverage="100.0" branchCoverage="0.0" maxCyclomaticComplexity="0" minCyclomaticComplexity="0" maxCrapScore="0" minCrapScore="0" visitedClasses="1" numClasses="1" visitedMethods="3" numMethods="3" />
          <FullName>EndMenuPresenter</FullName>
          <Methods>
            <Method visited="true" cyclomaticComplexity="0" nPathComplexity="0" sequenceCoverage="100.0" branchCoverage="0" crapScore="0" isConstructor="false" isStatic="false" isGetter="false" isSetter="false">
              <Summary numSequencePoints="4" visitedSequencePoints="4" numBranchPoints="0" visitedBranchPoints="0" sequenceCoverage="100.0" branchCoverage="0" maxCyclomaticComplexity="0" minCyclomaticComplexity="0" maxCrapScore="0" minCrapScore="0" visitedClasses="0" numClasses="0" visitedMethods="1" numMethods="1" />
              <MetadataToken>100663441</MetadataToken>
              <Name>System.Void EndMenuPresenter::OnTerminate()</Name>
              <FileRef uid="9" />
              <SequencePoints>
                <SequencePoint vc="1" uspid="550" ordinal="0" offset="0" sl="16" sc="5" el="16" ec="5" bec="0" bev="0" fileid="9" />
                <SequencePoint vc="1" uspid="551" ordinal="0" offset="1" sl="17" sc="9" el="17" ec="9" bec="0" bev="0" fileid="9" />
                <SequencePoint vc="1" uspid="552" ordinal="0" offset="41" sl="18" sc="9" el="18" ec="9" bec="0" bev="0" fileid="9" />
                <SequencePoint vc="1" uspid="553" ordinal="0" offset="81" sl="19" sc="5" el="19" ec="5" bec="0" bev="0" fileid="9" />
              </SequencePoints>
              <BranchPoints />
            </Method>
            <Method visited="true" cyclomaticComplexity="0" nPathComplexity="0" sequenceCoverage="100.0" branchCoverage="0" crapScore="0" isConstructor="false" isStatic="false" isGetter="false" isSetter="false">
              <Summary numSequencePoints="3" visitedSequencePoints="3" numBranchPoints="0" visitedBranchPoints="0" sequenceCoverage="100.0" branchCoverage="0" maxCyclomaticComplexity="0" minCyclomaticComplexity="0" maxCrapScore="0" minCrapScore="0" visitedClasses="0" numClasses="0" visitedMethods="1" numMethods="1" />
              <MetadataToken>100663442</MetadataToken>
              <Name>System.Void EndMenuPresenter::OnPlayAgain()</Name>
              <FileRef uid="9" />
              <SequencePoints>
                <SequencePoint vc="1" uspid="554" ordinal="0" offset="0" sl="22" sc="5" el="22" ec="5" bec="0" bev="0" fileid="9" />
                <SequencePoint vc="1" uspid="555" ordinal="0" offset="1" sl="23" sc="9" el="23" ec="9" bec="0" bev="0" fileid="9" />
                <SequencePoint vc="1" uspid="556" ordinal="0" offset="18" sl="24" sc="5" el="24" ec="5" bec="0" bev="0" fileid="9" />
              </SequencePoints>
              <BranchPoints />
            </Method>
            <Method visited="true" cyclomaticComplexity="0" nPathComplexity="0" sequenceCoverage="100.0" branchCoverage="0" crapScore="0" isConstructor="true" isStatic="false" isGetter="false" isSetter="false">
              <Summary numSequencePoints="9" visitedSequencePoints="9" numBranchPoints="0" visitedBranchPoints="0" sequenceCoverage="100.0" branchCoverage="0" maxCyclomaticComplexity="0" minCyclomaticComplexity="0" maxCrapScore="0" minCrapScore="0" visitedClasses="0" numClasses="0" visitedMethods="1" numMethods="1" />
              <MetadataToken>100663440</MetadataToken>
              <Name>EndMenuPresenter::EndMenuPresenter(IEndMenuModel, IEndMenuView)</Name>
              <FileRef uid="9" />
              <SequencePoints>
                <SequencePoint vc="3" uspid="557" ordinal="0" offset="0" sl="3" sc="5" el="3" ec="5" bec="0" bev="0" fileid="9" />
                <SequencePoint vc="3" uspid="558" ordinal="0" offset="7" sl="4" sc="5" el="4" ec="5" bec="0" bev="0" fileid="9" />
                <SequencePoint vc="3" uspid="559" ordinal="0" offset="14" sl="6" sc="5" el="6" ec="5" bec="0" bev="0" fileid="9" />
                <SequencePoint vc="3" uspid="560" ordinal="0" offset="21" sl="7" sc="5" el="7" ec="5" bec="0" bev="0" fileid="9" />
                <SequencePoint vc="3" uspid="561" ordinal="0" offset="22" sl="8" sc="9" el="8" ec="9" bec="0" bev="0" fileid="9" />
[...]
                <SequencePoint vc="14" uspid="595" ordinal="0" offset="53" sl="32" sc="0" el="32" ec="0" bec="0" bev="0" fileid="11" />
                <SequencePoint vc="15" uspid="596" ordinal="0" offset="54" sl="33" sc="0" el="33" ec="0" bec="0" bev="0" fileid="11" />
              </SequencePoints>
              <BranchPoints />
            </Method>
            <Method visited="true" cyclomaticComplexity="0" nPathComplexity="0" sequenceCoverage="100.0" branchCoverage="0" crapScore="0" isConstructor="false" isStatic="false" isGetter="false" isSetter="false">
              <Summary numSequencePoints="6" visitedSequencePoints="6" numBranchPoints="0" visitedBranchPoints="0" sequenceCoverage="100.0" branchCoverage="0" maxCyclomaticComplexity="0" minCyclomaticComplexity="0" maxCrapScore="0" minCrapScore="0" visitedClasses="0" numClasses="0" visitedMethods="1" numMethods="1" />
              <MetadataToken>100663483</MetadataToken>
              <Name>System.Boolean ServiceProvider::RemoveService[ServiceType]()</Name>
              <FileRef uid="11" />
              <SequencePoints>
                <SequencePoint vc="3" uspid="597" ordinal="0" offset="0" sl="36" sc="0" el="36" ec="0" bec="0" bev="0" fileid="11" />
                <SequencePoint vc="3" uspid="598" ordinal="0" offset="1" sl="37" sc="0" el="37" ec="0" bec="0" bev="0" fileid="11" />
                <SequencePoint vc="2" uspid="599" ordinal="0" offset="29" sl="38" sc="0" el="38" ec="0" bec="0" bev="0" fileid="11" />
                <SequencePoint vc="2" uspid="600" ordinal="0" offset="30" sl="39" sc="0" el="39" ec="0" bec="0" bev="0" fileid="11" />
                <SequencePoint vc="1" uspid="601" ordinal="0" offset="36" sl="41" sc="0" el="41" ec="0" bec="0" bev="0" fileid="11" />
                <SequencePoint vc="1" uspid="602" ordinal="0" offset="60" sl="42" sc="0" el="42" ec="0" bec="0" bev="0" fileid="11" />
              </SequencePoints>
              <BranchPoints />
            </Method>
            <Method visited="true" cyclomaticComplexity="0" nPathComplexity="0" sequenceCoverage="100.0" branchCoverage="0" crapScore="0" isConstructor="false" isStatic="false" isGetter="false" isSetter="false">
              <Summary numSequencePoints="3" visitedSequencePoints="3" numBranchPoints="0" visitedBranchPoints="0" sequenceCoverage="100.0" branchCoverage="0" maxCyclomaticComplexity="0" minCyclomaticComplexity="0" maxCrapScore="0" minCrapScore="0" visitedClasses="0" numClasses="0" visitedMethods="1" numMethods="1" />
              <MetadataToken>100663484</MetadataToken>
              <Name>System.Boolean ServiceProvider::ContainsService[ServiceType]()</Name>
              <FileRef uid="11" />
              <SequencePoints>
                <SequencePoint vc="2" uspid="603" ordinal="0" offset="0" sl="45" sc="0" el="45" ec="0" bec="0" bev="0" fileid="11" />
                <SequencePoint vc="2" uspid="604" ordinal="0" offset="1" sl="46" sc="0" el="46" ec="0" bec="0" bev="0" fileid="11" />
                <SequencePoint vc="2" uspid="605" ordinal="0" offset="25" sl="47" sc="0" el="47" ec="0" bec="0" bev="0" fileid="11" />
              </SequencePoints>
              <BranchPoints />
            </Method>
            <Method visited="true" cyclomaticComplexity="0" nPathComplexity="0" sequenceCoverage="100.0" branchCoverage="0" crapScore="0" isConstructor="false" isStatic="false" isGetter="false" isSetter="false">
              <Summary numSequencePoints="3" visitedSequencePoints="3" numBranchPoints="0" visitedBranchPoints="0" sequenceCoverage="100.0" branchCoverage="0" maxCyclomaticComplexity="0" minCyclomaticComplexity="0" maxCrapScore="0" minCrapScore="0" visitedClasses="0" numClasses="0" visitedMethods="1" numMethods="1" />
              <MetadataToken>100663485</MetadataToken>
              <Name>ServiceType ServiceProvider::GetService[ServiceType]()</Name>
              <FileRef uid="11" />
              <SequencePoints>
                <SequencePoint vc="153" uspid="606" ordinal="0" offset="0" sl="50" sc="0" el="50" ec="0" bec="0" bev="0" fileid="11" />
                <SequencePoint vc="153" uspid="607" ordinal="0" offset="1" sl="51" sc="0" el="51" ec="0" bec="0" bev="0" fileid="11" />
                <SequencePoint vc="147" uspid="608" ordinal="0" offset="35" sl="52" sc="0" el="52" ec="0" bec="0" bev="0" fileid="11" />
              </SequencePoints>
              <BranchPoints />
            </Method>
            <Method visited="true" cyclomaticComplexity="0" nPathComplexity="0" sequenceCoverage="100.0" branchCoverage="0" crapScore="0" isConstructor="false" isStatic="false" isGetter="false" isSetter="false">
              <Summary numSequencePoints="3" visitedSequencePoints="3" numBranchPoints="0" visitedBranchPoints="0" sequenceCoverage="100.0" branchCoverage="0" maxCyclomaticComplexity="0" minCyclomaticComplexity="0" maxCrapScore="0" minCrapScore="0" visitedClasses="0" numClasses="0" visitedMethods="1" numMethods="1" />
              <MetadataToken>100663486</MetadataToken>
              <Name>System.Void ServiceProvider::ClearAllServices()</Name>
              <FileRef uid="11" />
              <SequencePoints>
                <SequencePoint vc="3" uspid="609" ordinal="0" offset="0" sl="55" sc="5" el="55" ec="5" bec="0" bev="0" fileid="11" />
                <SequencePoint vc="3" uspid="610" ordinal="0" offset="1" sl="56" sc="9" el="56" ec="9" bec="0" bev="0" fileid="11" />
                <SequencePoint vc="3" uspid="611" ordinal="0" offset="13" sl="57" sc="5" el="57" ec="5" bec="0" bev="0" fileid="11" />
              </SequencePoints>
              <BranchPoints />
            </Method>
            <Method visited="true" cyclomaticComplexity="0" nPathComplexity="0" sequenceCoverage="100.0" branchCoverage="0" crapScore="0" isConstructor="false" isStatic="false" isGetter="false" isSetter="false">
              <Summary numSequencePoints="20" visitedSequencePoints="20" numBranchPoints="0" visitedBranchPoints="0" sequenceCoverage="100.0" branchCoverage="0" maxCyclomaticComplexity="0" minCyclomaticComplexity="0" maxCrapScore="0" minCrapScore="0" visitedClasses="0" numClasses="0" visitedMethods="1" numMethods="1" />
              <MetadataToken>100663487</MetadataToken>
              <Name>System.Void ServiceProvider::ClearAllNonPersitanceServices()</Name>
              <FileRef uid="11" />
              <SequencePoints>
                <SequencePoint vc="1" uspid="612" ordinal="0" offset="0" sl="60" sc="5" el="60" ec="5" bec="0" bev="0" fileid="11" />
                <SequencePoint vc="1" uspid="613" ordinal="0" offset="1" sl="61" sc="9" el="61" ec="9" bec="0" bev="0" fileid="11" />
                <SequencePoint vc="1" uspid="614" ordinal="0" offset="7" sl="62" sc="9" el="62" ec="9" bec="0" bev="0" fileid="11" />
                <SequencePoint vc="1" uspid="615" ordinal="0" offset="8" sl="62" sc="58" el="62" ec="58" bec="0" bev="0" fileid="11" />
                <SequencePoint vc="2" uspid="616" ordinal="0" offset="22" sl="62" sc="18" el="62" ec="18" bec="0" bev="0" fileid="11" />
                <SequencePoint vc="2" uspid="617" ordinal="0" offset="30" sl="63" sc="9" el="63" ec="9" bec="0" bev="0" fileid="11" />
                <SequencePoint vc="2" uspid="618" ordinal="0" offset="31" sl="64" sc="13" el="64" ec="13" bec="0" bev="0" fileid="11" />
                <SequencePoint vc="1" uspid="619" ordinal="0" offset="50" sl="65" sc="13" el="65" ec="13" bec="0" bev="0" fileid="11" />
                <SequencePoint vc="1" uspid="620" ordinal="0" offset="51" sl="66" sc="17" el="66" ec="17" bec="0" bev="0" fileid="11" />
                <SequencePoint vc="1" uspid="621" ordinal="0" offset="65" sl="67" sc="13" el="67" ec="13" bec="0" bev="0" fileid="11" />
                <SequencePoint vc="2" uspid="622" ordinal="0" offset="66" sl="68" sc="9" el="68" ec="9" bec="0" bev="0" fileid="11" />
                <SequencePoint vc="3" uspid="623" ordinal="0" offset="67" sl="62" sc="55" el="62" ec="55" bec="0" bev="0" fileid="11" />
                <SequencePoint vc="1" uspid="624" ordinal="0" offset="93" sl="69" sc="9" el="69" ec="9" bec="0" bev="0" fileid="11" />
                <SequencePoint vc="1" uspid="625" ordinal="0" offset="94" sl="69" sc="38" el="69" ec="38" bec="0" bev="0" fileid="11" />
                <SequencePoint vc="1" uspid="626" ordinal="0" offset="104" sl="69" sc="18" el="69" ec="18" bec="0" bev="0" fileid="11" />
                <SequencePoint vc="1" uspid="627" ordinal="0" offset="113" sl="70" sc="9" el="70" ec="9" bec="0" bev="0" fileid="11" />
                <SequencePoint vc="1" uspid="628" ordinal="0" offset="114" sl="71" sc="13" el="71" ec="13" bec="0" bev="0" fileid="11" />
                <SequencePoint vc="1" uspid="629" ordinal="0" offset="128" sl="72" sc="9" el="72" ec="9" bec="0" bev="0" fileid="11" />
                <SequencePoint vc="2" uspid="630" ordinal="0" offset="129" sl="69" sc="35" el="69" ec="35" bec="0" bev="0" fileid="11" />
                <SequencePoint vc="1" uspid="631" ordinal="0" offset="155" sl="73" sc="5" el="73" ec="5" bec="0" bev="0" fileid="11" />
              </SequencePoints>
              <BranchPoints />
            </Method>
            <Method visited="true" cyclomaticComplexity="0" nPathComplexity="0" sequenceCoverage="100.0" branchCoverage="0" crapScore="0" isConstructor="true" isStatic="false" isGetter="false" isSetter="false">
              <Summary numSequencePoints="4" visitedSequencePoints="4" numBranchPoints="0" visitedBranchPoints="0" sequenceCoverage="100.0" branchCoverage="0" maxCyclomaticComplexity="0" minCyclomaticComplexity="0" maxCrapScore="0" minCrapScore="0" visitedClasses="0" numClasses="0" visitedMethods="1" numMethods="1" />
              <MetadataToken>100663480</MetadataToken>
              <Name>ServiceProvider::ServiceProvider()</Name>
              <FileRef uid="11" />
              <SequencePoints>
                <SequencePoint vc="12" uspid="632" ordinal="0" offset="0" sl="22" sc="5" el="22" ec="5" bec="0" bev="0" fileid="11" />
                <SequencePoint vc="12" uspid="633" ordinal="0" offset="11" sl="23" sc="5" el="23" ec="5" bec="0" bev="0" fileid="11" />
                <SequencePoint vc="12" uspid="634" ordinal="0" offset="18" sl="23" sc="31" el="23" ec="31" bec="0" bev="0" fileid="11" />
                <SequencePoint vc="12" uspid="635" ordinal="0" offset="19" sl="23" sc="33" el="23" ec="33" bec="0" bev="0" fileid="11" />
              </SequencePoints>
              <BranchPoints />
            </Method>
          </Methods>
        </Class>
        <Class>
          <Summary numSequencePoints="27" visitedSequencePoints="27" numBranchPoints="0" visitedBranchPoints="0" sequenceCoverage="100.0" branchCoverage="0.0" maxCyclomaticComplexity="0" minCyclomaticComplexity="0" maxCrapScore="0" minCrapScore="0" visitedClasses="1" numClasses="1" visitedMethods="4" numMethods="4" />
          <FullName>TaskScheduler</FullName>
          <Methods>
            <Method visited="true" cyclomaticComplexity="0" nPathComplexity="0" sequenceCoverage="100.0" branchCoverage="0" crapScore="0" isConstructor="false" isStatic="false" isGetter="false" isSetter="false">
              <Summary numSequencePoints="6" visitedSequencePoints="6" numBranchPoints="0" visitedBranchPoints="0" sequenceCoverage="100.0" branchCoverage="0" maxCyclomaticComplexity="0" minCyclomaticComplexity="0" maxCrapScore="0" minCrapScore="0" visitedClasses="0" numClasses="0" visitedMethods="1" numMethods="1" />
              <MetadataToken>100663489</MetadataToken>
              <Name>System.Void TaskScheduler::Schedule(System.Action, System.Single)</Name>
              <FileRef uid="12" />
              <SequencePoints>
                <SequencePoint vc="46" uspid="636" ordinal="0" offset="0" sl="26" sc="5" el="26" ec="5" bec="0" bev="0" fileid="12" />
                <SequencePoint vc="46" uspid="637" ordinal="0" offset="1" sl="27" sc="9" el="27" ec="9" bec="0" bev="0" fileid="12" />
                <SequencePoint vc="45" uspid="638" ordinal="0" offset="16" sl="28" sc="9" el="28" ec="9" bec="0" bev="0" fileid="12" />
                <SequencePoint vc="45" uspid="639" ordinal="0" offset="17" sl="29" sc="13" el="29" ec="13" bec="0" bev="0" fileid="12" />
                <SequencePoint vc="45" uspid="640" ordinal="0" offset="36" sl="30" sc="9" el="30" ec="9" bec="0" bev="0" fileid="12" />
                <SequencePoint vc="46" uspid="641" ordinal="0" offset="37" sl="31" sc="5" el="31" ec="5" bec="0" bev="0" fileid="12" />
              </SequencePoints>
              <BranchPoints />
            </Method>
            <Method visited="true" cyclomaticComplexity="0" nPathComplexity="0" sequenceCoverage="100.0" branchCoverage="0" crapScore="0" isConstructor="false" isStatic="false" isGetter="false" isSetter="false">
              <Summary numSequencePoints="14" visitedSequencePoints="14" numBranchPoints="0" visitedBranchPoints="0" sequenceCoverage="100.0" branchCoverage="0" maxCyclomaticComplexity="0" minCyclomaticComplexity="0" maxCrapScore="0" minCrapScore="0" visitedClasses="0" numClasses="0" visitedMethods="1" numMethods="1" />
              <MetadataToken>100663490</MetadataToken>
              <Name>System.Void TaskScheduler::Tick(System.Single)</Name>
              <FileRef uid="12" />
              <SequencePoints>
                <SequencePoint vc="28" uspid="642" ordinal="0" offset="0" sl="34" sc="5" el="34" ec="5" bec="0" bev="0" fileid="12" />
                <SequencePoint vc="28" uspid="643" ordinal="0" offset="1" sl="35" sc="14" el="35" ec="14" bec="0" bev="0" fileid="12" />
                <SequencePoint vc="33" uspid="644" ordinal="0" offset="17" sl="36" sc="9" el="36" ec="9" bec="0" bev="0" fileid="12" />
                <SequencePoint vc="33" uspid="645" ordinal="0" offset="18" sl="37" sc="13" el="37" ec="13" bec="0" bev="0" fileid="12" />
                <SequencePoint vc="33" uspid="646" ordinal="0" offset="31" sl="38" sc="13" el="38" ec="13" bec="0" bev="0" fileid="12" />
                <SequencePoint vc="33" uspid="647" ordinal="0" offset="45" sl="39" sc="13" el="39" ec="13" bec="0" bev="0" fileid="12" />
                <SequencePoint vc="24" uspid="648" ordinal="0" offset="65" sl="40" sc="13" el="40" ec="13" bec="0" bev="0" fileid="12" />
                <SequencePoint vc="24" uspid="649" ordinal="0" offset="66" sl="41" sc="17" el="41" ec="17" bec="0" bev="0" fileid="12" />
                <SequencePoint vc="24" uspid="650" ordinal="0" offset="79" sl="42" sc="17" el="42" ec="17" bec="0" bev="0" fileid="12" />
                <SequencePoint vc="24" uspid="651" ordinal="0" offset="91" sl="43" sc="13" el="43" ec="13" bec="0" bev="0" fileid="12" />
                <SequencePoint vc="33" uspid="652" ordinal="0" offset="92" sl="44" sc="9" el="44" ec="9" bec="0" bev="0" fileid="12" />
                <SequencePoint vc="33" uspid="653" ordinal="0" offset="93" sl="35" sc="56" el="35" ec="56" bec="0" bev="0" fileid="12" />
                <SequencePoint vc="61" uspid="654" ordinal="0" offset="97" sl="35" sc="48" el="35" ec="48" bec="0" bev="0" fileid="12" />
                <SequencePoint vc="28" uspid="655" ordinal="0" offset="108" sl="45" sc="5" el="45" ec="5" bec="0" bev="0" fileid="12" />
              </SequencePoints>
              <BranchPoints />
            </Method>
            <Method visited="true" cyclomaticComplexity="0" nPathComplexity="0" sequenceCoverage="100.0" branchCoverage="0" crapScore="0" isConstructor="false" isStatic="false" isGetter="false" isSetter="false">
              <Summary numSequencePoints="3" visitedSequencePoints="3" numBranchPoints="0" visitedBranchPoints="0" sequenceCoverage="100.0" branchCoverage="0" maxCyclomaticComplexity="0" minCyclomaticComplexity="0" maxCrapScore="0" minCrapScore="0" visitedClasses="0" numClasses="0" visitedMethods="1" numMethods="1" />
              <MetadataToken>100663491</MetadataToken>
              <Name>System.Void TaskScheduler::Clear()</Name>
              <FileRef uid="12" />
              <SequencePoints>
                <SequencePoint vc="4" uspid="656" ordinal="0" offset="0" sl="48" sc="5" el="48" ec="5" bec="0" bev="0" fileid="12" />
                <SequencePoint vc="4" uspid="657" ordinal="0" offset="1" sl="49" sc="9" el="49" ec="9" bec="0" bev="0" fileid="12" />
                <SequencePoint vc="4" uspid="658" ordinal="0" offset="13" sl="50" sc="5" el="50" ec="5" bec="0" bev="0" fileid="12" />
              </SequencePoints>
              <BranchPoints />
            </Method>
            <Method visited="true" cyclomaticComplexity="0" nPathComplexity="0" sequenceCoverage="100.0" branchCoverage="0" crapScore="0" isConstructor="true" isStatic="false" isGetter="false" isSetter="false">
              <Summary numSequencePoints="4" visitedSequencePoints="4" numBranchPoints="0" visitedBranchPoints="0" sequenceCoverage="100.0" branchCoverage="0" maxCyclomaticComplexity="0" minCyclomaticComplexity="0" maxCrapScore="0" minCrapScore="0" visitedClasses="0" numClasses="0" visitedMethods="1" numMethods="1" />
              <MetadataToken>100663488</MetadataToken>
              <Name>TaskScheduler::TaskScheduler()</Name>
              <FileRef uid="12" />
              <SequencePoints>
                <SequencePoint vc="22" uspid="659" ordinal="0" offset="0" sl="20" sc="5" el="20" ec="5" bec="0" bev="0" fileid="12" />
                <SequencePoint vc="22" uspid="660" ordinal="0" offset="7" sl="21" sc="5" el="21" ec="5" bec="0" bev="0" fileid="12" />
                <SequencePoint vc="22" uspid="661" ordinal="0" offset="8" sl="22" sc="9" el="22" ec="9" bec="0" bev="0" fileid="12" />
                <SequencePoint vc="22" uspid="662" ordinal="0" offset="19" sl="23" sc="5" el="23" ec="5" bec="0" bev="0" fileid="12" />
              </SequencePoints>
              <BranchPoints />
            </Method>
          </Methods>
        </Class>
        <Class>
          <Summary numSequencePoints="5" visitedSequencePoints="5" numBranchPoints="0" visitedBranchPoints="0" sequenceCoverage="100.0" branchCoverage="0.0" maxCyclomaticComplexity="0" minCyclomaticComplexity="0" maxCrapScore="0" minCrapScore="0" visitedClasses="1" numClasses="1" visitedMethods="1" numMethods="1" />
          <FullName>TaskScheduler/ScheduledCall</FullName>
          <Methods>
            <Method visited="true" cyclomaticComplexity="0" nPathComplexity="0" sequenceCoverage="100.0" branchCoverage="0" crapScore="0" isConstructor="true" isStatic="false" isGetter="false" isSetter="false">
              <Summary numSequencePoints="5" visitedSequencePoints="5" numBranchPoints="0" visitedBranchPoints="0" sequenceCoverage="100.0" branchCoverage="0" maxCyclomaticComplexity="0" minCyclomaticComplexity="0" maxCrapScore="0" minCrapScore="0" visitedClasses="0" numClasses="0" visitedMethods="1" numMethods="1" />
              <MetadataToken>100663512</MetadataToken>
              <Name>TaskScheduler/ScheduledCall::ScheduledCall(System.Action, System.Single)</Name>
              <FileRef uid="12" />
              <SequencePoints>
                <SequencePoint vc="45" uspid="686" ordinal="0" offset="0" sl="11" sc="9" el="11" ec="9" bec="0" bev="0" fileid="12" />
                <SequencePoint vc="45" uspid="687" ordinal="0" offset="7" sl="12" sc="9" el="12" ec="9" bec="0" bev="0" fileid="12" />
                <SequencePoint vc="45" uspid="688" ordinal="0" offset="8" sl="13" sc="13" el="13" ec="13" bec="0" bev="0" fileid="12" />
                <SequencePoint vc="45" uspid="689" ordinal="0" offset="15" sl="14" sc="13" el="14" ec="13" bec="0" bev="0" fileid="12" />
                <SequencePoint vc="45" uspid="690" ordinal="0" offset="22" sl="15" sc="9" el="15" ec="9" bec="0" bev="0" fileid="12" />
              </SequencePoints>
              <BranchPoints />
            </Method>
          </Methods>
        </Class>
      </Classes>
    </Module>
  </Modules>
</CoverageSession>