<?xml version="1.0" encoding="utf-8"?>
<CoverageSession xmlns:xsd="http://www.w3.org/2001/XMLSchema" xmlns:xsi="http://www.w3.org/2001/XMLSchema-instance" Version="0.0.0.0">
  <Summary numSequencePoints="593" visitedSequencePoints="593" numBranchPoints="0" visitedBranchPoints="0" sequenceCoverage="100.0" branchCoverage="0.0" maxCyclomaticComplexity="0" minCyclomaticComplexity="0" maxCrapScore="0" minCrapScore="0" visitedClasses="23" numClasses="23" visitedMethods="148" numMethods="148" />
  <Modules>
    <Module>
      <Summary numSequencePoints="380" visitedSequencePoints="380" numBranchPoints="0" visitedBranchPoints="0" sequenceCoverage="100.0" branchCoverage="0.0" maxCyclomaticComplexity="0" minCyclomaticComplexity="0" maxCrapScore="0" minCrapScore="0" visitedClasses="14" numClasses="14" visitedMethods="98" numMethods="98" />
      <ModuleTime>0001-01-01T00:00:00</ModuleTime>
      <ModuleName>EditMode</ModuleName>
      <Files>
        <File uid="1" fullPath="C:/ImageCampus/TopicosAvanzadosEnProgramacion/TrabajoPractico2/Assets/Test/EditMode/Map/MapDataTest.cs" />
        <File uid="2" fullPath="C:/ImageCampus/TopicosAvanzadosEnProgramacion/TrabajoPractico2/Assets/Test/EditMode/Player/PlayerModelTest.cs" />
        <File uid="3" fullPath="C:/ImageCampus/TopicosAvanzadosEnProgramacion/TrabajoPractico2/Assets/Test/EditMode/Player/PlayerPresenterTest.cs" />
        <File uid="4" fullPath="C:/ImageCampus/TopicosAvanzadosEnProgramacion/TrabajoPractico2/Assets/Test/EditMode/Ship/ShipModelTest.cs" />
        <File uid="5" fullPath="C:/ImageCampus/TopicosAvanzadosEnProgramacion/TrabajoPractico2/Assets/Test/EditMode/Ship/ShipPresenterTest.cs" />
        <File uid="6" fullPath="C:/ImageCampus/TopicosAvanzadosEnProgramacion/TrabajoPractico2/Assets/Test/EditMode/Utils/ServiceProviderTest.cs" />
        <File uid="7" fullPath="C:/ImageCampus/TopicosAvanzadosEnProgramacion/TrabajoPractico2/Assets/Test/EditMode/Utils/TaskSchedulerTest.cs" />
      </Files>
      <Classes>
        <Class>
          <Summary numSequencePoints="5" visitedSequencePoints="5" numBranchPoints="0" visitedBranchPoints="0" sequenceCoverage="100.0" branchCoverage="0.0" maxCyclomaticComplexity="0" minCyclomaticComplexity="0" maxCrapScore="0" minCrapScore="0" visitedClasses="1" numClasses="1" visitedMethods="1" numMethods="1" />
          <FullName>MapDataTest</FullName>
          <Methods>
            <Method visited="true" cyclomaticComplexity="0" nPathComplexity="0" sequenceCoverage="100.0" branchCoverage="0" crapScore="0" isConstructor="false" isStatic="false" isGetter="false" isSetter="false">
              <Summary numSequencePoints="5" visitedSequencePoints="5" numBranchPoints="0" visitedBranchPoints="0" sequenceCoverage="100.0" branchCoverage="0" maxCyclomaticComplexity="0" minCyclomaticComplexity="0" maxCrapScore="0" minCrapScore="0" visitedClasses="0" numClasses="0" visitedMethods="1" numMethods="1" />
              <MetadataToken>100663297</MetadataToken>
              <Name>System.Void MapDataTest::Constructor_CorrectlyInitializeTheObject()</Name>
              <FileRef uid="1" />
              <SequencePoints>
                <SequencePoint vc="1" uspid="850" ordinal="0" offset="0" sl="7" sc="5" el="7" ec="5" bec="0" bev="0" fileid="1" />
                <SequencePoint vc="1" uspid="851" ordinal="0" offset="1" sl="8" sc="9" el="8" ec="9" bec="0" bev="0" fileid="1" />
                <SequencePoint vc="1" uspid="852" ordinal="0" offset="13" sl="9" sc="9" el="9" ec="9" bec="0" bev="0" fileid="1" />
                <SequencePoint vc="1" uspid="853" ordinal="0" offset="36" sl="10" sc="9" el="10" ec="9" bec="0" bev="0" fileid="1" />
                <SequencePoint vc="1" uspid="854" ordinal="0" offset="63" sl="11" sc="5" el="11" ec="5" bec="0" bev="0" fileid="1" />
              </SequencePoints>
              <BranchPoints />
            </Method>
          </Methods>
        </Class>
        <Class>
          <Summary numSequencePoints="6" visitedSequencePoints="6" numBranchPoints="0" visitedBranchPoints="0" sequenceCoverage="100.0" branchCoverage="0.0" maxCyclomaticComplexity="0" minCyclomaticComplexity="0" maxCrapScore="0" minCrapScore="0" visitedClasses="1" numClasses="1" visitedMethods="1" numMethods="1" />
          <FullName>PlayerModelTest</FullName>
          <Methods>
            <Method visited="true" cyclomaticComplexity="0" nPathComplexity="0" sequenceCoverage="100.0" branchCoverage="0" crapScore="0" isConstructor="false" isStatic="false" isGetter="false" isSetter="false">
              <Summary numSequencePoints="6" visitedSequencePoints="6" numBranchPoints="0" visitedBranchPoints="0" sequenceCoverage="100.0" branchCoverage="0" maxCyclomaticComplexity="0" minCyclomaticComplexity="0" maxCrapScore="0" minCrapScore="0" visitedClasses="0" numClasses="0" visitedMethods="1" numMethods="1" />
              <MetadataToken>100663299</MetadataToken>
              <Name>System.Void PlayerModelTest::CanNotMove_CorrectlyReturnTheResult(System.Boolean, System.Boolean, System.Boolean)</Name>
              <FileRef uid="2" />
              <SequencePoints>
                <SequencePoint vc="4" uspid="855" ordinal="0" offset="0" sl="10" sc="5" el="10" ec="5" bec="0" bev="0" fileid="2" />
                <SequencePoint vc="4" uspid="856" ordinal="0" offset="1" sl="11" sc="9" el="11" ec="9" bec="0" bev="0" fileid="2" />
                <SequencePoint vc="4" uspid="857" ordinal="0" offset="7" sl="12" sc="9" el="12" ec="9" bec="0" bev="0" fileid="2" />
                <SequencePoint vc="4" uspid="858" ordinal="0" offset="15" sl="13" sc="9" el="13" ec="9" bec="0" bev="0" fileid="2" />
                <SequencePoint vc="4" uspid="859" ordinal="0" offset="23" sl="14" sc="9" el="14" ec="9" bec="0" bev="0" fileid="2" />
                <SequencePoint vc="4" uspid="860" ordinal="0" offset="46" sl="15" sc="5" el="15" ec="5" bec="0" bev="0" fileid="2" />
              </SequencePoints>
              <BranchPoints />
            </Method>
          </Methods>
        </Class>
        <Class>
          <Summary numSequencePoints="145" visitedSequencePoints="145" numBranchPoints="0" visitedBranchPoints="0" sequenceCoverage="100.0" branchCoverage="0.0" maxCyclomaticComplexity="0" minCyclomaticComplexity="0" maxCrapScore="0" minCrapScore="0" visitedClasses="1" numClasses="1" visitedMethods="21" numMethods="21" />
          <FullName>PlayerPresenterTest</FullName>
          <Methods>
            <Method visited="true" cyclomaticComplexity="0" nPathComplexity="0" sequenceCoverage="100.0" branchCoverage="0" crapScore="0" isConstructor="false" isStatic="false" isGetter="true" isSetter="false">
              <Summary numSequencePoints="1" visitedSequencePoints="1" numBranchPoints="0" visitedBranchPoints="0" sequenceCoverage="100.0" branchCoverage="0" maxCyclomaticComplexity="0" minCyclomaticComplexity="0" maxCrapScore="0" minCrapScore="0" visitedClasses="0" numClasses="0" visitedMethods="1" numMethods="1" />
              <MetadataToken>100663301</MetadataToken>
              <Name>MapData PlayerPresenterTest::get_MapData()</Name>
              <FileRef uid="3" />
              <SequencePoints>
                <SequencePoint vc="2" uspid="861" ordinal="0" offset="0" sl="8" sc="32" el="8" ec="32" bec="0" bev="0" fileid="3" />
              </SequencePoints>
              <BranchPoints />
            </Method>
            <Method visited="true" cyclomaticComplexity="0" nPathComplexity="0" sequenceCoverage="100.0" branchCoverage="0" crapScore="0" isConstructor="false" isStatic="false" isGetter="false" isSetter="false">
              <Summary numSequencePoints="5" visitedSequencePoints="5" numBranchPoints="0" visitedBranchPoints="0" sequenceCoverage="100.0" branchCoverage="0" maxCyclomaticComplexity="0" minCyclomaticComplexity="0" maxCrapScore="0" minCrapScore="0" visitedClasses="0" numClasses="0" visitedMethods="1" numMethods="1" />
              <MetadataToken>100663302</MetadataToken>
              <Name>System.Void PlayerPresenterTest::SetupOnce()</Name>
              <FileRef uid="3" />
              <SequencePoints>
                <SequencePoint vc="1" uspid="862" ordinal="0" offset="0" sl="19" sc="5" el="19" ec="5" bec="0" bev="0" fileid="3" />
                <SequencePoint vc="1" uspid="863" ordinal="0" offset="1" sl="20" sc="9" el="20" ec="9" bec="0" bev="0" fileid="3" />
                <SequencePoint vc="1" uspid="864" ordinal="0" offset="12" sl="21" sc="9" el="21" ec="9" bec="0" bev="0" fileid="3" />
                <SequencePoint vc="1" uspid="865" ordinal="0" offset="34" sl="22" sc="9" el="22" ec="9" bec="0" bev="0" fileid="3" />
                <SequencePoint vc="1" uspid="866" ordinal="0" offset="56" sl="23" sc="5" el="23" ec="5" bec="0" bev="0" fileid="3" />
              </SequencePoints>
              <BranchPoints />
            </Method>
            <Method visited="true" cyclomaticComplexity="0" nPathComplexity="0" sequenceCoverage="100.0" branchCoverage="0" crapScore="0" isConstructor="false" isStatic="false" isGetter="false" isSetter="false">
              <Summary numSequencePoints="5" visitedSequencePoints="5" numBranchPoints="0" visitedBranchPoints="0" sequenceCoverage="100.0" branchCoverage="0" maxCyclomaticComplexity="0" minCyclomaticComplexity="0" maxCrapScore="0" minCrapScore="0" visitedClasses="0" numClasses="0" visitedMethods="1" numMethods="1" />
              <MetadataToken>100663303</MetadataToken>
              <Name>System.Void PlayerPresenterTest::Setup()</Name>
              <FileRef uid="3" />
              <SequencePoints>
                <SequencePoint vc="39" uspid="867" ordinal="0" offset="0" sl="27" sc="5" el="27" ec="5" bec="0" bev="0" fileid="3" />
                <SequencePoint vc="39" uspid="868" ordinal="0" offset="1" sl="28" sc="9" el="28" ec="9" bec="0" bev="0" fileid="3" />
                <SequencePoint vc="39" uspid="869" ordinal="0" offset="12" sl="29" sc="9" el="29" ec="9" bec="0" bev="0" fileid="3" />
                <SequencePoint vc="39" uspid="870" ordinal="0" offset="23" sl="30" sc="9" el="30" ec="9" bec="0" bev="0" fileid="3" />
                <SequencePoint vc="39" uspid="871" ordinal="0" offset="46" sl="31" sc="5" el="31" ec="5" bec="0" bev="0" fileid="3" />
              </SequencePoints>
              <BranchPoints />
            </Method>
            <Method visited="true" cyclomaticComplexity="0" nPathComplexity="0" sequenceCoverage="100.0" branchCoverage="0" crapScore="0" isConstructor="false" isStatic="false" isGetter="false" isSetter="false">
              <Summary numSequencePoints="7" visitedSequencePoints="7" numBranchPoints="0" visitedBranchPoints="0" sequenceCoverage="100.0" branchCoverage="0" maxCyclomaticComplexity="0" minCyclomaticComplexity="0" maxCrapScore="0" minCrapScore="0" visitedClasses="0" numClasses="0" visitedMethods="1" numMethods="1" />
              <MetadataToken>100663304</MetadataToken>
              <Name>System.Void PlayerPresenterTest::Constructor_CorrectlyBindTheCallbacks()</Name>
              <FileRef uid="3" />
              <SequencePoints>
                <SequencePoint vc="1" uspid="872" ordinal="0" offset="0" sl="35" sc="5" el="35" ec="5" bec="0" bev="0" fileid="3" />
                <SequencePoint vc="1" uspid="873" ordinal="0" offset="1" sl="36" sc="9" el="36" ec="9" bec="0" bev="0" fileid="3" />
                <SequencePoint vc="1" uspid="874" ordinal="0" offset="36" sl="37" sc="9" el="37" ec="9" bec="0" bev="0" fileid="3" />
                <SequencePoint vc="1" uspid="875" ordinal="0" offset="71" sl="38" sc="9" el="38" ec="9" bec="0" bev="0" fileid="3" />
                <SequencePoint vc="1" uspid="876" ordinal="0" offset="106" sl="39" sc="9" el="39" ec="9" bec="0" bev="0" fileid="3" />
                <SequencePoint vc="1" uspid="877" ordinal="0" offset="141" sl="40" sc="9" el="40" ec="9" bec="0" bev="0" fileid="3" />
                <SequencePoint vc="1" uspid="878" ordinal="0" offset="176" sl="41" sc="5" el="41" ec="5" bec="0" bev="0" fileid="3" />
              </SequencePoints>
              <BranchPoints />
            </Method>
            <Method visited="true" cyclomaticComplexity="0" nPathComplexity="0" sequenceCoverage="100.0" branchCoverage="0" crapScore="0" isConstructor="false" isStatic="false" isGetter="false" isSetter="false">
              <Summary numSequencePoints="4" visitedSequencePoints="4" numBranchPoints="0" visitedBranchPoints="0" sequenceCoverage="100.0" branchCoverage="0" maxCyclomaticComplexity="0" minCyclomaticComplexity="0" maxCrapScore="0" minCrapScore="0" visitedClasses="0" numClasses="0" visitedMethods="1" numMethods="1" />
              <MetadataToken>100663305</MetadataToken>
              <Name>System.Void PlayerPresenterTest::OnStartCallback_CallsPlayCoroutine()</Name>
              <FileRef uid="3" />
              <SequencePoints>
                <SequencePoint vc="1" uspid="879" ordinal="0" offset="0" sl="45" sc="5" el="45" ec="5" bec="0" bev="0" fileid="3" />
                <SequencePoint vc="1" uspid="880" ordinal="0" offset="1" sl="46" sc="9" el="46" ec="9" bec="0" bev="0" fileid="3" />
                <SequencePoint vc="1" uspid="881" ordinal="0" offset="18" sl="47" sc="9" el="47" ec="9" bec="0" bev="0" fileid="3" />
                <SequencePoint vc="1" uspid="882" ordinal="0" offset="46" sl="48" sc="5" el="48" ec="5" bec="0" bev="0" fileid="3" />
              </SequencePoints>
              <BranchPoints />
            </Method>
            <Method visited="true" cyclomaticComplexity="0" nPathComplexity="0" sequenceCoverage="100.0" branchCoverage="0" crapScore="0" isConstructor="false" isStatic="false" isGetter="false" isSetter="false">
              <Summary numSequencePoints="8" visitedSequencePoints="8" numBranchPoints="0" visitedBranchPoints="0" sequenceCoverage="100.0" branchCoverage="0" maxCyclomaticComplexity="0" minCyclomaticComplexity="0" maxCrapScore="0" minCrapScore="0" visitedClasses="0" numClasses="0" visitedMethods="1" numMethods="1" />
              <MetadataToken>100663306</MetadataToken>
              <Name>System.Void PlayerPresenterTest::OnTerminateCallback_CorrectlyUnbindTheCallbacks()</Name>
              <FileRef uid="3" />
              <SequencePoints>
                <SequencePoint vc="1" uspid="883" ordinal="0" offset="0" sl="52" sc="5" el="52" ec="5" bec="0" bev="0" fileid="3" />
                <SequencePoint vc="1" uspid="884" ordinal="0" offset="1" sl="53" sc="9" el="53" ec="9" bec="0" bev="0" fileid="3" />
                <SequencePoint vc="1" uspid="885" ordinal="0" offset="18" sl="54" sc="9" el="54" ec="9" bec="0" bev="0" fileid="3" />
                <SequencePoint vc="1" uspid="886" ordinal="0" offset="35" sl="55" sc="9" el="55" ec="9" bec="0" bev="0" fileid="3" />
                <SequencePoint vc="1" uspid="887" ordinal="0" offset="52" sl="56" sc="9" el="56" ec="9" bec="0" bev="0" fileid="3" />
                <SequencePoint vc="1" uspid="888" ordinal="0" offset="69" sl="57" sc="9" el="57" ec="9" bec="0" bev="0" fileid="3" />
                <SequencePoint vc="1" uspid="889" ordinal="0" offset="86" sl="58" sc="9" el="58" ec="9" bec="0" bev="0" fileid="3" />
                <SequencePoint vc="1" uspid="890" ordinal="0" offset="103" sl="59" sc="5" el="59" ec="5" bec="0" bev="0" fileid="3" />
              </SequencePoints>
              <BranchPoints />
            </Method>
            <Method visited="true" cyclomaticComplexity="0" nPathComplexity="0" sequenceCoverage="100.0" branchCoverage="0" crapScore="0" isConstructor="false" isStatic="false" isGetter="false" isSetter="false">
              <Summary numSequencePoints="6" visitedSequencePoints="6" numBranchPoints="0" visitedBranchPoints="0" sequenceCoverage="100.0" branchCoverage="0" maxCyclomaticComplexity="0" minCyclomaticComplexity="0" maxCrapScore="0" minCrapScore="0" visitedClasses="0" numClasses="0" visitedMethods="1" numMethods="1" />
              <MetadataToken>100663307</MetadataToken>
              <Name>System.Void PlayerPresenterTest::MoveUpCallback_CallsPlayClip(System.Boolean, System.Boolean, System.Int32)</Name>
              <FileRef uid="3" />
              <SequencePoints>
                <SequencePoint vc="4" uspid="891" ordinal="0" offset="0" sl="66" sc="5" el="66" ec="5" bec="0" bev="0" fileid="3" />
                <SequencePoint vc="4" uspid="892" ordinal="0" offset="1" sl="67" sc="9" el="67" ec="9" bec="0" bev="0" fileid="3" />
                <SequencePoint vc="4" uspid="893" ordinal="0" offset="14" sl="68" sc="9" el="68" ec="9" bec="0" bev="0" fileid="3" />
                <SequencePoint vc="4" uspid="894" ordinal="0" offset="27" sl="69" sc="9" el="69" ec="9" bec="0" bev="0" fileid="3" />
                <SequencePoint vc="4" uspid="895" ordinal="0" offset="44" sl="70" sc="9" el="70" ec="9" bec="0" bev="0" fileid="3" />
                <SequencePoint vc="4" uspid="896" ordinal="0" offset="72" sl="71" sc="5" el="71" ec="5" bec="0" bev="0" fileid="3" />
              </SequencePoints>
              <BranchPoints />
            </Method>
            <Method visited="true" cyclomaticComplexity="0" nPathComplexity="0" sequenceCoverage="100.0" branchCoverage="0" crapScore="0" isConstructor="false" isStatic="false" isGetter="false" isSetter="false">
              <Summary numSequencePoints="6" visitedSequencePoints="6" numBranchPoints="0" visitedBranchPoints="0" sequenceCoverage="100.0" branchCoverage="0" maxCyclomaticComplexity="0" minCyclomaticComplexity="0" maxCrapScore="0" minCrapScore="0" visitedClasses="0" numClasses="0" visitedMethods="1" numMethods="1" />
              <MetadataToken>100663308</MetadataToken>
              <Name>System.Void PlayerPresenterTest::MoveUpCallback_SetIsMoving(System.Boolean, System.Boolean, System.Boolean)</Name>
              <FileRef uid="3" />
              <SequencePoints>
                <SequencePoint vc="4" uspid="897" ordinal="0" offset="0" sl="78" sc="5" el="78" ec="5" bec="0" bev="0" fileid="3" />
                <SequencePoint vc="4" uspid="898" ordinal="0" offset="1" sl="79" sc="9" el="79" ec="9" bec="0" bev="0" fileid="3" />
                <SequencePoint vc="4" uspid="899" ordinal="0" offset="14" sl="80" sc="9" el="80" ec="9" bec="0" bev="0" fileid="3" />
                <SequencePoint vc="4" uspid="900" ordinal="0" offset="27" sl="81" sc="9" el="81" ec="9" bec="0" bev="0" fileid="3" />
                <SequencePoint vc="4" uspid="901" ordinal="0" offset="44" sl="82" sc="9" el="82" ec="9" bec="0" bev="0" fileid="3" />
                <SequencePoint vc="4" uspid="902" ordinal="0" offset="72" sl="83" sc="5" el="83" ec="5" bec="0" bev="0" fileid="3" />
              </SequencePoints>
              <BranchPoints />
            </Method>
            <Method visited="true" cyclomaticComplexity="0" nPathComplexity="0" sequenceCoverage="100.0" branchCoverage="0" crapScore="0" isConstructor="false" isStatic="false" isGetter="false" isSetter="false">
              <Summary numSequencePoints="12" visitedSequencePoints="12" numBranchPoints="0" visitedBranchPoints="0" sequenceCoverage="100.0" branchCoverage="0" maxCyclomaticComplexity="0" minCyclomaticComplexity="0" maxCrapScore="0" minCrapScore="0" visitedClasses="0" numClasses="0" visitedMethods="1" numMethods="1" />
              <MetadataToken>100663309</MetadataToken>
              <Name>System.Void PlayerPresenterTest::MoveUpCallback_IncrementCurrentLaneAndDontGoOverMaxLaneCount(System.Int32, System.Int32, System.Int32)</Name>
              <FileRef uid="3" />
              <SequencePoints>
                <SequencePoint vc="6" uspid="903" ordinal="0" offset="0" sl="92" sc="5" el="92" ec="5" bec="0" bev="0" fileid="3" />
                <SequencePoint vc="6" uspid="904" ordinal="0" offset="1" sl="93" sc="9" el="93" ec="9" bec="0" bev="0" fileid="3" />
                <SequencePoint vc="6" uspid="905" ordinal="0" offset="14" sl="94" sc="14" el="94" ec="14" bec="0" bev="0" fileid="3" />
                <SequencePoint vc="22" uspid="906" ordinal="0" offset="18" sl="95" sc="9" el="95" ec="9" bec="0" bev="0" fileid="3" />
                <SequencePoint vc="22" uspid="907" ordinal="0" offset="19" sl="96" sc="13" el="96" ec="13" bec="0" bev="0" fileid="3" />
                <SequencePoint vc="22" uspid="908" ordinal="0" offset="32" sl="97" sc="13" el="97" ec="13" bec="0" bev="0" fileid="3" />
                <SequencePoint vc="22" uspid="909" ordinal="0" offset="45" sl="98" sc="13" el="98" ec="13" bec="0" bev="0" fileid="3" />
                <SequencePoint vc="22" uspid="910" ordinal="0" offset="62" sl="99" sc="9" el="99" ec="9" bec="0" bev="0" fileid="3" />
                <SequencePoint vc="22" uspid="911" ordinal="0" offset="63" sl="94" sc="43" el="94" ec="43" bec="0" bev="0" fileid="3" />
                <SequencePoint vc="28" uspid="912" ordinal="0" offset="67" sl="94" sc="25" el="94" ec="25" bec="0" bev="0" fileid="3" />
                <SequencePoint vc="6" uspid="913" ordinal="0" offset="75" sl="100" sc="9" el="100" ec="9" bec="0" bev="0" fileid="3" />
                <SequencePoint vc="6" uspid="914" ordinal="0" offset="103" sl="101" sc="5" el="101" ec="5" bec="0" bev="0" fileid="3" />
              </SequencePoints>
              <BranchPoints />
            </Method>
            <Method visited="true" cyclomaticComplexity="0" nPathComplexity="0" sequenceCoverage="100.0" branchCoverage="0" crapScore="0" isConstructor="false" isStatic="false" isGetter="false" isSetter="false">
              <Summary numSequencePoints="9" visitedSequencePoints="9" numBranchPoints="0" visitedBranchPoints="0" sequenceCoverage="100.0" branchCoverage="0" maxCyclomaticComplexity="0" minCyclomaticComplexity="0" maxCrapScore="0" minCrapScore="0" visitedClasses="0" numClasses="0" visitedMethods="1" numMethods="1" />
              <MetadataToken>100663310</MetadataToken>
              <Name>System.Void PlayerPresenterTest::MoveUpCallback_CorrectlyPlayAnimationCoroutineWhenIsNotNull()</Name>
              <FileRef uid="3" />
              <SequencePoints>
                <SequencePoint vc="1" uspid="915" ordinal="0" offset="0" sl="105" sc="5" el="105" ec="5" bec="0" bev="0" fileid="3" />
                <SequencePoint vc="1" uspid="916" ordinal="0" offset="1" sl="106" sc="9" el="106" ec="9" bec="0" bev="0" fileid="3" />
                <SequencePoint vc="1" uspid="917" ordinal="0" offset="14" sl="107" sc="9" el="107" ec="9" bec="0" bev="0" fileid="3" />
                <SequencePoint vc="1" uspid="918" ordinal="0" offset="27" sl="108" sc="9" el="108" ec="9" bec="0" bev="0" fileid="3" />
                <SequencePoint vc="1" uspid="919" ordinal="0" offset="44" sl="109" sc="9" el="109" ec="9" bec="0" bev="0" fileid="3" />
                <SequencePoint vc="1" uspid="920" ordinal="0" offset="61" sl="110" sc="9" el="110" ec="9" bec="0" bev="0" fileid="3" />
                <SequencePoint vc="1" uspid="921" ordinal="0" offset="89" sl="111" sc="9" el="111" ec="9" bec="0" bev="0" fileid="3" />
                <SequencePoint vc="1" uspid="922" ordinal="0" offset="117" sl="112" sc="9" el="112" ec="9" bec="0" bev="0" fileid="3" />
                <SequencePoint vc="1" uspid="923" ordinal="0" offset="134" sl="113" sc="5" el="113" ec="5" bec="0" bev="0" fileid="3" />
              </SequencePoints>
              <BranchPoints />
            </Method>
            <Method visited="true" cyclomaticComplexity="0" nPathComplexity="0" sequenceCoverage="100.0" branchCoverage="0" crapScore="0" isConstructor="false" isStatic="false" isGetter="false" isSetter="false">
              <Summary numSequencePoints="9" visitedSequencePoints="9" numBranchPoints="0" visitedBranchPoints="0" sequenceCoverage="100.0" branchCoverage="0" maxCyclomaticComplexity="0" minCyclomaticComplexity="0" maxCrapScore="0" minCrapScore="0" visitedClasses="0" numClasses="0" visitedMethods="1" numMethods="1" />
              <MetadataToken>100663311</MetadataToken>
              <Name>System.Void PlayerPresenterTest::MoveUpCallback_CorrectlyPlayAnimationCoroutineWhenIsNull()</Name>
              <FileRef uid="3" />
              <SequencePoints>
                <SequencePoint vc="1" uspid="924" ordinal="0" offset="0" sl="117" sc="5" el="117" ec="5" bec="0" bev="0" fileid="3" />
                <SequencePoint vc="1" uspid="925" ordinal="0" offset="1" sl="118" sc="9" el="118" ec="9" bec="0" bev="0" fileid="3" />
                <SequencePoint vc="1" uspid="926" ordinal="0" offset="14" sl="119" sc="9" el="119" ec="9" bec="0" bev="0" fileid="3" />
                <SequencePoint vc="1" uspid="927" ordinal="0" offset="27" sl="120" sc="9" el="120" ec="9" bec="0" bev="0" fileid="3" />
                <SequencePoint vc="1" uspid="928" ordinal="0" offset="40" sl="121" sc="9" el="121" ec="9" bec="0" bev="0" fileid="3" />
                <SequencePoint vc="1" uspid="929" ordinal="0" offset="57" sl="122" sc="9" el="122" ec="9" bec="0" bev="0" fileid="3" />
                <SequencePoint vc="1" uspid="930" ordinal="0" offset="85" sl="123" sc="9" el="123" ec="9" bec="0" bev="0" fileid="3" />
                <SequencePoint vc="1" uspid="931" ordinal="0" offset="113" sl="124" sc="9" el="124" ec="9" bec="0" bev="0" fileid="3" />
                <SequencePoint vc="1" uspid="932" ordinal="0" offset="130" sl="125" sc="5" el="125" ec="5" bec="0" bev="0" fileid="3" />
              </SequencePoints>
              <BranchPoints />
            </Method>
            <Method visited="true" cyclomaticComplexity="0" nPathComplexity="0" sequenceCoverage="100.0" branchCoverage="0" crapScore="0" isConstructor="false" isStatic="false" isGetter="false" isSetter="false">
              <Summary numSequencePoints="6" visitedSequencePoints="6" numBranchPoints="0" visitedBranchPoints="0" sequenceCoverage="100.0" branchCoverage="0" maxCyclomaticComplexity="0" minCyclomaticComplexity="0" maxCrapScore="0" minCrapScore="0" visitedClasses="0" numClasses="0" visitedMethods="1" numMethods="1" />
              <MetadataToken>100663312</MetadataToken>
              <Name>System.Void PlayerPresenterTest::MoveDownCallback_CallsPlayClip(System.Boolean, System.Boolean, System.Int32)</Name>
              <FileRef uid="3" />
              <SequencePoints>
                <SequencePoint vc="4" uspid="933" ordinal="0" offset="0" sl="132" sc="5" el="132" ec="5" bec="0" bev="0" fileid="3" />
                <SequencePoint vc="4" uspid="934" ordinal="0" offset="1" sl="133" sc="9" el="133" ec="9" bec="0" bev="0" fileid="3" />
                <SequencePoint vc="4" uspid="935" ordinal="0" offset="14" sl="134" sc="9" el="134" ec="9" bec="0" bev="0" fileid="3" />
                <SequencePoint vc="4" uspid="936" ordinal="0" offset="27" sl="135" sc="9" el="135" ec="9" bec="0" bev="0" fileid="3" />
                <SequencePoint vc="4" uspid="937" ordinal="0" offset="44" sl="136" sc="9" el="136" ec="9" bec="0" bev="0" fileid="3" />
                <SequencePoint vc="4" uspid="938" ordinal="0" offset="72" sl="137" sc="5" el="137" ec="5" bec="0" bev="0" fileid="3" />
              </SequencePoints>
              <BranchPoints />
            </Method>
            <Method visited="true" cyclomaticComplexity="0" nPathComplexity="0" sequenceCoverage="100.0" branchCoverage="0" crapScore="0" isConstructor="false" isStatic="false" isGetter="false" isSetter="false">
              <Summary numSequencePoints="6" visitedSequencePoints="6" numBranchPoints="0" visitedBranchPoints="0" sequenceCoverage="100.0" branchCoverage="0" maxCyclomaticComplexity="0" minCyclomaticComplexity="0" maxCrapScore="0" minCrapScore="0" visitedClasses="0" numClasses="0" visitedMethods="1" numMethods="1" />
              <MetadataToken>100663313</MetadataToken>
              <Name>System.Void PlayerPresenterTest::MoveDownCallback_SetIsMoving(System.Boolean, System.Boolean, System.Boolean)</Name>
              <FileRef uid="3" />
              <SequencePoints>
                <SequencePoint vc="4" uspid="939" ordinal="0" offset="0" sl="144" sc="5" el="144" ec="5" bec="0" bev="0" fileid="3" />
                <SequencePoint vc="4" uspid="940" ordinal="0" offset="1" sl="145" sc="9" el="145" ec="9" bec="0" bev="0" fileid="3" />
                <SequencePoint vc="4" uspid="941" ordinal="0" offset="14" sl="146" sc="9" el="146" ec="9" bec="0" bev="0" fileid="3" />
                <SequencePoint vc="4" uspid="942" ordinal="0" offset="27" sl="147" sc="9" el="147" ec="9" bec="0" bev="0" fileid="3" />
                <SequencePoint vc="4" uspid="943" ordinal="0" offset="44" sl="148" sc="9" el="148" ec="9" bec="0" bev="0" fileid="3" />
                <SequencePoint vc="4" uspid="944" ordinal="0" offset="72" sl="149" sc="5" el="149" ec="5" bec="0" bev="0" fileid="3" />
              </SequencePoints>
              <BranchPoints />
            </Method>
            <Method visited="true" cyclomaticComplexity="0" nPathComplexity="0" sequenceCoverage="100.0" branchCoverage="0" crapScore="0" isConstructor="false" isStatic="false" isGetter="false" isSetter="false">
              <Summary numSequencePoints="12" visitedSequencePoints="12" numBranchPoints="0" visitedBranchPoints="0" sequenceCoverage="100.0" branchCoverage="0" maxCyclomaticComplexity="0" minCyclomaticComplexity="0" maxCrapScore="0" minCrapScore="0" visitedClasses="0" numClasses="0" visitedMethods="1" numMethods="1" />
              <MetadataToken>100663314</MetadataToken>
              <Name>System.Void PlayerPresenterTest::MoveDownCallback_DecrementCurrentLaneAndDontGoUnderZero(System.Int32, System.Int32, System.Int32)</Name>
              <FileRef uid="3" />
              <SequencePoints>
                <SequencePoint vc="4" uspid="945" ordinal="0" offset="0" sl="156" sc="5" el="156" ec="5" bec="0" bev="0" fileid="3" />
                <SequencePoint vc="4" uspid="946" ordinal="0" offset="1" sl="157" sc="9" el="157" ec="9" bec="0" bev="0" fileid="3" />
                <SequencePoint vc="4" uspid="947" ordinal="0" offset="14" sl="158" sc="14" el="158" ec="14" bec="0" bev="0" fileid="3" />
                <SequencePoint vc="12" uspid="948" ordinal="0" offset="18" sl="159" sc="9" el="159" ec="9" bec="0" bev="0" fileid="3" />
                <SequencePoint vc="12" uspid="949" ordinal="0" offset="19" sl="160" sc="13" el="160" ec="13" bec="0" bev="0" fileid="3" />
                <SequencePoint vc="12" uspid="950" ordinal="0" offset="32" sl="161" sc="13" el="161" ec="13" bec="0" bev="0" fileid="3" />
                <SequencePoint vc="12" uspid="951" ordinal="0" offset="45" sl="162" sc="13" el="162" ec="13" bec="0" bev="0" fileid="3" />
                <SequencePoint vc="12" uspid="952" ordinal="0" offset="62" sl="163" sc="9" el="163" ec="9" bec="0" bev="0" fileid="3" />
                <SequencePoint vc="12" uspid="953" ordinal="0" offset="63" sl="158" sc="43" el="158" ec="43" bec="0" bev="0" fileid="3" />
                <SequencePoint vc="16" uspid="954" ordinal="0" offset="67" sl="158" sc="25" el="158" ec="25" bec="0" bev="0" fileid="3" />
                <SequencePoint vc="4" uspid="955" ordinal="0" offset="75" sl="164" sc="9" el="164" ec="9" bec="0" bev="0" fileid="3" />
                <SequencePoint vc="4" uspid="956" ordinal="0" offset="103" sl="165" sc="5" el="165" ec="5" bec="0" bev="0" fileid="3" />
              </SequencePoints>
              <BranchPoints />
            </Method>
            <Method visited="true" cyclomaticComplexity="0" nPathComplexity="0" sequenceCoverage="100.0" branchCoverage="0" crapScore="0" isConstructor="false" isStatic="false" isGetter="false" isSetter="false">
              <Summary numSequencePoints="9" visitedSequencePoints="9" numBranchPoints="0" visitedBranchPoints="0" sequenceCoverage="100.0" branchCoverage="0" maxCyclomaticComplexity="0" minCyclomaticComplexity="0" maxCrapScore="0" minCrapScore="0" visitedClasses="0" numClasses="0" visitedMethods="1" numMethods="1" />
              <MetadataToken>100663315</MetadataToken>
              <Name>System.Void PlayerPresenterTest::MoveDownCallback_CorrectlyPlayAnimationCoroutineWhenIsNotNull()</Name>
              <FileRef uid="3" />
              <SequencePoints>
                <SequencePoint vc="1" uspid="957" ordinal="0" offset="0" sl="169" sc="5" el="169" ec="5" bec="0" bev="0" fileid="3" />
                <SequencePoint vc="1" uspid="958" ordinal="0" offset="1" sl="170" sc="9" el="170" ec="9" bec="0" bev="0" fileid="3" />
                <SequencePoint vc="1" uspid="959" ordinal="0" offset="14" sl="171" sc="9" el="171" ec="9" bec="0" bev="0" fileid="3" />
                <SequencePoint vc="1" uspid="960" ordinal="0" offset="27" sl="172" sc="9" el="172" ec="9" bec="0" bev="0" fileid="3" />
                <SequencePoint vc="1" uspid="961" ordinal="0" offset="44" sl="173" sc="9" el="173" ec="9" bec="0" bev="0" fileid="3" />
                <SequencePoint vc="1" uspid="962" ordinal="0" offset="61" sl="174" sc="9" el="174" ec="9" bec="0" bev="0" fileid="3" />
                <SequencePoint vc="1" uspid="963" ordinal="0" offset="89" sl="175" sc="9" el="175" ec="9" bec="0" bev="0" fileid="3" />
                <SequencePoint vc="1" uspid="964" ordinal="0" offset="117" sl="176" sc="9" el="176" ec="9" bec="0" bev="0" fileid="3" />
                <SequencePoint vc="1" uspid="965" ordinal="0" offset="134" sl="177" sc="5" el="177" ec="5" bec="0" bev="0" fileid="3" />
              </SequencePoints>
              <BranchPoints />
            </Method>
            <Method visited="true" cyclomaticComplexity="0" nPathComplexity="0" sequenceCoverage="100.0" branchCoverage="0" crapScore="0" isConstructor="false" isStatic="false" isGetter="false" isSetter="false">
              <Summary numSequencePoints="9" visitedSequencePoints="9" numBranchPoints="0" visitedBranchPoints="0" sequenceCoverage="100.0" branchCoverage="0" maxCyclomaticComplexity="0" minCyclomaticComplexity="0" maxCrapScore="0" minCrapScore="0" visitedClasses="0" numClasses="0" visitedMethods="1" numMethods="1" />
              <MetadataToken>100663316</MetadataToken>
              <Name>System.Void PlayerPresenterTest::MoveDownCallback_CorrectlyPlayAnimationCoroutineWhenIsNull()</Name>
              <FileRef uid="3" />
              <SequencePoints>
                <SequencePoint vc="1" uspid="966" ordinal="0" offset="0" sl="181" sc="5" el="181" ec="5" bec="0" bev="0" fileid="3" />
                <SequencePoint vc="1" uspid="967" ordinal="0" offset="1" sl="182" sc="9" el="182" ec="9" bec="0" bev="0" fileid="3" />
                <SequencePoint vc="1" uspid="968" ordinal="0" offset="14" sl="183" sc="9" el="183" ec="9" bec="0" bev="0" fileid="3" />
                <SequencePoint vc="1" uspid="969" ordinal="0" offset="27" sl="184" sc="9" el="184" ec="9" bec="0" bev="0" fileid="3" />
                <SequencePoint vc="1" uspid="970" ordinal="0" offset="40" sl="185" sc="9" el="185" ec="9" bec="0" bev="0" fileid="3" />
                <SequencePoint vc="1" uspid="971" ordinal="0" offset="57" sl="186" sc="9" el="186" ec="9" bec="0" bev="0" fileid="3" />
                <SequencePoint vc="1" uspid="972" ordinal="0" offset="85" sl="187" sc="9" el="187" ec="9" bec="0" bev="0" fileid="3" />
                <SequencePoint vc="1" uspid="973" ordinal="0" offset="113" sl="188" sc="9" el="188" ec="9" bec="0" bev="0" fileid="3" />
                <SequencePoint vc="1" uspid="974" ordinal="0" offset="130" sl="189" sc="5" el="189" ec="5" bec="0" bev="0" fileid="3" />
              </SequencePoints>
              <BranchPoints />
            </Method>
            <Method visited="true" cyclomaticComplexity="0" nPathComplexity="0" sequenceCoverage="100.0" branchCoverage="0" crapScore="0" isConstructor="false" isStatic="false" isGetter="false" isSetter="false">
              <Summary numSequencePoints="4" visitedSequencePoints="4" numBranchPoints="0" visitedBranchPoints="0" sequenceCoverage="100.0" branchCoverage="0" maxCyclomaticComplexity="0" minCyclomaticComplexity="0" maxCrapScore="0" minCrapScore="0" visitedClasses="0" numClasses="0" visitedMethods="1" numMethods="1" />
              <MetadataToken>100663317</MetadataToken>
              <Name>System.Void PlayerPresenterTest::CollisionCallback_CorrectlyCallsPlayClip()</Name>
              <FileRef uid="3" />
              <SequencePoints>
                <SequencePoint vc="1" uspid="975" ordinal="0" offset="0" sl="193" sc="5" el="193" ec="5" bec="0" bev="0" fileid="3" />
                <SequencePoint vc="1" uspid="976" ordinal="0" offset="1" sl="194" sc="9" el="194" ec="9" bec="0" bev="0" fileid="3" />
                <SequencePoint vc="1" uspid="977" ordinal="0" offset="18" sl="195" sc="9" el="195" ec="9" bec="0" bev="0" fileid="3" />
                <SequencePoint vc="1" uspid="978" ordinal="0" offset="46" sl="196" sc="5" el="196" ec="5" bec="0" bev="0" fileid="3" />
              </SequencePoints>
              <BranchPoints />
            </Method>
            <Method visited="true" cyclomaticComplexity="0" nPathComplexity="0" sequenceCoverage="100.0" branchCoverage="0" crapScore="0" isConstructor="false" isStatic="false" isGetter="false" isSetter="false">
              <Summary numSequencePoints="11" visitedSequencePoints="11" numBranchPoints="0" visitedBranchPoints="0" sequenceCoverage="100.0" branchCoverage="0" maxCyclomaticComplexity="0" minCyclomaticComplexity="0" maxCrapScore="0" minCrapScore="0" visitedClasses="0" numClasses="0" visitedMethods="1" numMethods="1" />
              <MetadataToken>100663318</MetadataToken>
              <Name>System.Void PlayerPresenterTest::CollisionCallback_CorrectlyEndAnimationCoroutineWhenIsNotNull(System.Int32, System.Boolean, System.Int32)</Name>
              <FileRef uid="3" />
              <SequencePoints>
                <SequencePoint vc="3" uspid="979" ordinal="0" offset="0" sl="203" sc="5" el="203" ec="5" bec="0" bev="0" fileid="3" />
                <SequencePoint vc="3" uspid="980" ordinal="0" offset="1" sl="204" sc="9" el="204" ec="9" bec="0" bev="0" fileid="3" />
                <SequencePoint vc="3" uspid="981" ordinal="0" offset="18" sl="205" sc="9" el="205" ec="9" bec="0" bev="0" fileid="3" />
                <SequencePoint vc="3" uspid="982" ordinal="0" offset="31" sl="206" sc="9" el="206" ec="9" bec="0" bev="0" fileid="3" />
                <SequencePoint vc="3" uspid="983" ordinal="0" offset="44" sl="207" sc="9" el="207" ec="9" bec="0" bev="0" fileid="3" />
                <SequencePoint vc="3" uspid="984" ordinal="0" offset="61" sl="209" sc="9" el="209" ec="9" bec="0" bev="0" fileid="3" />
                <SequencePoint vc="3" uspid="985" ordinal="0" offset="89" sl="210" sc="9" el="210" ec="9" bec="0" bev="0" fileid="3" />
                <SequencePoint vc="3" uspid="986" ordinal="0" offset="106" sl="211" sc="9" el="211" ec="9" bec="0" bev="0" fileid="3" />
                <SequencePoint vc="3" uspid="987" ordinal="0" offset="123" sl="212" sc="9" el="212" ec="9" bec="0" bev="0" fileid="3" />
                <SequencePoint vc="3" uspid="988" ordinal="0" offset="151" sl="213" sc="9" el="213" ec="9" bec="0" bev="0" fileid="3" />
                <SequencePoint vc="3" uspid="989" ordinal="0" offset="179" sl="214" sc="5" el="214" ec="5" bec="0" bev="0" fileid="3" />
              </SequencePoints>
              <BranchPoints />
            </Method>
            <Method visited="true" cyclomaticComplexity="0" nPathComplexity="0" sequenceCoverage="100.0" branchCoverage="0" crapScore="0" isConstructor="false" isStatic="false" isGetter="false" isSetter="false">
              <Summary numSequencePoints="6" visitedSequencePoints="6" numBranchPoints="0" visitedBranchPoints="0" sequenceCoverage="100.0" branchCoverage="0" maxCyclomaticComplexity="0" minCyclomaticComplexity="0" maxCrapScore="0" minCrapScore="0" visitedClasses="0" numClasses="0" visitedMethods="1" numMethods="1" />
              <MetadataToken>100663319</MetadataToken>
              <Name>System.Void PlayerPresenterTest::CollisionCallback_CorrectlyEndAnimationCoroutineWhenIsNull()</Name>
              <FileRef uid="3" />
              <SequencePoints>
                <SequencePoint vc="1" uspid="990" ordinal="0" offset="0" sl="218" sc="5" el="218" ec="5" bec="0" bev="0" fileid="3" />
                <SequencePoint vc="1" uspid="991" ordinal="0" offset="1" sl="219" sc="9" el="219" ec="9" bec="0" bev="0" fileid="3" />
                <SequencePoint vc="1" uspid="992" ordinal="0" offset="14" sl="220" sc="9" el="220" ec="9" bec="0" bev="0" fileid="3" />
                <SequencePoint vc="1" uspid="993" ordinal="0" offset="31" sl="221" sc="9" el="221" ec="9" bec="0" bev="0" fileid="3" />
                <SequencePoint vc="1" uspid="994" ordinal="0" offset="59" sl="222" sc="9" el="222" ec="9" bec="0" bev="0" fileid="3" />
                <SequencePoint vc="1" uspid="995" ordinal="0" offset="87" sl="223" sc="5" el="223" ec="5" bec="0" bev="0" fileid="3" />
              </SequencePoints>
              <BranchPoints />
            </Method>
            <Method visited="true" cyclomaticComplexity="0" nPathComplexity="0" sequenceCoverage="100.0" branchCoverage="0" crapScore="0" isConstructor="false" isStatic="false" isGetter="false" isSetter="false">
              <Summary numSequencePoints="7" visitedSequencePoints="7" numBranchPoints="0" visitedBranchPoints="0" sequenceCoverage="100.0" branchCoverage="0" maxCyclomaticComplexity="0" minCyclomaticComplexity="0" maxCrapScore="0" minCrapScore="0" visitedClasses="0" numClasses="0" visitedMethods="1" numMethods="1" />
              <MetadataToken>100663320</MetadataToken>
              <Name>System.Void PlayerPresenterTest::CollisionCallback_CorrectlyResetPlayerPosition()</Name>
              <FileRef uid="3" />
              <SequencePoints>
                <SequencePoint vc="1" uspid="996" ordinal="0" offset="0" sl="227" sc="5" el="227" ec="5" bec="0" bev="0" fileid="3" />
                <SequencePoint vc="1" uspid="997" ordinal="0" offset="1" sl="228" sc="9" el="228" ec="9" bec="0" bev="0" fileid="3" />
                <SequencePoint vc="1" uspid="998" ordinal="0" offset="14" sl="229" sc="9" el="229" ec="9" bec="0" bev="0" fileid="3" />
                <SequencePoint vc="1" uspid="999" ordinal="0" offset="60" sl="230" sc="9" el="230" ec="9" bec="0" bev="0" fileid="3" />
                <SequencePoint vc="1" uspid="1000" ordinal="0" offset="77" sl="231" sc="9" el="231" ec="9" bec="0" bev="0" fileid="3" />
                <SequencePoint vc="1" uspid="1001" ordinal="0" offset="105" sl="232" sc="9" el="232" ec="9" bec="0" bev="0" fileid="3" />
                <SequencePoint vc="1" uspid="1002" ordinal="0" offset="166" sl="233" sc="5" el="233" ec="5" bec="0" bev="0" fileid="3" />
              </SequencePoints>
              <BranchPoints />
            </Method>
            <Method visited="true" cyclomaticComplexity="0" nPathComplexity="0" sequenceCoverage="100.0" branchCoverage="0" crapScore="0" isConstructor="true" isStatic="false" isGetter="false" isSetter="false">
              <Summary numSequencePoints="3" visitedSequencePoints="3" numBranchPoints="0" visitedBranchPoints="0" sequenceCoverage="100.0" branchCoverage="0" maxCyclomaticComplexity="0" minCyclomaticComplexity="0" maxCrapScore="0" minCrapScore="0" visitedClasses="0" numClasses="0" visitedMethods="1" numMethods="1" />
              <MetadataToken>100663321</MetadataToken>
              <Name>PlayerPresenterTest::PlayerPresenterTest()</Name>
              <FileRef uid="3" />
              <SequencePoints>
                <SequencePoint vc="1" uspid="1003" ordinal="0" offset="0" sl="13" sc="5" el="13" ec="5" bec="0" bev="0" fileid="3" />
                <SequencePoint vc="1" uspid="1004" ordinal="0" offset="7" sl="14" sc="5" el="14" ec="5" bec="0" bev="0" fileid="3" />
                <SequencePoint vc="1" uspid="1005" ordinal="0" offset="14" sl="15" sc="5" el="15" ec="5" bec="0" bev="0" fileid="3" />
              </SequencePoints>
              <BranchPoints />
            </Method>
          </Methods>
        </Class>
        <Class>
          <Summary numSequencePoints="10" visitedSequencePoints="10" numBranchPoints="0" visitedBranchPoints="0" sequenceCoverage="100.0" branchCoverage="0.0" maxCyclomaticComplexity="0" minCyclomaticComplexity="0" maxCrapScore="0" minCrapScore="0" visitedClasses="1" numClasses="1" visitedMethods="8" numMethods="8" />
          <FullName>IPlayerModelMock</FullName>
          <Methods>
            <Method visited="true" cyclomaticComplexity="0" nPathComplexity="0" sequenceCoverage="100.0" branchCoverage="0" crapScore="0" isConstructor="false" isStatic="false" isGetter="true" isSetter="false">
              <Summary numSequencePoints="1" visitedSequencePoints="1" numBranchPoints="0" visitedBranchPoints="0" sequenceCoverage="100.0" branchCoverage="0" maxCyclomaticComplexity="0" minCyclomaticComplexity="0" maxCrapScore="0" minCrapScore="0" visitedClasses="0" numClasses="0" visitedMethods="1" numMethods="1" />
              <MetadataToken>100663322</MetadataToken>
              <Name>System.Int32 IPlayerModelMock::get_CurrentLane()</Name>
              <FileRef uid="3" />
              <SequencePoints>
                <SequencePoint vc="106" uspid="1006" ordinal="0" offset="0" sl="238" sc="30" el="238" ec="30" bec="0" bev="0" fileid="3" />
              </SequencePoints>
              <BranchPoints />
            </Method>
            <Method visited="true" cyclomaticComplexity="0" nPathComplexity="0" sequenceCoverage="100.0" branchCoverage="0" crapScore="0" isConstructor="false" isStatic="false" isGetter="false" isSetter="true">
              <Summary numSequencePoints="1" visitedSequencePoints="1" numBranchPoints="0" visitedBranchPoints="0" sequenceCoverage="100.0" branchCoverage="0" maxCyclomaticComplexity="0" minCyclomaticComplexity="0" maxCrapScore="0" minCrapScore="0" visitedClasses="0" numClasses="0" visitedMethods="1" numMethods="1" />
              <MetadataToken>100663323</MetadataToken>
              <Name>System.Void IPlayerModelMock::set_CurrentLane(System.Int32)</Name>
              <FileRef uid="3" />
              <SequencePoints>
                <SequencePoint vc="62" uspid="1007" ordinal="0" offset="0" sl="238" sc="35" el="238" ec="35" bec="0" bev="0" fileid="3" />
              </SequencePoints>
              <BranchPoints />
            </Method>
            <Method visited="true" cyclomaticComplexity="0" nPathComplexity="0" sequenceCoverage="100.0" branchCoverage="0" crapScore="0" isConstructor="false" isStatic="false" isGetter="true" isSetter="false">
              <Summary numSequencePoints="1" visitedSequencePoints="1" numBranchPoints="0" visitedBranchPoints="0" sequenceCoverage="100.0" branchCoverage="0" maxCyclomaticComplexity="0" minCyclomaticComplexity="0" maxCrapScore="0" minCrapScore="0" visitedClasses="0" numClasses="0" visitedMethods="1" numMethods="1" />
              <MetadataToken>100663324</MetadataToken>
              <Name>System.Boolean IPlayerModelMock::get_IsMoving()</Name>
              <FileRef uid="3" />
              <SequencePoints>
                <SequencePoint vc="65" uspid="1008" ordinal="0" offset="0" sl="239" sc="28" el="239" ec="28" bec="0" bev="0" fileid="3" />
              </SequencePoints>
              <BranchPoints />
            </Method>
            <Method visited="true" cyclomaticComplexity="0" nPathComplexity="0" sequenceCoverage="100.0" branchCoverage="0" crapScore="0" isConstructor="false" isStatic="false" isGetter="false" isSetter="true">
              <Summary numSequencePoints="1" visitedSequencePoints="1" numBranchPoints="0" visitedBranchPoints="0" sequenceCoverage="100.0" branchCoverage="0" maxCyclomaticComplexity="0" minCyclomaticComplexity="0" maxCrapScore="0" minCrapScore="0" visitedClasses="0" numClasses="0" visitedMethods="1" numMethods="1" />
              <MetadataToken>100663325</MetadataToken>
              <Name>System.Void IPlayerModelMock::set_IsMoving(System.Boolean)</Name>
              <FileRef uid="3" />
              <SequencePoints>
                <SequencePoint vc="99" uspid="1009" ordinal="0" offset="0" sl="239" sc="33" el="239" ec="33" bec="0" bev="0" fileid="3" />
              </SequencePoints>
              <BranchPoints />
            </Method>
            <Method visited="true" cyclomaticComplexity="0" nPathComplexity="0" sequenceCoverage="100.0" branchCoverage="0" crapScore="0" isConstructor="false" isStatic="false" isGetter="true" isSetter="false">
              <Summary numSequencePoints="1" visitedSequencePoints="1" numBranchPoints="0" visitedBranchPoints="0" sequenceCoverage="100.0" branchCoverage="0" maxCyclomaticComplexity="0" minCyclomaticComplexity="0" maxCrapScore="0" minCrapScore="0" visitedClasses="0" numClasses="0" visitedMethods="1" numMethods="1" />
              <MetadataToken>100663326</MetadataToken>
              <Name>System.Boolean IPlayerModelMock::get_IsFinish()</Name>
              <FileRef uid="3" />
              <SequencePoints>
                <SequencePoint vc="49" uspid="1010" ordinal="0" offset="0" sl="240" sc="28" el="240" ec="28" bec="0" bev="0" fileid="3" />
              </SequencePoints>
              <BranchPoints />
            </Method>
            <Method visited="true" cyclomaticComplexity="0" nPathComplexity="0" sequenceCoverage="100.0" branchCoverage="0" crapScore="0" isConstructor="false" isStatic="false" isGetter="false" isSetter="true">
              <Summary numSequencePoints="1" visitedSequencePoints="1" numBranchPoints="0" visitedBranchPoints="0" sequenceCoverage="100.0" branchCoverage="0" maxCyclomaticComplexity="0" minCyclomaticComplexity="0" maxCrapScore="0" minCrapScore="0" visitedClasses="0" numClasses="0" visitedMethods="1" numMethods="1" />
              <MetadataToken>100663327</MetadataToken>
              <Name>System.Void IPlayerModelMock::set_IsFinish(System.Boolean)</Name>
              <FileRef uid="3" />
              <SequencePoints>
                <SequencePoint vc="58" uspid="1011" ordinal="0" offset="0" sl="240" sc="33" el="240" ec="33" bec="0" bev="0" fileid="3" />
              </SequencePoints>
              <BranchPoints />
            </Method>
            <Method visited="true" cyclomaticComplexity="0" nPathComplexity="0" sequenceCoverage="100.0" branchCoverage="0" crapScore="0" isConstructor="false" isStatic="false" isGetter="true" isSetter="false">
              <Summary numSequencePoints="1" visitedSequencePoints="1" numBranchPoints="0" visitedBranchPoints="0" sequenceCoverage="100.0" branchCoverage="0" maxCyclomaticComplexity="0" minCyclomaticComplexity="0" maxCrapScore="0" minCrapScore="0" visitedClasses="0" numClasses="0" visitedMethods="1" numMethods="1" />
              <MetadataToken>100663328</MetadataToken>
              <Name>System.Boolean IPlayerModelMock::get_CanNotMove()</Name>
              <FileRef uid="3" />
              <SequencePoints>
                <SequencePoint vc="54" uspid="1012" ordinal="0" offset="0" sl="241" sc="31" el="241" ec="31" bec="0" bev="0" fileid="3" />
              </SequencePoints>
              <BranchPoints />
            </Method>
            <Method visited="true" cyclomaticComplexity="0" nPathComplexity="0" sequenceCoverage="100.0" branchCoverage="0" crapScore="0" isConstructor="true" isStatic="false" isGetter="false" isSetter="false">
              <Summary numSequencePoints="3" visitedSequencePoints="3" numBranchPoints="0" visitedBranchPoints="0" sequenceCoverage="100.0" branchCoverage="0" maxCyclomaticComplexity="0" minCyclomaticComplexity="0" maxCrapScore="0" minCrapScore="0" visitedClasses="0" numClasses="0" visitedMethods="1" numMethods="1" />
              <MetadataToken>100663329</MetadataToken>
              <Name>IPlayerModelMock::IPlayerModelMock()</Name>
              <FileRef uid="3" />
              <SequencePoints>
                <SequencePoint vc="39" uspid="1013" ordinal="0" offset="0" sl="238" sc="44" el="238" ec="44" bec="0" bev="0" fileid="3" />
                <SequencePoint vc="39" uspid="1014" ordinal="0" offset="7" sl="239" sc="42" el="239" ec="42" bec="0" bev="0" fileid="3" />
                <SequencePoint vc="39" uspid="1015" ordinal="0" offset="14" sl="240" sc="42" el="240" ec="42" bec="0" bev="0" fileid="3" />
              </SequencePoints>
              <BranchPoints />
            </Method>
          </Methods>
        </Class>
        <Class>
          <Summary numSequencePoints="30" visitedSequencePoints="30" numBranchPoints="0" visitedBranchPoints="0" sequenceCoverage="100.0" branchCoverage="0.0" maxCyclomaticComplexity="0" minCyclomaticComplexity="0" maxCrapScore="0" minCrapScore="0" visitedClasses="1" numClasses="1" visitedMethods="16" numMethods="16" />
          <FullName>IPlayerViewMock</FullName>
          <Methods>
            <Method visited="true" cyclomaticComplexity="0" nPathComplexity="0" sequenceCoverage="100.0" branchCoverage="0" crapScore="0" isConstructor="false" isStatic="false" isGetter="true" isSetter="false">
              <Summary numSequencePoints="1" visitedSequencePoints="1" numBranchPoints="0" visitedBranchPoints="0" sequenceCoverage="100.0" branchCoverage="0" maxCyclomaticComplexity="0" minCyclomaticComplexity="0" maxCrapScore="0" minCrapScore="0" visitedClasses="0" numClasses="0" visitedMethods="1" numMethods="1" />
              <MetadataToken>100663330</MetadataToken>
              <Name>System.Action IPlayerViewMock::get_OnStart()</Name>
              <FileRef uid="3" />
              <SequencePoints>
                <SequencePoint vc="43" uspid="1016" ordinal="0" offset="0" sl="251" sc="29" el="251" ec="29" bec="0" bev="0" fileid="3" />
              </SequencePoints>
              <BranchPoints />
            </Method>
            <Method visited="true" cyclomaticComplexity="0" nPathComplexity="0" sequenceCoverage="100.0" branchCoverage="0" crapScore="0" isConstructor="false" isStatic="false" isGetter="false" isSetter="true">
              <Summary numSequencePoints="1" visitedSequencePoints="1" numBranchPoints="0" visitedBranchPoints="0" sequenceCoverage="100.0" branchCoverage="0" maxCyclomaticComplexity="0" minCyclomaticComplexity="0" maxCrapScore="0" minCrapScore="0" visitedClasses="0" numClasses="0" visitedMethods="1" numMethods="1" />
              <MetadataToken>100663331</MetadataToken>
              <Name>System.Void IPlayerViewMock::set_OnStart(System.Action)</Name>
              <FileRef uid="3" />
              <SequencePoints>
                <SequencePoint vc="40" uspid="1017" ordinal="0" offset="0" sl="251" sc="34" el="251" ec="34" bec="0" bev="0" fileid="3" />
              </SequencePoints>
              <BranchPoints />
            </Method>
            <Method visited="true" cyclomaticComplexity="0" nPathComplexity="0" sequenceCoverage="100.0" branchCoverage="0" crapScore="0" isConstructor="false" isStatic="false" isGetter="true" isSetter="false">
              <Summary numSequencePoints="1" visitedSequencePoints="1" numBranchPoints="0" visitedBranchPoints="0" sequenceCoverage="100.0" branchCoverage="0" maxCyclomaticComplexity="0" minCyclomaticComplexity="0" maxCrapScore="0" minCrapScore="0" visitedClasses="0" numClasses="0" visitedMethods="1" numMethods="1" />
              <MetadataToken>100663332</MetadataToken>
              <Name>System.Action IPlayerViewMock::get_OnTerminate()</Name>
              <FileRef uid="3" />
              <SequencePoints>
                <SequencePoint vc="43" uspid="1018" ordinal="0" offset="0" sl="252" sc="33" el="252" ec="33" bec="0" bev="0" fileid="3" />
              </SequencePoints>
              <BranchPoints />
            </Method>
            <Method visited="true" cyclomaticComplexity="0" nPathComplexity="0" sequenceCoverage="100.0" branchCoverage="0" crapScore="0" isConstructor="false" isStatic="false" isGetter="false" isSetter="true">
              <Summary numSequencePoints="1" visitedSequencePoints="1" numBranchPoints="0" visitedBranchPoints="0" sequenceCoverage="100.0" branchCoverage="0" maxCyclomaticComplexity="0" minCyclomaticComplexity="0" maxCrapScore="0" minCrapScore="0" visitedClasses="0" numClasses="0" visitedMethods="1" numMethods="1" />
              <MetadataToken>100663333</MetadataToken>
              <Name>System.Void IPlayerViewMock::set_OnTerminate(System.Action)</Name>
              <FileRef uid="3" />
              <SequencePoints>
                <SequencePoint vc="40" uspid="1019" ordinal="0" offset="0" sl="252" sc="38" el="252" ec="38" bec="0" bev="0" fileid="3" />
              </SequencePoints>
              <BranchPoints />
            </Method>
            <Method visited="true" cyclomaticComplexity="0" nPathComplexity="0" sequenceCoverage="100.0" branchCoverage="0" crapScore="0" isConstructor="false" isStatic="false" isGetter="true" isSetter="false">
              <Summary numSequencePoints="1" visitedSequencePoints="1" numBranchPoints="0" visitedBranchPoints="0" sequenceCoverage="100.0" branchCoverage="0" maxCyclomaticComplexity="0" minCyclomaticComplexity="0" maxCrapScore="0" minCrapScore="0" visitedClasses="0" numClasses="0" visitedMethods="1" numMethods="1" />
              <MetadataToken>100663334</MetadataToken>
              <Name>System.Action IPlayerViewMock::get_MoveUp()</Name>
              <FileRef uid="3" />
              <SequencePoints>
                <SequencePoint vc="74" uspid="1020" ordinal="0" offset="0" sl="253" sc="28" el="253" ec="28" bec="0" bev="0" fileid="3" />
              </SequencePoints>
              <BranchPoints />
            </Method>
            <Method visited="true" cyclomaticComplexity="0" nPathComplexity="0" sequenceCoverage="100.0" branchCoverage="0" crapScore="0" isConstructor="false" isStatic="false" isGetter="false" isSetter="true">
              <Summary numSequencePoints="1" visitedSequencePoints="1" numBranchPoints="0" visitedBranchPoints="0" sequenceCoverage="100.0" branchCoverage="0" maxCyclomaticComplexity="0" minCyclomaticComplexity="0" maxCrapScore="0" minCrapScore="0" visitedClasses="0" numClasses="0" visitedMethods="1" numMethods="1" />
              <MetadataToken>100663335</MetadataToken>
              <Name>System.Void IPlayerViewMock::set_MoveUp(System.Action)</Name>
              <FileRef uid="3" />
              <SequencePoints>
                <SequencePoint vc="40" uspid="1021" ordinal="0" offset="0" sl="253" sc="33" el="253" ec="33" bec="0" bev="0" fileid="3" />
              </SequencePoints>
              <BranchPoints />
            </Method>
            <Method visited="true" cyclomaticComplexity="0" nPathComplexity="0" sequenceCoverage="100.0" branchCoverage="0" crapScore="0" isConstructor="false" isStatic="false" isGetter="true" isSetter="false">
              <Summary numSequencePoints="1" visitedSequencePoints="1" numBranchPoints="0" visitedBranchPoints="0" sequenceCoverage="100.0" branchCoverage="0" maxCyclomaticComplexity="0" minCyclomaticComplexity="0" maxCrapScore="0" minCrapScore="0" visitedClasses="0" numClasses="0" visitedMethods="1" numMethods="1" />
              <MetadataToken>100663336</MetadataToken>
              <Name>System.Action IPlayerViewMock::get_MoveDown()</Name>
              <FileRef uid="3" />
              <SequencePoints>
                <SequencePoint vc="64" uspid="1022" ordinal="0" offset="0" sl="254" sc="30" el="254" ec="30" bec="0" bev="0" fileid="3" />
              </SequencePoints>
              <BranchPoints />
            </Method>
            <Method visited="true" cyclomaticComplexity="0" nPathComplexity="0" sequenceCoverage="100.0" branchCoverage="0" crapScore="0" isConstructor="false" isStatic="false" isGetter="false" isSetter="true">
              <Summary numSequencePoints="1" visitedSequencePoints="1" numBranchPoints="0" visitedBranchPoints="0" sequenceCoverage="100.0" branchCoverage="0" maxCyclomaticComplexity="0" minCyclomaticComplexity="0" maxCrapScore="0" minCrapScore="0" visitedClasses="0" numClasses="0" visitedMethods="1" numMethods="1" />
              <MetadataToken>100663337</MetadataToken>
              <Name>System.Void IPlayerViewMock::set_MoveDown(System.Action)</Name>
              <FileRef uid="3" />
              <SequencePoints>
                <SequencePoint vc="40" uspid="1023" ordinal="0" offset="0" sl="254" sc="35" el="254" ec="35" bec="0" bev="0" fileid="3" />
              </SequencePoints>
              <BranchPoints />
            </Method>
            <Method visited="true" cyclomaticComplexity="0" nPathComplexity="0" sequenceCoverage="100.0" branchCoverage="0" crapScore="0" isConstructor="false" isStatic="false" isGetter="true" isSetter="false">
              <Summary numSequencePoints="1" visitedSequencePoints="1" numBranchPoints="0" visitedBranchPoints="0" sequenceCoverage="100.0" branchCoverage="0" maxCyclomaticComplexity="0" minCyclomaticComplexity="0" maxCrapScore="0" minCrapScore="0" visitedClasses="0" numClasses="0" visitedMethods="1" numMethods="1" />
              <MetadataToken>100663338</MetadataToken>
              <Name>System.Action IPlayerViewMock::get_Collision()</Name>
              <FileRef uid="3" />
              <SequencePoints>
                <SequencePoint vc="48" uspid="1024" ordinal="0" offset="0" sl="255" sc="31" el="255" ec="31" bec="0" bev="0" fileid="3" />
              </SequencePoints>
              <BranchPoints />
            </Method>
            <Method visited="true" cyclomaticComplexity="0" nPathComplexity="0" sequenceCoverage="100.0" branchCoverage="0" crapScore="0" isConstructor="false" isStatic="false" isGetter="false" isSetter="true">
              <Summary numSequencePoints="1" visitedSequencePoints="1" numBranchPoints="0" visitedBranchPoints="0" sequenceCoverage="100.0" branchCoverage="0" maxCyclomaticComplexity="0" minCyclomaticComplexity="0" maxCrapScore="0" minCrapScore="0" visitedClasses="0" numClasses="0" visitedMethods="1" numMethods="1" />
              <MetadataToken>100663339</MetadataToken>
              <Name>System.Void IPlayerViewMock::set_Collision(System.Action)</Name>
              <FileRef uid="3" />
              <SequencePoints>
                <SequencePoint vc="40" uspid="1025" ordinal="0" offset="0" sl="255" sc="36" el="255" ec="36" bec="0" bev="0" fileid="3" />
              </SequencePoints>
              <BranchPoints />
            </Method>
            <Method visited="true" cyclomaticComplexity="0" nPathComplexity="0" sequenceCoverage="100.0" branchCoverage="0" crapScore="0" isConstructor="false" isStatic="false" isGetter="true" isSetter="false">
              <Summary numSequencePoints="3" visitedSequencePoints="3" numBranchPoints="0" visitedBranchPoints="0" sequenceCoverage="100.0" branchCoverage="0" maxCyclomaticComplexity="0" minCyclomaticComplexity="0" maxCrapScore="0" minCrapScore="0" visitedClasses="0" numClasses="0" visitedMethods="1" numMethods="1" />
              <MetadataToken>100663340</MetadataToken>
              <Name>UnityEngine.Vector2 IPlayerViewMock::get_Position()</Name>
              <FileRef uid="3" />
              <SequencePoints>
                <SequencePoint vc="1" uspid="1026" ordinal="0" offset="0" sl="259" sc="13" el="259" ec="13" bec="0" bev="0" fileid="3" />
                <SequencePoint vc="1" uspid="1027" ordinal="0" offset="1" sl="259" sc="15" el="259" ec="15" bec="0" bev="0" fileid="3" />
                <SequencePoint vc="1" uspid="1028" ordinal="0" offset="15" sl="259" sc="32" el="259" ec="32" bec="0" bev="0" fileid="3" />
              </SequencePoints>
              <BranchPoints />
            </Method>
            <Method visited="true" cyclomaticComplexity="0" nPathComplexity="0" sequenceCoverage="100.0" branchCoverage="0" crapScore="0" isConstructor="false" isStatic="false" isGetter="false" isSetter="true">
              <Summary numSequencePoints="3" visitedSequencePoints="3" numBranchPoints="0" visitedBranchPoints="0" sequenceCoverage="100.0" branchCoverage="0" maxCyclomaticComplexity="0" minCyclomaticComplexity="0" maxCrapScore="0" minCrapScore="0" visitedClasses="0" numClasses="0" visitedMethods="1" numMethods="1" />
              <MetadataToken>100663341</MetadataToken>
              <Name>System.Void IPlayerViewMock::set_Position(UnityEngine.Vector2)</Name>
              <FileRef uid="3" />
              <SequencePoints>
                <SequencePoint vc="7" uspid="1029" ordinal="0" offset="0" sl="260" sc="13" el="260" ec="13" bec="0" bev="0" fileid="3" />
                <SequencePoint vc="7" uspid="1030" ordinal="0" offset="1" sl="260" sc="15" el="260" ec="15" bec="0" bev="0" fileid="3" />
                <SequencePoint vc="7" uspid="1031" ordinal="0" offset="13" sl="260" sc="33" el="260" ec="33" bec="0" bev="0" fileid="3" />
              </SequencePoints>
              <BranchPoints />
            </Method>
            <Method visited="true" cyclomaticComplexity="0" nPathComplexity="0" sequenceCoverage="100.0" branchCoverage="0" crapScore="0" isConstructor="false" isStatic="false" isGetter="false" isSetter="false">
              <Summary numSequencePoints="3" visitedSequencePoints="3" numBranchPoints="0" visitedBranchPoints="0" sequenceCoverage="100.0" branchCoverage="0" maxCyclomaticComplexity="0" minCyclomaticComplexity="0" maxCrapScore="0" minCrapScore="0" visitedClasses="0" numClasses="0" visitedMethods="1" numMethods="1" />
              <MetadataToken>100663342</MetadataToken>
              <Name>System.Void IPlayerViewMock::EndCoroutine(System.Object)</Name>
              <FileRef uid="3" />
              <SequencePoints>
                <SequencePoint vc="29" uspid="1032" ordinal="0" offset="0" sl="263" sc="5" el="263" ec="5" bec="0" bev="0" fileid="3" />
                <SequencePoint vc="29" uspid="1033" ordinal="0" offset="1" sl="264" sc="9" el="264" ec="9" bec="0" bev="0" fileid="3" />
                <SequencePoint vc="29" uspid="1034" ordinal="0" offset="15" sl="265" sc="5" el="265" ec="5" bec="0" bev="0" fileid="3" />
              </SequencePoints>
              <BranchPoints />
            </Method>
            <Method visited="true" cyclomaticComplexity="0" nPathComplexity="0" sequenceCoverage="100.0" branchCoverage="0" crapScore="0" isConstructor="false" isStatic="false" isGetter="false" isSetter="false">
              <Summary numSequencePoints="3" visitedSequencePoints="3" numBranchPoints="0" visitedBranchPoints="0" sequenceCoverage="100.0" branchCoverage="0" maxCyclomaticComplexity="0" minCyclomaticComplexity="0" maxCrapScore="0" minCrapScore="0" visitedClasses="0" numClasses="0" visitedMethods="1" numMethods="1" />
              <MetadataToken>100663343</MetadataToken>
              <Name>System.Void IPlayerViewMock::PlayClip(UnityEngine.AudioClip)</Name>
              <FileRef uid="3" />
              <SequencePoints>
                <SequencePoint vc="48" uspid="1035" ordinal="0" offset="0" sl="268" sc="5" el="268" ec="5" bec="0" bev="0" fileid="3" />
                <SequencePoint vc="48" uspid="1036" ordinal="0" offset="1" sl="269" sc="9" el="269" ec="9" bec="0" bev="0" fileid="3" />
                <SequencePoint vc="48" uspid="1037" ordinal="0" offset="15" sl="270" sc="5" el="270" ec="5" bec="0" bev="0" fileid="3" />
              </SequencePoints>
              <BranchPoints />
            </Method>
            <Method visited="true" cyclomaticComplexity="0" nPathComplexity="0" sequenceCoverage="100.0" branchCoverage="0" crapScore="0" isConstructor="false" isStatic="false" isGetter="false" isSetter="false">
              <Summary numSequencePoints="4" visitedSequencePoints="4" numBranchPoints="0" visitedBranchPoints="0" sequenceCoverage="100.0" branchCoverage="0" maxCyclomaticComplexity="0" minCyclomaticComplexity="0" maxCrapScore="0" minCrapScore="0" visitedClasses="0" numClasses="0" visitedMethods="1" numMethods="1" />
              <MetadataToken>100663344</MetadataToken>
              <Name>System.Object IPlayerViewMock::PlayCoroutine(System.Collections.IEnumerator)</Name>
              <FileRef uid="3" />
              <SequencePoints>
                <SequencePoint vc="44" uspid="1038" ordinal="0" offset="0" sl="273" sc="5" el="273" ec="5" bec="0" bev="0" fileid="3" />
                <SequencePoint vc="44" uspid="1039" ordinal="0" offset="1" sl="274" sc="9" el="274" ec="9" bec="0" bev="0" fileid="3" />
                <SequencePoint vc="44" uspid="1040" ordinal="0" offset="15" sl="275" sc="9" el="275" ec="9" bec="0" bev="0" fileid="3" />
                <SequencePoint vc="44" uspid="1041" ordinal="0" offset="23" sl="276" sc="5" el="276" ec="5" bec="0" bev="0" fileid="3" />
              </SequencePoints>
              <BranchPoints />
            </Method>
            <Method visited="true" cyclomaticComplexity="0" nPathComplexity="0" sequenceCoverage="100.0" branchCoverage="0" crapScore="0" isConstructor="true" isStatic="false" isGetter="false" isSetter="false">
              <Summary numSequencePoints="4" visitedSequencePoints="4" numBranchPoints="0" visitedBranchPoints="0" sequenceCoverage="100.0" branchCoverage="0" maxCyclomaticComplexity="0" minCyclomaticComplexity="0" maxCrapScore="0" minCrapScore="0" visitedClasses="0" numClasses="0" visitedMethods="1" numMethods="1" />
              <MetadataToken>100663345</MetadataToken>
              <Name>IPlayerViewMock::IPlayerViewMock()</Name>
              <FileRef uid="3" />
              <SequencePoints>
                <SequencePoint vc="39" uspid="1042" ordinal="0" offset="0" sl="246" sc="5" el="246" ec="5" bec="0" bev="0" fileid="3" />
                <SequencePoint vc="39" uspid="1043" ordinal="0" offset="11" sl="247" sc="5" el="247" ec="5" bec="0" bev="0" fileid="3" />
                <SequencePoint vc="39" uspid="1044" ordinal="0" offset="18" sl="248" sc="5" el="248" ec="5" bec="0" bev="0" fileid="3" />
                <SequencePoint vc="39" uspid="1045" ordinal="0" offset="25" sl="249" sc="5" el="249" ec="5" bec="0" bev="0" fileid="3" />
              </SequencePoints>
              <BranchPoints />
            </Method>
          </Methods>
        </Class>
        <Class>
          <Summary numSequencePoints="5" visitedSequencePoints="5" numBranchPoints="0" visitedBranchPoints="0" sequenceCoverage="100.0" branchCoverage="0.0" maxCyclomaticComplexity="0" minCyclomaticComplexity="0" maxCrapScore="0" minCrapScore="0" visitedClasses="1" numClasses="1" visitedMethods="1" numMethods="1" />
          <FullName>ShipModelTest</FullName>
          <Methods>
            <Method visited="true" cyclomaticComplexity="0" nPathComplexity="0" sequenceCoverage="100.0" branchCoverage="0" crapScore="0" isConstructor="false" isStatic="false" isGetter="false" isSetter="false">
              <Summary numSequencePoints="5" visitedSequencePoints="5" numBranchPoints="0" visitedBranchPoints="0" sequenceCoverage="100.0" branchCoverage="0" maxCyclomaticComplexity="0" minCyclomaticComplexity="0" maxCrapScore="0" minCrapScore="0" visitedClasses="0" numClasses="0" visitedMethods="1" numMethods="1" />
              <MetadataToken>100663346</MetadataToken>
              <Name>System.Void ShipModelTest::Constructor_CorrectlyInitializeValues()</Name>
              <FileRef uid="4" />
              <SequencePoints>
                <SequencePoint vc="1" uspid="1046" ordinal="0" offset="0" sl="8" sc="5" el="8" ec="5" bec="0" bev="0" fileid="4" />
                <SequencePoint vc="1" uspid="1047" ordinal="0" offset="1" sl="9" sc="9" el="9" ec="9" bec="0" bev="0" fileid="4" />
                <SequencePoint vc="1" uspid="1048" ordinal="0" offset="17" sl="10" sc="9" el="10" ec="9" bec="0" bev="0" fileid="4" />
                <SequencePoint vc="1" uspid="1049" ordinal="0" offset="44" sl="11" sc="9" el="11" ec="9" bec="0" bev="0" fileid="4" />
                <SequencePoint vc="1" uspid="1050" ordinal="0" offset="71" sl="12" sc="5" el="12" ec="5" bec="0" bev="0" fileid="4" />
              </SequencePoints>
              <BranchPoints />
            </Method>
          </Methods>
        </Class>
        <Class>
          <Summary numSequencePoints="33" visitedSequencePoints="33" numBranchPoints="0" visitedBranchPoints="0" sequenceCoverage="100.0" branchCoverage="0.0" maxCyclomaticComplexity="0" minCyclomaticComplexity="0" maxCrapScore="0" minCrapScore="0" visitedClasses="1" numClasses="1" visitedMethods="7" numMethods="7" />
          <FullName>ShipPresenterTest</FullName>
          <Methods>
            <Method visited="true" cyclomaticComplexity="0" nPathComplexity="0" sequenceCoverage="100.0" branchCoverage="0" crapScore="0" isConstructor="false" isStatic="false" isGetter="false" isSetter="false">
              <Summary numSequencePoints="5" visitedSequencePoints="5" numBranchPoints="0" visitedBranchPoints="0" sequenceCoverage="100.0" branchCoverage="0" maxCyclomaticComplexity="0" minCyclomaticComplexity="0" maxCrapScore="0" minCrapScore="0" visitedClasses="0" numClasses="0" visitedMethods="1" numMethods="1" />
              <MetadataToken>100663348</MetadataToken>
              <Name>System.Void ShipPresenterTest::Setup()</Name>
              <FileRef uid="5" />
              <SequencePoints>
                <SequencePoint vc="5" uspid="1051" ordinal="0" offset="0" sl="13" sc="5" el="13" ec="5" bec="0" bev="0" fileid="5" />
                <SequencePoint vc="5" uspid="1052" ordinal="0" offset="1" sl="14" sc="9" el="14" ec="9" bec="0" bev="0" fileid="5" />
                <SequencePoint vc="5" uspid="1053" ordinal="0" offset="12" sl="15" sc="9" el="15" ec="9" bec="0" bev="0" fileid="5" />
                <SequencePoint vc="5" uspid="1054" ordinal="0" offset="23" sl="16" sc="9" el="16" ec="9" bec="0" bev="0" fileid="5" />
                <SequencePoint vc="5" uspid="1055" ordinal="0" offset="46" sl="17" sc="5" el="17" ec="5" bec="0" bev="0" fileid="5" />
              </SequencePoints>
              <BranchPoints />
            </Method>
            <Method visited="true" cyclomaticComplexity="0" nPathComplexity="0" sequenceCoverage="100.0" branchCoverage="0" crapScore="0" isConstructor="false" isStatic="false" isGetter="false" isSetter="false">
              <Summary numSequencePoints="4" visitedSequencePoints="4" numBranchPoints="0" visitedBranchPoints="0" sequenceCoverage="100.0" branchCoverage="0" maxCyclomaticComplexity="0" minCyclomaticComplexity="0" maxCrapScore="0" minCrapScore="0" visitedClasses="0" numClasses="0" visitedMethods="1" numMethods="1" />
              <MetadataToken>100663349</MetadataToken>
              <Name>System.Void ShipPresenterTest::Constructor_CorrectlyBindTheCallbacks()</Name>
              <FileRef uid="5" />
              <SequencePoints>
                <SequencePoint vc="1" uspid="1056" ordinal="0" offset="0" sl="21" sc="5" el="21" ec="5" bec="0" bev="0" fileid="5" />
                <SequencePoint vc="1" uspid="1057" ordinal="0" offset="1" sl="22" sc="9" el="22" ec="9" bec="0" bev="0" fileid="5" />
                <SequencePoint vc="1" uspid="1058" ordinal="0" offset="36" sl="23" sc="9" el="23" ec="9" bec="0" bev="0" fileid="5" />
                <SequencePoint vc="1" uspid="1059" ordinal="0" offset="71" sl="24" sc="5" el="24" ec="5" bec="0" bev="0" fileid="5" />
              </SequencePoints>
              <BranchPoints />
            </Method>
            <Method visited="true" cyclomaticComplexity="0" nPathComplexity="0" sequenceCoverage="100.0" branchCoverage="0" crapScore="0" isConstructor="false" isStatic="false" isGetter="false" isSetter="false">
              <Summary numSequencePoints="5" visitedSequencePoints="5" numBranchPoints="0" visitedBranchPoints="0" sequenceCoverage="100.0" branchCoverage="0" maxCyclomaticComplexity="0" minCyclomaticComplexity="0" maxCrapScore="0" minCrapScore="0" visitedClasses="0" numClasses="0" visitedMethods="1" numMethods="1" />
              <MetadataToken>100663350</MetadataToken>
              <Name>System.Void ShipPresenterTest::OnTerminateCallback_CorrectlyUnbindTheCallbacks()</Name>
              <FileRef uid="5" />
              <SequencePoints>
                <SequencePoint vc="1" uspid="1060" ordinal="0" offset="0" sl="28" sc="5" el="28" ec="5" bec="0" bev="0" fileid="5" />
                <SequencePoint vc="1" uspid="1061" ordinal="0" offset="1" sl="29" sc="9" el="29" ec="9" bec="0" bev="0" fileid="5" />
                <SequencePoint vc="1" uspid="1062" ordinal="0" offset="18" sl="30" sc="9" el="30" ec="9" bec="0" bev="0" fileid="5" />
                <SequencePoint vc="1" uspid="1063" ordinal="0" offset="35" sl="31" sc="9" el="31" ec="9" bec="0" bev="0" fileid="5" />
                <SequencePoint vc="1" uspid="1064" ordinal="0" offset="52" sl="32" sc="5" el="32" ec="5" bec="0" bev="0" fileid="5" />
              </SequencePoints>
              <BranchPoints />
            </Method>
            <Method visited="true" cyclomaticComplexity="0" nPathComplexity="0" sequenceCoverage="100.0" branchCoverage="0" crapScore="0" isConstructor="false" isStatic="false" isGetter="false" isSetter="false">
              <Summary numSequencePoints="7" visitedSequencePoints="7" numBranchPoints="0" visitedBranchPoints="0" sequenceCoverage="100.0" branchCoverage="0" maxCyclomaticComplexity="0" minCyclomaticComplexity="0" maxCrapScore="0" minCrapScore="0" visitedClasses="0" numClasses="0" visitedMethods="1" numMethods="1" />
              <MetadataToken>100663351</MetadataToken>
              <Name>System.Void ShipPresenterTest::OnUpdateCallbackCorrectlyUpdatePosition()</Name>
              <FileRef uid="5" />
              <SequencePoints>
                <SequencePoint vc="1" uspid="1065" ordinal="0" offset="0" sl="36" sc="5" el="36" ec="5" bec="0" bev="0" fileid="5" />
                <SequencePoint vc="1" uspid="1066" ordinal="0" offset="1" sl="37" sc="9" el="37" ec="9" bec="0" bev="0" fileid="5" />
                <SequencePoint vc="1" uspid="1067" ordinal="0" offset="7" sl="38" sc="9" el="38" ec="9" bec="0" bev="0" fileid="5" />
                <SequencePoint vc="1" uspid="1068" ordinal="0" offset="19" sl="39" sc="9" el="39" ec="9" bec="0" bev="0" fileid="5" />
                <SequencePoint vc="1" uspid="1069" ordinal="0" offset="37" sl="40" sc="9" el="40" ec="9" bec="0" bev="0" fileid="5" />
                <SequencePoint vc="1" uspid="1070" ordinal="0" offset="73" sl="41" sc="9" el="41" ec="9" bec="0" bev="0" fileid="5" />
                <SequencePoint vc="1" uspid="1071" ordinal="0" offset="101" sl="42" sc="5" el="42" ec="5" bec="0" bev="0" fileid="5" />
              </SequencePoints>
              <BranchPoints />
            </Method>
            <Method visited="true" cyclomaticComplexity="0" nPathComplexity="0" sequenceCoverage="100.0" branchCoverage="0" crapScore="0" isConstructor="false" isStatic="false" isGetter="false" isSetter="false">
              <Summary numSequencePoints="5" visitedSequencePoints="5" numBranchPoints="0" visitedBranchPoints="0" sequenceCoverage="100.0" branchCoverage="0" maxCyclomaticComplexity="0" minCyclomaticComplexity="0" maxCrapScore="0" minCrapScore="0" visitedClasses="0" numClasses="0" visitedMethods="1" numMethods="1" />
              <MetadataToken>100663352</MetadataToken>
              <Name>System.Void ShipPresenterTest::Position_ReturnsThePositionFromTheView()</Name>
              <FileRef uid="5" />
              <SequencePoints>
                <SequencePoint vc="1" uspid="1072" ordinal="0" offset="0" sl="47" sc="5" el="47" ec="5" bec="0" bev="0" fileid="5" />
                <SequencePoint vc="1" uspid="1073" ordinal="0" offset="1" sl="48" sc="9" el="48" ec="9" bec="0" bev="0" fileid="5" />
                <SequencePoint vc="1" uspid="1074" ordinal="0" offset="13" sl="49" sc="9" el="49" ec="9" bec="0" bev="0" fileid="5" />
                <SequencePoint vc="1" uspid="1075" ordinal="0" offset="41" sl="50" sc="9" el="50" ec="9" bec="0" bev="0" fileid="5" />
                <SequencePoint vc="1" uspid="1076" ordinal="0" offset="69" sl="51" sc="5" el="51" ec="5" bec="0" bev="0" fileid="5" />
[...]
                <SequencePoint vc="14" uspid="1604" ordinal="0" offset="54" sl="33" sc="0" el="33" ec="0" bec="0" bev="0" fileid="26" />
              </SequencePoints>
              <BranchPoints />
            </Method>
            <Method visited="true" cyclomaticComplexity="0" nPathComplexity="0" sequenceCoverage="100.0" branchCoverage="0" crapScore="0" isConstructor="false" isStatic="false" isGetter="false" isSetter="false">
              <Summary numSequencePoints="6" visitedSequencePoints="6" numBranchPoints="0" visitedBranchPoints="0" sequenceCoverage="100.0" branchCoverage="0" maxCyclomaticComplexity="0" minCyclomaticComplexity="0" maxCrapScore="0" minCrapScore="0" visitedClasses="0" numClasses="0" visitedMethods="1" numMethods="1" />
              <MetadataToken>100663446</MetadataToken>
              <Name>System.Boolean ServiceProvider::RemoveService[ServiceType]()</Name>
              <FileRef uid="26" />
              <SequencePoints>
                <SequencePoint vc="3" uspid="1605" ordinal="0" offset="0" sl="36" sc="0" el="36" ec="0" bec="0" bev="0" fileid="26" />
                <SequencePoint vc="3" uspid="1606" ordinal="0" offset="1" sl="37" sc="0" el="37" ec="0" bec="0" bev="0" fileid="26" />
                <SequencePoint vc="2" uspid="1607" ordinal="0" offset="29" sl="38" sc="0" el="38" ec="0" bec="0" bev="0" fileid="26" />
                <SequencePoint vc="2" uspid="1608" ordinal="0" offset="30" sl="39" sc="0" el="39" ec="0" bec="0" bev="0" fileid="26" />
                <SequencePoint vc="1" uspid="1609" ordinal="0" offset="36" sl="41" sc="0" el="41" ec="0" bec="0" bev="0" fileid="26" />
                <SequencePoint vc="1" uspid="1610" ordinal="0" offset="60" sl="42" sc="0" el="42" ec="0" bec="0" bev="0" fileid="26" />
              </SequencePoints>
              <BranchPoints />
            </Method>
            <Method visited="true" cyclomaticComplexity="0" nPathComplexity="0" sequenceCoverage="100.0" branchCoverage="0" crapScore="0" isConstructor="false" isStatic="false" isGetter="false" isSetter="false">
              <Summary numSequencePoints="3" visitedSequencePoints="3" numBranchPoints="0" visitedBranchPoints="0" sequenceCoverage="100.0" branchCoverage="0" maxCyclomaticComplexity="0" minCyclomaticComplexity="0" maxCrapScore="0" minCrapScore="0" visitedClasses="0" numClasses="0" visitedMethods="1" numMethods="1" />
              <MetadataToken>100663447</MetadataToken>
              <Name>System.Boolean ServiceProvider::ContainsService[ServiceType]()</Name>
              <FileRef uid="26" />
              <SequencePoints>
                <SequencePoint vc="2" uspid="1611" ordinal="0" offset="0" sl="45" sc="0" el="45" ec="0" bec="0" bev="0" fileid="26" />
                <SequencePoint vc="2" uspid="1612" ordinal="0" offset="1" sl="46" sc="0" el="46" ec="0" bec="0" bev="0" fileid="26" />
                <SequencePoint vc="2" uspid="1613" ordinal="0" offset="25" sl="47" sc="0" el="47" ec="0" bec="0" bev="0" fileid="26" />
              </SequencePoints>
              <BranchPoints />
            </Method>
            <Method visited="true" cyclomaticComplexity="0" nPathComplexity="0" sequenceCoverage="100.0" branchCoverage="0" crapScore="0" isConstructor="false" isStatic="false" isGetter="false" isSetter="false">
              <Summary numSequencePoints="3" visitedSequencePoints="3" numBranchPoints="0" visitedBranchPoints="0" sequenceCoverage="100.0" branchCoverage="0" maxCyclomaticComplexity="0" minCyclomaticComplexity="0" maxCrapScore="0" minCrapScore="0" visitedClasses="0" numClasses="0" visitedMethods="1" numMethods="1" />
              <MetadataToken>100663448</MetadataToken>
              <Name>ServiceType ServiceProvider::GetService[ServiceType]()</Name>
              <FileRef uid="26" />
              <SequencePoints>
                <SequencePoint vc="139" uspid="1614" ordinal="0" offset="0" sl="50" sc="0" el="50" ec="0" bec="0" bev="0" fileid="26" />
                <SequencePoint vc="139" uspid="1615" ordinal="0" offset="1" sl="51" sc="0" el="51" ec="0" bec="0" bev="0" fileid="26" />
                <SequencePoint vc="133" uspid="1616" ordinal="0" offset="35" sl="52" sc="0" el="52" ec="0" bec="0" bev="0" fileid="26" />
              </SequencePoints>
              <BranchPoints />
            </Method>
            <Method visited="true" cyclomaticComplexity="0" nPathComplexity="0" sequenceCoverage="100.0" branchCoverage="0" crapScore="0" isConstructor="false" isStatic="false" isGetter="false" isSetter="false">
              <Summary numSequencePoints="3" visitedSequencePoints="3" numBranchPoints="0" visitedBranchPoints="0" sequenceCoverage="100.0" branchCoverage="0" maxCyclomaticComplexity="0" minCyclomaticComplexity="0" maxCrapScore="0" minCrapScore="0" visitedClasses="0" numClasses="0" visitedMethods="1" numMethods="1" />
              <MetadataToken>100663449</MetadataToken>
              <Name>System.Void ServiceProvider::ClearAllServices()</Name>
              <FileRef uid="26" />
              <SequencePoints>
                <SequencePoint vc="2" uspid="1617" ordinal="0" offset="0" sl="55" sc="5" el="55" ec="5" bec="0" bev="0" fileid="26" />
                <SequencePoint vc="2" uspid="1618" ordinal="0" offset="1" sl="56" sc="9" el="56" ec="9" bec="0" bev="0" fileid="26" />
                <SequencePoint vc="2" uspid="1619" ordinal="0" offset="13" sl="57" sc="5" el="57" ec="5" bec="0" bev="0" fileid="26" />
              </SequencePoints>
              <BranchPoints />
            </Method>
            <Method visited="true" cyclomaticComplexity="0" nPathComplexity="0" sequenceCoverage="100.0" branchCoverage="0" crapScore="0" isConstructor="false" isStatic="false" isGetter="false" isSetter="false">
              <Summary numSequencePoints="20" visitedSequencePoints="20" numBranchPoints="0" visitedBranchPoints="0" sequenceCoverage="100.0" branchCoverage="0" maxCyclomaticComplexity="0" minCyclomaticComplexity="0" maxCrapScore="0" minCrapScore="0" visitedClasses="0" numClasses="0" visitedMethods="1" numMethods="1" />
              <MetadataToken>100663450</MetadataToken>
              <Name>System.Void ServiceProvider::ClearAllNonPersitanceServices()</Name>
              <FileRef uid="26" />
              <SequencePoints>
                <SequencePoint vc="1" uspid="1620" ordinal="0" offset="0" sl="60" sc="5" el="60" ec="5" bec="0" bev="0" fileid="26" />
                <SequencePoint vc="1" uspid="1621" ordinal="0" offset="1" sl="61" sc="9" el="61" ec="9" bec="0" bev="0" fileid="26" />
                <SequencePoint vc="1" uspid="1622" ordinal="0" offset="7" sl="62" sc="9" el="62" ec="9" bec="0" bev="0" fileid="26" />
                <SequencePoint vc="1" uspid="1623" ordinal="0" offset="8" sl="62" sc="58" el="62" ec="58" bec="0" bev="0" fileid="26" />
                <SequencePoint vc="2" uspid="1624" ordinal="0" offset="22" sl="62" sc="18" el="62" ec="18" bec="0" bev="0" fileid="26" />
                <SequencePoint vc="2" uspid="1625" ordinal="0" offset="30" sl="63" sc="9" el="63" ec="9" bec="0" bev="0" fileid="26" />
                <SequencePoint vc="2" uspid="1626" ordinal="0" offset="31" sl="64" sc="13" el="64" ec="13" bec="0" bev="0" fileid="26" />
                <SequencePoint vc="1" uspid="1627" ordinal="0" offset="50" sl="65" sc="13" el="65" ec="13" bec="0" bev="0" fileid="26" />
                <SequencePoint vc="1" uspid="1628" ordinal="0" offset="51" sl="66" sc="17" el="66" ec="17" bec="0" bev="0" fileid="26" />
                <SequencePoint vc="1" uspid="1629" ordinal="0" offset="65" sl="67" sc="13" el="67" ec="13" bec="0" bev="0" fileid="26" />
                <SequencePoint vc="2" uspid="1630" ordinal="0" offset="66" sl="68" sc="9" el="68" ec="9" bec="0" bev="0" fileid="26" />
                <SequencePoint vc="3" uspid="1631" ordinal="0" offset="67" sl="62" sc="55" el="62" ec="55" bec="0" bev="0" fileid="26" />
                <SequencePoint vc="1" uspid="1632" ordinal="0" offset="93" sl="69" sc="9" el="69" ec="9" bec="0" bev="0" fileid="26" />
                <SequencePoint vc="1" uspid="1633" ordinal="0" offset="94" sl="69" sc="38" el="69" ec="38" bec="0" bev="0" fileid="26" />
                <SequencePoint vc="1" uspid="1634" ordinal="0" offset="104" sl="69" sc="18" el="69" ec="18" bec="0" bev="0" fileid="26" />
                <SequencePoint vc="1" uspid="1635" ordinal="0" offset="113" sl="70" sc="9" el="70" ec="9" bec="0" bev="0" fileid="26" />
                <SequencePoint vc="1" uspid="1636" ordinal="0" offset="114" sl="71" sc="13" el="71" ec="13" bec="0" bev="0" fileid="26" />
                <SequencePoint vc="1" uspid="1637" ordinal="0" offset="128" sl="72" sc="9" el="72" ec="9" bec="0" bev="0" fileid="26" />
                <SequencePoint vc="2" uspid="1638" ordinal="0" offset="129" sl="69" sc="35" el="69" ec="35" bec="0" bev="0" fileid="26" />
                <SequencePoint vc="1" uspid="1639" ordinal="0" offset="155" sl="73" sc="5" el="73" ec="5" bec="0" bev="0" fileid="26" />
              </SequencePoints>
              <BranchPoints />
            </Method>
            <Method visited="true" cyclomaticComplexity="0" nPathComplexity="0" sequenceCoverage="100.0" branchCoverage="0" crapScore="0" isConstructor="true" isStatic="false" isGetter="false" isSetter="false">
              <Summary numSequencePoints="4" visitedSequencePoints="4" numBranchPoints="0" visitedBranchPoints="0" sequenceCoverage="100.0" branchCoverage="0" maxCyclomaticComplexity="0" minCyclomaticComplexity="0" maxCrapScore="0" minCrapScore="0" visitedClasses="0" numClasses="0" visitedMethods="1" numMethods="1" />
              <MetadataToken>100663443</MetadataToken>
              <Name>ServiceProvider::ServiceProvider()</Name>
              <FileRef uid="26" />
              <SequencePoints>
                <SequencePoint vc="11" uspid="1640" ordinal="0" offset="0" sl="22" sc="5" el="22" ec="5" bec="0" bev="0" fileid="26" />
                <SequencePoint vc="11" uspid="1641" ordinal="0" offset="11" sl="23" sc="5" el="23" ec="5" bec="0" bev="0" fileid="26" />
                <SequencePoint vc="11" uspid="1642" ordinal="0" offset="18" sl="23" sc="31" el="23" ec="31" bec="0" bev="0" fileid="26" />
                <SequencePoint vc="11" uspid="1643" ordinal="0" offset="19" sl="23" sc="33" el="23" ec="33" bec="0" bev="0" fileid="26" />
              </SequencePoints>
              <BranchPoints />
            </Method>
          </Methods>
        </Class>
        <Class>
          <Summary numSequencePoints="27" visitedSequencePoints="27" numBranchPoints="0" visitedBranchPoints="0" sequenceCoverage="100.0" branchCoverage="0.0" maxCyclomaticComplexity="0" minCyclomaticComplexity="0" maxCrapScore="0" minCrapScore="0" visitedClasses="1" numClasses="1" visitedMethods="4" numMethods="4" />
          <FullName>TaskScheduler</FullName>
          <Methods>
            <Method visited="true" cyclomaticComplexity="0" nPathComplexity="0" sequenceCoverage="100.0" branchCoverage="0" crapScore="0" isConstructor="false" isStatic="false" isGetter="false" isSetter="false">
              <Summary numSequencePoints="6" visitedSequencePoints="6" numBranchPoints="0" visitedBranchPoints="0" sequenceCoverage="100.0" branchCoverage="0" maxCyclomaticComplexity="0" minCyclomaticComplexity="0" maxCrapScore="0" minCrapScore="0" visitedClasses="0" numClasses="0" visitedMethods="1" numMethods="1" />
              <MetadataToken>100663452</MetadataToken>
              <Name>System.Void TaskScheduler::Schedule(System.Action, System.Single)</Name>
              <FileRef uid="27" />
              <SequencePoints>
                <SequencePoint vc="22" uspid="1644" ordinal="0" offset="0" sl="26" sc="5" el="26" ec="5" bec="0" bev="0" fileid="27" />
                <SequencePoint vc="22" uspid="1645" ordinal="0" offset="1" sl="27" sc="9" el="27" ec="9" bec="0" bev="0" fileid="27" />
                <SequencePoint vc="21" uspid="1646" ordinal="0" offset="16" sl="28" sc="9" el="28" ec="9" bec="0" bev="0" fileid="27" />
                <SequencePoint vc="21" uspid="1647" ordinal="0" offset="17" sl="29" sc="13" el="29" ec="13" bec="0" bev="0" fileid="27" />
                <SequencePoint vc="21" uspid="1648" ordinal="0" offset="36" sl="30" sc="9" el="30" ec="9" bec="0" bev="0" fileid="27" />
                <SequencePoint vc="22" uspid="1649" ordinal="0" offset="37" sl="31" sc="5" el="31" ec="5" bec="0" bev="0" fileid="27" />
              </SequencePoints>
              <BranchPoints />
            </Method>
            <Method visited="true" cyclomaticComplexity="0" nPathComplexity="0" sequenceCoverage="100.0" branchCoverage="0" crapScore="0" isConstructor="false" isStatic="false" isGetter="false" isSetter="false">
              <Summary numSequencePoints="14" visitedSequencePoints="14" numBranchPoints="0" visitedBranchPoints="0" sequenceCoverage="100.0" branchCoverage="0" maxCyclomaticComplexity="0" minCyclomaticComplexity="0" maxCrapScore="0" minCrapScore="0" visitedClasses="0" numClasses="0" visitedMethods="1" numMethods="1" />
              <MetadataToken>100663453</MetadataToken>
              <Name>System.Void TaskScheduler::Tick(System.Single)</Name>
              <FileRef uid="27" />
              <SequencePoints>
                <SequencePoint vc="12" uspid="1650" ordinal="0" offset="0" sl="34" sc="5" el="34" ec="5" bec="0" bev="0" fileid="27" />
                <SequencePoint vc="12" uspid="1651" ordinal="0" offset="1" sl="35" sc="14" el="35" ec="14" bec="0" bev="0" fileid="27" />
                <SequencePoint vc="18" uspid="1652" ordinal="0" offset="17" sl="36" sc="9" el="36" ec="9" bec="0" bev="0" fileid="27" />
                <SequencePoint vc="18" uspid="1653" ordinal="0" offset="18" sl="37" sc="13" el="37" ec="13" bec="0" bev="0" fileid="27" />
                <SequencePoint vc="18" uspid="1654" ordinal="0" offset="31" sl="38" sc="13" el="38" ec="13" bec="0" bev="0" fileid="27" />
                <SequencePoint vc="18" uspid="1655" ordinal="0" offset="45" sl="39" sc="13" el="39" ec="13" bec="0" bev="0" fileid="27" />
                <SequencePoint vc="10" uspid="1656" ordinal="0" offset="65" sl="40" sc="13" el="40" ec="13" bec="0" bev="0" fileid="27" />
                <SequencePoint vc="10" uspid="1657" ordinal="0" offset="66" sl="41" sc="17" el="41" ec="17" bec="0" bev="0" fileid="27" />
                <SequencePoint vc="10" uspid="1658" ordinal="0" offset="79" sl="42" sc="17" el="42" ec="17" bec="0" bev="0" fileid="27" />
                <SequencePoint vc="10" uspid="1659" ordinal="0" offset="91" sl="43" sc="13" el="43" ec="13" bec="0" bev="0" fileid="27" />
                <SequencePoint vc="18" uspid="1660" ordinal="0" offset="92" sl="44" sc="9" el="44" ec="9" bec="0" bev="0" fileid="27" />
                <SequencePoint vc="18" uspid="1661" ordinal="0" offset="93" sl="35" sc="56" el="35" ec="56" bec="0" bev="0" fileid="27" />
                <SequencePoint vc="30" uspid="1662" ordinal="0" offset="97" sl="35" sc="48" el="35" ec="48" bec="0" bev="0" fileid="27" />
                <SequencePoint vc="12" uspid="1663" ordinal="0" offset="108" sl="45" sc="5" el="45" ec="5" bec="0" bev="0" fileid="27" />
              </SequencePoints>
              <BranchPoints />
            </Method>
            <Method visited="true" cyclomaticComplexity="0" nPathComplexity="0" sequenceCoverage="100.0" branchCoverage="0" crapScore="0" isConstructor="false" isStatic="false" isGetter="false" isSetter="false">
              <Summary numSequencePoints="3" visitedSequencePoints="3" numBranchPoints="0" visitedBranchPoints="0" sequenceCoverage="100.0" branchCoverage="0" maxCyclomaticComplexity="0" minCyclomaticComplexity="0" maxCrapScore="0" minCrapScore="0" visitedClasses="0" numClasses="0" visitedMethods="1" numMethods="1" />
              <MetadataToken>100663454</MetadataToken>
              <Name>System.Void TaskScheduler::Clear()</Name>
              <FileRef uid="27" />
              <SequencePoints>
                <SequencePoint vc="1" uspid="1664" ordinal="0" offset="0" sl="48" sc="5" el="48" ec="5" bec="0" bev="0" fileid="27" />
                <SequencePoint vc="1" uspid="1665" ordinal="0" offset="1" sl="49" sc="9" el="49" ec="9" bec="0" bev="0" fileid="27" />
                <SequencePoint vc="1" uspid="1666" ordinal="0" offset="13" sl="50" sc="5" el="50" ec="5" bec="0" bev="0" fileid="27" />
              </SequencePoints>
              <BranchPoints />
            </Method>
            <Method visited="true" cyclomaticComplexity="0" nPathComplexity="0" sequenceCoverage="100.0" branchCoverage="0" crapScore="0" isConstructor="true" isStatic="false" isGetter="false" isSetter="false">
              <Summary numSequencePoints="4" visitedSequencePoints="4" numBranchPoints="0" visitedBranchPoints="0" sequenceCoverage="100.0" branchCoverage="0" maxCyclomaticComplexity="0" minCyclomaticComplexity="0" maxCrapScore="0" minCrapScore="0" visitedClasses="0" numClasses="0" visitedMethods="1" numMethods="1" />
              <MetadataToken>100663451</MetadataToken>
              <Name>TaskScheduler::TaskScheduler()</Name>
              <FileRef uid="27" />
              <SequencePoints>
                <SequencePoint vc="12" uspid="1667" ordinal="0" offset="0" sl="20" sc="5" el="20" ec="5" bec="0" bev="0" fileid="27" />
                <SequencePoint vc="12" uspid="1668" ordinal="0" offset="7" sl="21" sc="5" el="21" ec="5" bec="0" bev="0" fileid="27" />
                <SequencePoint vc="12" uspid="1669" ordinal="0" offset="8" sl="22" sc="9" el="22" ec="9" bec="0" bev="0" fileid="27" />
                <SequencePoint vc="12" uspid="1670" ordinal="0" offset="19" sl="23" sc="5" el="23" ec="5" bec="0" bev="0" fileid="27" />
              </SequencePoints>
              <BranchPoints />
            </Method>
          </Methods>
        </Class>
        <Class>
          <Summary numSequencePoints="5" visitedSequencePoints="5" numBranchPoints="0" visitedBranchPoints="0" sequenceCoverage="100.0" branchCoverage="0.0" maxCyclomaticComplexity="0" minCyclomaticComplexity="0" maxCrapScore="0" minCrapScore="0" visitedClasses="1" numClasses="1" visitedMethods="1" numMethods="1" />
          <FullName>TaskScheduler/ScheduledCall</FullName>
          <Methods>
            <Method visited="true" cyclomaticComplexity="0" nPathComplexity="0" sequenceCoverage="100.0" branchCoverage="0" crapScore="0" isConstructor="true" isStatic="false" isGetter="false" isSetter="false">
              <Summary numSequencePoints="5" visitedSequencePoints="5" numBranchPoints="0" visitedBranchPoints="0" sequenceCoverage="100.0" branchCoverage="0" maxCyclomaticComplexity="0" minCyclomaticComplexity="0" maxCrapScore="0" minCrapScore="0" visitedClasses="0" numClasses="0" visitedMethods="1" numMethods="1" />
              <MetadataToken>100663475</MetadataToken>
              <Name>TaskScheduler/ScheduledCall::ScheduledCall(System.Action, System.Single)</Name>
              <FileRef uid="27" />
              <SequencePoints>
                <SequencePoint vc="21" uspid="1694" ordinal="0" offset="0" sl="11" sc="9" el="11" ec="9" bec="0" bev="0" fileid="27" />
                <SequencePoint vc="21" uspid="1695" ordinal="0" offset="7" sl="12" sc="9" el="12" ec="9" bec="0" bev="0" fileid="27" />
                <SequencePoint vc="21" uspid="1696" ordinal="0" offset="8" sl="13" sc="13" el="13" ec="13" bec="0" bev="0" fileid="27" />
                <SequencePoint vc="21" uspid="1697" ordinal="0" offset="15" sl="14" sc="13" el="14" ec="13" bec="0" bev="0" fileid="27" />
                <SequencePoint vc="21" uspid="1698" ordinal="0" offset="22" sl="15" sc="9" el="15" ec="9" bec="0" bev="0" fileid="27" />
              </SequencePoints>
              <BranchPoints />
            </Method>
          </Methods>
        </Class>
      </Classes>
    </Module>
  </Modules>
</CoverageSession>